<?xml version="1.0" encoding="utf-8"?>
<CoverageSession xmlns:xsd="http://www.w3.org/2001/XMLSchema" xmlns:xsi="http://www.w3.org/2001/XMLSchema-instance">
  <Summary numSequencePoints="721" visitedSequencePoints="231" numBranchPoints="156" visitedBranchPoints="46" sequenceCoverage="32.04" branchCoverage="29.49" maxCyclomaticComplexity="53" minCyclomaticComplexity="0" visitedClasses="4" numClasses="8" visitedMethods="24" numMethods="52" />
  <Modules>
    <Module skippedDueTo="Filter" hash="BF-28-9B-3B-C5-7D-C7-D1-07-71-BB-99-2D-BC-03-1D-F2-8B-1A-68">
      <ModulePath>C:\WINDOWS\assembly\GAC_64\mscorlib\2.0.0.0__b77a5c561934e089\mscorlib.dll</ModulePath>
      <ModuleTime>2018-05-15T14:41:55.040632Z</ModuleTime>
      <ModuleName>mscorlib</ModuleName>
      <Classes />
    </Module>
    <Module skippedDueTo="Filter" hash="F9-04-A8-31-CD-FB-23-72-95-63-5D-14-9A-A0-66-8E-7F-44-93-7A">
      <ModulePath>C:\WINDOWS\assembly\GAC_64\mscorlib\2.0.0.0__b77a5c561934e089\sorttbls.nlp</ModulePath>
      <ModuleTime>2018-05-15T14:41:54.7622606Z</ModuleTime>
      <ModuleName>mscorlib</ModuleName>
      <Classes />
    </Module>
    <Module skippedDueTo="Filter" hash="6E-30-2E-50-36-FB-60-2C-8E-50-C0-83-54-8B-CC-EA-A8-91-B6-CC">
      <ModulePath>C:\WINDOWS\assembly\GAC_64\mscorlib\2.0.0.0__b77a5c561934e089\sortkey.nlp</ModulePath>
      <ModuleTime>2018-05-15T14:41:55.2619706Z</ModuleTime>
      <ModuleName>mscorlib</ModuleName>
      <Classes />
    </Module>
    <Module skippedDueTo="MissingPdb" hash="9F-C3-2E-51-B5-EB-69-B9-60-21-42-1F-17-25-12-07-16-11-20-50">
      <ModulePath>C:\Users\Serlok\source\repos\RES_AMI_pr39pr138\NUnit-2.6.4\NUnit-2.6.4\bin\nunit-console.exe</ModulePath>
      <ModuleTime>2014-12-16T19:26:02Z</ModuleTime>
      <ModuleName>nunit-console</ModuleName>
      <Classes />
    </Module>
    <Module skippedDueTo="MissingPdb" hash="F2-ED-FF-09-01-C9-D7-BC-29-AC-A6-93-C5-97-8A-0D-43-DD-8D-F2">
      <ModulePath>C:\Users\Serlok\source\repos\RES_AMI_pr39pr138\NUnit-2.6.4\NUnit-2.6.4\bin\lib\nunit-console-runner.dll</ModulePath>
      <ModuleTime>2014-12-16T19:26:02Z</ModuleTime>
      <ModuleName>nunit-console-runner</ModuleName>
      <Classes />
    </Module>
    <Module skippedDueTo="MissingPdb" hash="36-B9-FF-C0-07-EA-59-4D-23-2E-FD-CD-5A-45-CF-C0-2C-42-2A-98">
      <ModulePath>C:\Users\Serlok\source\repos\RES_AMI_pr39pr138\NUnit-2.6.4\NUnit-2.6.4\bin\lib\nunit.core.dll</ModulePath>
      <ModuleTime>2014-12-16T19:26:00Z</ModuleTime>
      <ModuleName>nunit.core</ModuleName>
      <Classes />
    </Module>
    <Module skippedDueTo="MissingPdb" hash="14-C3-4B-3E-39-7A-EE-C0-B9-2F-83-44-2F-04-8A-F7-48-7B-67-DE">
      <ModulePath>C:\Users\Serlok\source\repos\RES_AMI_pr39pr138\NUnit-2.6.4\NUnit-2.6.4\bin\lib\nunit.util.dll</ModulePath>
      <ModuleTime>2014-12-16T19:26:00Z</ModuleTime>
      <ModuleName>nunit.util</ModuleName>
      <Classes />
    </Module>
    <Module skippedDueTo="MissingPdb" hash="5E-95-A6-AD-88-48-98-B1-62-7F-4E-5A-C1-0E-F3-B7-85-56-44-E8">
      <ModulePath>C:\Users\Serlok\source\repos\RES_AMI_pr39pr138\NUnit-2.6.4\NUnit-2.6.4\bin\lib\nunit.core.interfaces.dll</ModulePath>
      <ModuleTime>2014-12-16T19:25:58Z</ModuleTime>
      <ModuleName>nunit.core.interfaces</ModuleName>
      <Classes />
    </Module>
    <Module skippedDueTo="Filter" hash="D5-2D-35-25-83-75-E1-FF-01-5D-9D-43-90-C4-A9-A2-2F-9A-37-67">
      <ModulePath>C:\WINDOWS\assembly\GAC_MSIL\System.Configuration\2.0.0.0__b03f5f7f11d50a3a\System.Configuration.dll</ModulePath>
      <ModuleTime>2018-05-15T14:42:11.4088203Z</ModuleTime>
      <ModuleName>System.Configuration</ModuleName>
      <Classes />
    </Module>
    <Module skippedDueTo="Filter" hash="72-48-69-73-DF-87-CA-7D-18-9B-C2-4C-BE-8F-AC-E9-69-29-7F-9E">
      <ModulePath>C:\WINDOWS\assembly\GAC_MSIL\System\2.0.0.0__b77a5c561934e089\System.dll</ModulePath>
      <ModuleTime>2018-05-15T14:42:20.5031551Z</ModuleTime>
      <ModuleName>System</ModuleName>
      <Classes />
    </Module>
    <Module skippedDueTo="Filter" hash="7B-D1-22-5B-7B-A7-FE-8B-DA-9A-45-CC-F9-72-CF-A3-7D-28-1B-FF">
      <ModulePath>C:\WINDOWS\assembly\GAC_MSIL\System.Xml\2.0.0.0__b77a5c561934e089\System.Xml.dll</ModulePath>
      <ModuleTime>2018-05-15T14:42:13.588392Z</ModuleTime>
      <ModuleName>System.Xml</ModuleName>
      <Classes />
    </Module>
    <Module skippedDueTo="Filter" hash="52-D9-3C-F8-7B-3B-11-89-F1-EA-BF-2B-83-43-2C-E5-9B-45-9E-BC">
      <ModulePath>C:\WINDOWS\assembly\GAC_MSIL\System.Runtime.Remoting\2.0.0.0__b77a5c561934e089\System.Runtime.Remoting.dll</ModulePath>
      <ModuleTime>2018-05-15T14:42:13.4606049Z</ModuleTime>
      <ModuleName>System.Runtime.Remoting</ModuleName>
      <Classes />
    </Module>
    <Module skippedDueTo="Filter" hash="56-94-C2-0F-42-5D-5D-2E-6C-FA-34-9A-67-1D-9A-C3-A0-C6-E1-CE">
      <ModulePath>C:\WINDOWS\Microsoft.Net\assembly\GAC_64\mscorlib\v4.0_4.0.0.0__b77a5c561934e089\mscorlib.dll</ModulePath>
      <ModuleTime>2018-05-15T15:09:38.322584Z</ModuleTime>
      <ModuleName>mscorlib</ModuleName>
      <Classes />
    </Module>
    <Module skippedDueTo="MissingPdb" hash="E8-07-A4-A1-06-33-5B-A6-17-CF-DC-6F-28-47-58-85-D6-9F-6B-46">
      <ModulePath>C:\Users\Serlok\source\repos\RES_AMI_pr39pr138\NUnit-2.6.4\NUnit-2.6.4\bin\nunit-agent.exe</ModulePath>
      <ModuleTime>2014-12-16T19:26:02Z</ModuleTime>
      <ModuleName>nunit-agent</ModuleName>
      <Classes />
    </Module>
    <Module skippedDueTo="MissingPdb" hash="36-B9-FF-C0-07-EA-59-4D-23-2E-FD-CD-5A-45-CF-C0-2C-42-2A-98">
      <ModulePath>C:\Users\Serlok\source\repos\RES_AMI_pr39pr138\NUnit-2.6.4\NUnit-2.6.4\bin\lib\nunit.core.dll</ModulePath>
      <ModuleTime>2014-12-16T19:26:00Z</ModuleTime>
      <ModuleName>nunit.core</ModuleName>
      <Classes />
    </Module>
    <Module skippedDueTo="MissingPdb" hash="14-C3-4B-3E-39-7A-EE-C0-B9-2F-83-44-2F-04-8A-F7-48-7B-67-DE">
      <ModulePath>C:\Users\Serlok\source\repos\RES_AMI_pr39pr138\NUnit-2.6.4\NUnit-2.6.4\bin\lib\nunit.util.dll</ModulePath>
      <ModuleTime>2014-12-16T19:26:00Z</ModuleTime>
      <ModuleName>nunit.util</ModuleName>
      <Classes />
    </Module>
    <Module skippedDueTo="MissingPdb" hash="5E-95-A6-AD-88-48-98-B1-62-7F-4E-5A-C1-0E-F3-B7-85-56-44-E8">
      <ModulePath>C:\Users\Serlok\source\repos\RES_AMI_pr39pr138\NUnit-2.6.4\NUnit-2.6.4\bin\lib\nunit.core.interfaces.dll</ModulePath>
      <ModuleTime>2014-12-16T19:25:58Z</ModuleTime>
      <ModuleName>nunit.core.interfaces</ModuleName>
      <Classes />
    </Module>
    <Module skippedDueTo="Filter" hash="25-EA-B4-E7-9E-31-63-5C-13-0D-58-D4-F5-C4-37-1D-82-C2-E8-77">
      <ModulePath>C:\WINDOWS\Microsoft.Net\assembly\GAC_MSIL\System\v4.0_4.0.0.0__b77a5c561934e089\System.dll</ModulePath>
      <ModuleTime>2018-04-11T23:35:18.1228576Z</ModuleTime>
      <ModuleName>System</ModuleName>
      <Classes />
    </Module>
    <Module skippedDueTo="Filter" hash="B5-2C-52-19-7F-DE-8E-1A-EE-7C-F3-4D-31-FC-77-A2-C4-49-EE-AB">
      <ModulePath>C:\WINDOWS\Microsoft.Net\assembly\GAC_MSIL\System.Runtime.Remoting\v4.0_4.0.0.0__b77a5c561934e089\System.Runtime.Remoting.dll</ModulePath>
      <ModuleTime>2018-04-11T23:35:17.0134Z</ModuleTime>
      <ModuleName>System.Runtime.Remoting</ModuleName>
      <Classes />
    </Module>
    <Module skippedDueTo="Filter" hash="2A-F4-1C-14-5D-7A-74-B3-03-8B-1D-2A-59-DC-B6-BE-1D-C8-EF-54">
      <ModulePath>C:\WINDOWS\Microsoft.Net\assembly\GAC_MSIL\System.Configuration\v4.0_4.0.0.0__b03f5f7f11d50a3a\System.Configuration.dll</ModulePath>
      <ModuleTime>2018-04-11T23:35:16.9508953Z</ModuleTime>
      <ModuleName>System.Configuration</ModuleName>
      <Classes />
    </Module>
    <Module skippedDueTo="Filter" hash="F2-26-5B-FA-55-E9-5B-BC-DD-3A-32-56-2C-38-71-11-1A-8E-6D-32">
      <ModulePath>C:\WINDOWS\Microsoft.Net\assembly\GAC_MSIL\System.Xml\v4.0_4.0.0.0__b77a5c561934e089\System.Xml.dll</ModulePath>
      <ModuleTime>2018-04-11T23:35:17.0290261Z</ModuleTime>
      <ModuleName>System.Xml</ModuleName>
      <Classes />
    </Module>
    <Module skippedDueTo="Filter" hash="35-5C-04-D6-33-85-E0-4A-62-3E-E5-BA-4A-CB-AB-05-79-D9-02-21">
      <ModulePath>C:\WINDOWS\Microsoft.Net\assembly\GAC_64\System.Web\v4.0_4.0.0.0__b03f5f7f11d50a3a\System.Web.dll</ModulePath>
      <ModuleTime>2018-04-11T23:35:15.6695494Z</ModuleTime>
      <ModuleName>System.Web</ModuleName>
      <Classes />
    </Module>
    <Module skippedDueTo="Filter" hash="5D-98-3D-00-86-C2-13-75-08-F8-BB-7C-57-A5-00-B7-89-45-A6-5B">
      <ModulePath>C:\WINDOWS\assembly\GAC_64\System.Web\2.0.0.0__b03f5f7f11d50a3a\System.Web.dll</ModulePath>
      <ModuleTime>2018-05-15T14:42:05.8546972Z</ModuleTime>
      <ModuleName>System.Web</ModuleName>
      <Classes />
    </Module>
    <Module skippedDueTo="MissingPdb" hash="36-B9-FF-C0-07-EA-59-4D-23-2E-FD-CD-5A-45-CF-C0-2C-42-2A-98">
      <ModulePath>C:\Users\Serlok\source\repos\RES_AMI_pr39pr138\NUnit-2.6.4\NUnit-2.6.4\bin\lib\nunit.core.dll</ModulePath>
      <ModuleTime>2014-12-16T19:26:00Z</ModuleTime>
      <ModuleName>nunit.core</ModuleName>
      <Classes />
    </Module>
    <Module skippedDueTo="Filter" hash="25-EA-B4-E7-9E-31-63-5C-13-0D-58-D4-F5-C4-37-1D-82-C2-E8-77">
      <ModulePath>C:\WINDOWS\Microsoft.Net\assembly\GAC_MSIL\System\v4.0_4.0.0.0__b77a5c561934e089\System.dll</ModulePath>
      <ModuleTime>2018-04-11T23:35:18.1228576Z</ModuleTime>
      <ModuleName>System</ModuleName>
      <Classes />
    </Module>
    <Module skippedDueTo="MissingPdb" hash="53-25-23-C6-63-70-35-C6-0C-82-04-1A-0A-BF-1A-E7-1F-EA-74-A3">
      <ModulePath>C:\Users\Serlok\source\repos\RES_AMI_pr39pr138\NUnit-2.6.4\NUnit-2.6.4\bin\pnunit.framework.dll</ModulePath>
      <ModuleTime>2014-12-16T19:26:02Z</ModuleTime>
      <ModuleName>pnunit.framework</ModuleName>
      <Classes />
    </Module>
    <Module skippedDueTo="MissingPdb" hash="21-69-E9-47-C6-F8-02-12-31-E6-18-DE-8E-43-24-C9-AB-F7-C2-BE">
      <ModulePath>C:\Users\Serlok\source\repos\RES_AMI_pr39pr138\NUnit-2.6.4\NUnit-2.6.4\bin\pnunit-agent.exe</ModulePath>
      <ModuleTime>2014-12-16T19:26:04Z</ModuleTime>
      <ModuleName>pnunit-agent</ModuleName>
      <Classes />
    </Module>
    <Module skippedDueTo="MissingPdb" hash="5E-95-A6-AD-88-48-98-B1-62-7F-4E-5A-C1-0E-F3-B7-85-56-44-E8">
      <ModulePath>C:\Users\Serlok\source\repos\RES_AMI_pr39pr138\NUnit-2.6.4\NUnit-2.6.4\bin\lib\nunit.core.interfaces.dll</ModulePath>
      <ModuleTime>2014-12-16T19:25:58Z</ModuleTime>
      <ModuleName>nunit.core.interfaces</ModuleName>
      <Classes />
    </Module>
    <Module hash="DB-68-1A-CF-12-05-A7-61-A3-9A-56-8B-C4-13-C3-1F-0F-76-8F-B1">
      <Summary numSequencePoints="65" visitedSequencePoints="65" numBranchPoints="13" visitedBranchPoints="13" sequenceCoverage="100" branchCoverage="100" maxCyclomaticComplexity="1" minCyclomaticComplexity="1" visitedClasses="2" numClasses="2" visitedMethods="13" numMethods="13" />
      <ModulePath>C:\Users\Serlok\source\repos\RES_AMI_pr39pr138\AMI_System_Management_Test\bin\Debug\AMI_System_Management_Test.dll</ModulePath>
      <ModuleTime>2018-06-04T16:27:38.9692274Z</ModuleTime>
      <ModuleName>AMI_System_Management_Test</ModuleName>
      <Files>
        <File uid="1" fullPath="C:\Users\Serlok\source\repos\RES_AMI_pr39pr138\AMI_System_Management_Test\AMISystem_Test.cs" />
        <File uid="2" fullPath="C:\Users\Serlok\source\repos\RES_AMI_pr39pr138\AMI_System_Management_Test\SystemDB_Test.cs" />
      </Files>
      <Classes>
        <Class>
          <Summary numSequencePoints="0" visitedSequencePoints="0" numBranchPoints="0" visitedBranchPoints="0" sequenceCoverage="0" branchCoverage="0" maxCyclomaticComplexity="0" minCyclomaticComplexity="0" visitedClasses="0" numClasses="0" visitedMethods="0" numMethods="0" />
          <FullName>&lt;Module&gt;</FullName>
          <Methods />
        </Class>
        <Class>
          <Summary numSequencePoints="25" visitedSequencePoints="25" numBranchPoints="4" visitedBranchPoints="4" sequenceCoverage="100" branchCoverage="100" maxCyclomaticComplexity="1" minCyclomaticComplexity="1" visitedClasses="1" numClasses="1" visitedMethods="4" numMethods="4" />
          <FullName>AMI_System_Management_Test.AMISystem_Test</FullName>
          <Methods>
            <Method visited="true" cyclomaticComplexity="1" nPathComplexity="0" sequenceCoverage="100" branchCoverage="100" isConstructor="false" isStatic="true" isGetter="false" isSetter="false">
              <Summary numSequencePoints="7" visitedSequencePoints="7" numBranchPoints="1" visitedBranchPoints="1" sequenceCoverage="100" branchCoverage="100" maxCyclomaticComplexity="1" minCyclomaticComplexity="1" visitedClasses="0" numClasses="0" visitedMethods="1" numMethods="1" />
              <MetadataToken>100663297</MetadataToken>
              <Name>System.Collections.Generic.IEnumerable`1&lt;System.Object[]&gt; AMI_System_Management_Test.AMISystem_Test::first()</Name>
              <FileRef uid="1" />
              <SequencePoints>
                <SequencePoint vc="1" uspid="1" ordinal="0" offset="0" sl="17" sc="9" el="17" ec="10" bec="0" bev="0" fileid="1" />
                <SequencePoint vc="1" uspid="2" ordinal="1" offset="1" sl="18" sc="13" el="21" ec="15" bec="0" bev="0" fileid="1" />
                <SequencePoint vc="1" uspid="3" ordinal="2" offset="19" sl="22" sc="13" el="25" ec="15" bec="0" bev="0" fileid="1" />
                <SequencePoint vc="1" uspid="4" ordinal="3" offset="38" sl="26" sc="13" el="32" ec="15" bec="0" bev="0" fileid="1" />
                <SequencePoint vc="1" uspid="5" ordinal="4" offset="160" sl="33" sc="13" el="36" ec="15" bec="0" bev="0" fileid="1" />
                <SequencePoint vc="1" uspid="6" ordinal="5" offset="179" sl="39" sc="13" el="39" ec="82" bec="0" bev="0" fileid="1" />
                <SequencePoint vc="1" uspid="7" ordinal="6" offset="214" sl="40" sc="9" el="40" ec="10" bec="0" bev="0" fileid="1" />
              </SequencePoints>
              <BranchPoints />
              <MethodPoint xsi:type="SequencePoint" vc="1" uspid="1" ordinal="0" offset="0" sl="17" sc="9" el="17" ec="10" bec="0" bev="0" fileid="1" />
            </Method>
            <Method visited="true" cyclomaticComplexity="1" nPathComplexity="0" sequenceCoverage="100" branchCoverage="100" isConstructor="false" isStatic="false" isGetter="false" isSetter="false">
              <Summary numSequencePoints="6" visitedSequencePoints="6" numBranchPoints="1" visitedBranchPoints="1" sequenceCoverage="100" branchCoverage="100" maxCyclomaticComplexity="1" minCyclomaticComplexity="1" visitedClasses="0" numClasses="0" visitedMethods="1" numMethods="1" />
              <MetadataToken>100663298</MetadataToken>
              <Name>System.Void AMI_System_Management_Test.AMISystem_Test::SendDataToSystemDataBase_BufferNotEmpty_ReturnsTrue(System.String,System.Collections.Generic.Dictionary`2&lt;System.String,System.Collections.Generic.List`1&lt;System.DateTime&gt;&gt;,System.Collections.Generic.Dictionary`2&lt;System.String,System.Collections.Generic.Dictionary`2&lt;Storage.TypeMeasurement,System.Collections.Generic.List`1&lt;System.Double&gt;&gt;&gt;)</Name>
              <FileRef uid="1" />
              <SequencePoints>
                <SequencePoint vc="1" uspid="8" ordinal="0" offset="0" sl="45" sc="9" el="45" ec="10" bec="0" bev="0" fileid="1" />
                <SequencePoint vc="1" uspid="9" ordinal="1" offset="1" sl="46" sc="13" el="46" ec="67" bec="0" bev="0" fileid="1" />
                <SequencePoint vc="1" uspid="10" ordinal="2" offset="7" sl="47" sc="13" el="47" ec="33" bec="0" bev="0" fileid="1" />
                <SequencePoint vc="1" uspid="11" ordinal="3" offset="9" sl="49" sc="13" el="49" ec="89" bec="0" bev="0" fileid="1" />
                <SequencePoint vc="1" uspid="12" ordinal="4" offset="19" sl="51" sc="13" el="51" ec="43" bec="0" bev="0" fileid="1" />
                <SequencePoint vc="1" uspid="13" ordinal="5" offset="37" sl="52" sc="9" el="52" ec="10" bec="0" bev="0" fileid="1" />
              </SequencePoints>
              <BranchPoints />
              <MethodPoint xsi:type="SequencePoint" vc="1" uspid="8" ordinal="0" offset="0" sl="45" sc="9" el="45" ec="10" bec="0" bev="0" fileid="1" />
            </Method>
            <Method visited="true" cyclomaticComplexity="1" nPathComplexity="0" sequenceCoverage="100" branchCoverage="100" isConstructor="false" isStatic="true" isGetter="false" isSetter="false">
              <Summary numSequencePoints="6" visitedSequencePoints="6" numBranchPoints="1" visitedBranchPoints="1" sequenceCoverage="100" branchCoverage="100" maxCyclomaticComplexity="1" minCyclomaticComplexity="1" visitedClasses="0" numClasses="0" visitedMethods="1" numMethods="1" />
              <MetadataToken>100663299</MetadataToken>
              <Name>System.Collections.Generic.IEnumerable`1&lt;System.Object[]&gt; AMI_System_Management_Test.AMISystem_Test::second()</Name>
              <FileRef uid="1" />
              <SequencePoints>
                <SequencePoint vc="1" uspid="14" ordinal="0" offset="0" sl="55" sc="9" el="55" ec="10" bec="0" bev="0" fileid="1" />
                <SequencePoint vc="1" uspid="15" ordinal="1" offset="1" sl="56" sc="13" el="59" ec="15" bec="0" bev="0" fileid="1" />
                <SequencePoint vc="1" uspid="16" ordinal="2" offset="19" sl="60" sc="13" el="63" ec="15" bec="0" bev="0" fileid="1" />
                <SequencePoint vc="1" uspid="17" ordinal="3" offset="38" sl="65" sc="13" el="65" ec="152" bec="0" bev="0" fileid="1" />
                <SequencePoint vc="1" uspid="18" ordinal="4" offset="44" sl="69" sc="13" el="69" ec="82" bec="0" bev="0" fileid="1" />
                <SequencePoint vc="1" uspid="19" ordinal="5" offset="78" sl="70" sc="9" el="70" ec="10" bec="0" bev="0" fileid="1" />
              </SequencePoints>
              <BranchPoints />
              <MethodPoint xsi:type="SequencePoint" vc="1" uspid="14" ordinal="0" offset="0" sl="55" sc="9" el="55" ec="10" bec="0" bev="0" fileid="1" />
            </Method>
            <Method visited="true" cyclomaticComplexity="1" nPathComplexity="0" sequenceCoverage="100" branchCoverage="100" isConstructor="false" isStatic="false" isGetter="false" isSetter="false">
              <Summary numSequencePoints="6" visitedSequencePoints="6" numBranchPoints="1" visitedBranchPoints="1" sequenceCoverage="100" branchCoverage="100" maxCyclomaticComplexity="1" minCyclomaticComplexity="1" visitedClasses="0" numClasses="0" visitedMethods="1" numMethods="1" />
              <MetadataToken>100663300</MetadataToken>
              <Name>System.Void AMI_System_Management_Test.AMISystem_Test::SendDataToSystemDataBase_BufferEmpty_ReturnsFalse(System.String,System.Collections.Generic.Dictionary`2&lt;System.String,System.Collections.Generic.List`1&lt;System.DateTime&gt;&gt;,System.Collections.Generic.Dictionary`2&lt;System.String,System.Collections.Generic.Dictionary`2&lt;Storage.TypeMeasurement,System.Collections.Generic.List`1&lt;System.Double&gt;&gt;&gt;)</Name>
              <FileRef uid="1" />
              <SequencePoints>
                <SequencePoint vc="1" uspid="20" ordinal="0" offset="0" sl="75" sc="9" el="75" ec="10" bec="0" bev="0" fileid="1" />
                <SequencePoint vc="1" uspid="21" ordinal="1" offset="1" sl="76" sc="13" el="76" ec="67" bec="0" bev="0" fileid="1" />
                <SequencePoint vc="1" uspid="22" ordinal="2" offset="7" sl="77" sc="13" el="77" ec="33" bec="0" bev="0" fileid="1" />
                <SequencePoint vc="1" uspid="23" ordinal="3" offset="9" sl="79" sc="13" el="79" ec="89" bec="0" bev="0" fileid="1" />
                <SequencePoint vc="1" uspid="24" ordinal="4" offset="19" sl="81" sc="13" el="81" ec="44" bec="0" bev="0" fileid="1" />
                <SequencePoint vc="1" uspid="25" ordinal="5" offset="37" sl="82" sc="9" el="82" ec="10" bec="0" bev="0" fileid="1" />
              </SequencePoints>
              <BranchPoints />
              <MethodPoint xsi:type="SequencePoint" vc="1" uspid="20" ordinal="0" offset="0" sl="75" sc="9" el="75" ec="10" bec="0" bev="0" fileid="1" />
            </Method>
            <Method visited="true" cyclomaticComplexity="1" nPathComplexity="0" sequenceCoverage="0" branchCoverage="0" isConstructor="true" isStatic="false" isGetter="false" isSetter="false">
              <Summary numSequencePoints="0" visitedSequencePoints="0" numBranchPoints="0" visitedBranchPoints="0" sequenceCoverage="0" branchCoverage="0" maxCyclomaticComplexity="1" minCyclomaticComplexity="1" visitedClasses="0" numClasses="0" visitedMethods="0" numMethods="0" />
              <MetadataToken>100663301</MetadataToken>
              <Name>System.Void AMI_System_Management_Test.AMISystem_Test::.ctor()</Name>
              <SequencePoints />
              <BranchPoints />
              <MethodPoint vc="1" uspid="26" ordinal="0" offset="0" />
            </Method>
          </Methods>
        </Class>
        <Class>
          <Summary numSequencePoints="40" visitedSequencePoints="40" numBranchPoints="9" visitedBranchPoints="9" sequenceCoverage="100" branchCoverage="100" maxCyclomaticComplexity="1" minCyclomaticComplexity="1" visitedClasses="1" numClasses="1" visitedMethods="9" numMethods="9" />
          <FullName>AMI_System_Management_Test.SystemDB_Test</FullName>
          <Methods>
            <Method visited="true" cyclomaticComplexity="1" nPathComplexity="0" sequenceCoverage="100" branchCoverage="100" isConstructor="false" isStatic="false" isGetter="false" isSetter="false">
              <Summary numSequencePoints="5" visitedSequencePoints="5" numBranchPoints="1" visitedBranchPoints="1" sequenceCoverage="100" branchCoverage="100" maxCyclomaticComplexity="1" minCyclomaticComplexity="1" visitedClasses="0" numClasses="0" visitedMethods="1" numMethods="1" />
              <MetadataToken>100663302</MetadataToken>
              <Name>System.Void AMI_System_Management_Test.SystemDB_Test::GetAllAgregatorsFromDataBase()</Name>
              <FileRef uid="2" />
              <SequencePoints>
                <SequencePoint vc="1" uspid="27" ordinal="0" offset="0" sl="17" sc="9" el="17" ec="10" bec="0" bev="0" fileid="2" />
                <SequencePoint vc="1" uspid="28" ordinal="1" offset="1" sl="18" sc="13" el="18" ec="42" bec="0" bev="0" fileid="2" />
                <SequencePoint vc="1" uspid="29" ordinal="2" offset="7" sl="20" sc="13" el="20" ec="67" bec="0" bev="0" fileid="2" />
                <SequencePoint vc="1" uspid="30" ordinal="3" offset="14" sl="22" sc="13" el="22" ec="47" bec="0" bev="0" fileid="2" />
                <SequencePoint vc="1" uspid="31" ordinal="4" offset="21" sl="23" sc="9" el="23" ec="10" bec="0" bev="0" fileid="2" />
              </SequencePoints>
              <BranchPoints />
              <MethodPoint xsi:type="SequencePoint" vc="1" uspid="27" ordinal="0" offset="0" sl="17" sc="9" el="17" ec="10" bec="0" bev="0" fileid="2" />
            </Method>
            <Method visited="true" cyclomaticComplexity="1" nPathComplexity="0" sequenceCoverage="100" branchCoverage="100" isConstructor="false" isStatic="false" isGetter="false" isSetter="false">
              <Summary numSequencePoints="5" visitedSequencePoints="5" numBranchPoints="1" visitedBranchPoints="1" sequenceCoverage="100" branchCoverage="100" maxCyclomaticComplexity="1" minCyclomaticComplexity="1" visitedClasses="0" numClasses="0" visitedMethods="1" numMethods="1" />
              <MetadataToken>100663303</MetadataToken>
              <Name>System.Void AMI_System_Management_Test.SystemDB_Test::GetAllDevicesFromDataBase()</Name>
              <FileRef uid="2" />
              <SequencePoints>
                <SequencePoint vc="1" uspid="32" ordinal="0" offset="0" sl="27" sc="9" el="27" ec="10" bec="0" bev="0" fileid="2" />
                <SequencePoint vc="1" uspid="33" ordinal="1" offset="1" sl="28" sc="13" el="28" ec="42" bec="0" bev="0" fileid="2" />
                <SequencePoint vc="1" uspid="34" ordinal="2" offset="7" sl="30" sc="13" el="30" ec="64" bec="0" bev="0" fileid="2" />
                <SequencePoint vc="1" uspid="35" ordinal="3" offset="14" sl="32" sc="13" el="32" ec="47" bec="0" bev="0" fileid="2" />
                <SequencePoint vc="1" uspid="36" ordinal="4" offset="21" sl="33" sc="9" el="33" ec="10" bec="0" bev="0" fileid="2" />
              </SequencePoints>
              <BranchPoints />
              <MethodPoint xsi:type="SequencePoint" vc="1" uspid="32" ordinal="0" offset="0" sl="27" sc="9" el="27" ec="10" bec="0" bev="0" fileid="2" />
            </Method>
            <Method visited="true" cyclomaticComplexity="1" nPathComplexity="0" sequenceCoverage="100" branchCoverage="100" isConstructor="false" isStatic="true" isGetter="false" isSetter="false">
              <Summary numSequencePoints="3" visitedSequencePoints="3" numBranchPoints="1" visitedBranchPoints="1" sequenceCoverage="100" branchCoverage="100" maxCyclomaticComplexity="1" minCyclomaticComplexity="1" visitedClasses="0" numClasses="0" visitedMethods="1" numMethods="1" />
              <MetadataToken>100663304</MetadataToken>
              <Name>System.Collections.Generic.IEnumerable`1&lt;System.Object[]&gt; AMI_System_Management_Test.SystemDB_Test::first()</Name>
              <FileRef uid="2" />
              <SequencePoints>
                <SequencePoint vc="1" uspid="37" ordinal="0" offset="0" sl="36" sc="9" el="36" ec="10" bec="0" bev="0" fileid="2" />
                <SequencePoint vc="1" uspid="38" ordinal="1" offset="1" sl="37" sc="13" el="37" ec="114" bec="0" bev="0" fileid="2" />
                <SequencePoint vc="1" uspid="39" ordinal="2" offset="58" sl="38" sc="9" el="38" ec="10" bec="0" bev="0" fileid="2" />
              </SequencePoints>
              <BranchPoints />
              <MethodPoint xsi:type="SequencePoint" vc="1" uspid="37" ordinal="0" offset="0" sl="36" sc="9" el="36" ec="10" bec="0" bev="0" fileid="2" />
            </Method>
            <Method visited="true" cyclomaticComplexity="1" nPathComplexity="0" sequenceCoverage="100" branchCoverage="100" isConstructor="false" isStatic="false" isGetter="false" isSetter="false">
              <Summary numSequencePoints="5" visitedSequencePoints="5" numBranchPoints="1" visitedBranchPoints="1" sequenceCoverage="100" branchCoverage="100" maxCyclomaticComplexity="1" minCyclomaticComplexity="1" visitedClasses="0" numClasses="0" visitedMethods="1" numMethods="1" />
              <MetadataToken>100663305</MetadataToken>
              <Name>System.Void AMI_System_Management_Test.SystemDB_Test::GetDatesAndValuesFromDataBase(System.String,System.String,System.DateTime)</Name>
              <FileRef uid="2" />
              <SequencePoints>
                <SequencePoint vc="1" uspid="40" ordinal="0" offset="0" sl="43" sc="9" el="43" ec="10" bec="0" bev="0" fileid="2" />
                <SequencePoint vc="1" uspid="41" ordinal="1" offset="1" sl="44" sc="13" el="44" ec="42" bec="0" bev="0" fileid="2" />
                <SequencePoint vc="1" uspid="42" ordinal="2" offset="7" sl="46" sc="13" el="46" ec="123" bec="0" bev="0" fileid="2" />
                <SequencePoint vc="1" uspid="43" ordinal="3" offset="17" sl="48" sc="13" el="48" ec="44" bec="0" bev="0" fileid="2" />
                <SequencePoint vc="1" uspid="44" ordinal="4" offset="24" sl="49" sc="9" el="49" ec="10" bec="0" bev="0" fileid="2" />
              </SequencePoints>
              <BranchPoints />
              <MethodPoint xsi:type="SequencePoint" vc="1" uspid="40" ordinal="0" offset="0" sl="43" sc="9" el="43" ec="10" bec="0" bev="0" fileid="2" />
            </Method>
            <Method visited="true" cyclomaticComplexity="1" nPathComplexity="0" sequenceCoverage="100" branchCoverage="100" isConstructor="false" isStatic="true" isGetter="false" isSetter="false">
              <Summary numSequencePoints="3" visitedSequencePoints="3" numBranchPoints="1" visitedBranchPoints="1" sequenceCoverage="100" branchCoverage="100" maxCyclomaticComplexity="1" minCyclomaticComplexity="1" visitedClasses="0" numClasses="0" visitedMethods="1" numMethods="1" />
              <MetadataToken>100663306</MetadataToken>
              <Name>System.Collections.Generic.IEnumerable`1&lt;System.Object[]&gt; AMI_System_Management_Test.SystemDB_Test::second()</Name>
              <FileRef uid="2" />
              <SequencePoints>
                <SequencePoint vc="1" uspid="45" ordinal="0" offset="0" sl="52" sc="9" el="52" ec="10" bec="0" bev="0" fileid="2" />
                <SequencePoint vc="1" uspid="46" ordinal="1" offset="1" sl="54" sc="13" el="54" ec="74" bec="0" bev="0" fileid="2" />
                <SequencePoint vc="1" uspid="47" ordinal="2" offset="40" sl="55" sc="9" el="55" ec="10" bec="0" bev="0" fileid="2" />
              </SequencePoints>
              <BranchPoints />
              <MethodPoint xsi:type="SequencePoint" vc="1" uspid="45" ordinal="0" offset="0" sl="52" sc="9" el="52" ec="10" bec="0" bev="0" fileid="2" />
            </Method>
            <Method visited="true" cyclomaticComplexity="1" nPathComplexity="0" sequenceCoverage="100" branchCoverage="100" isConstructor="false" isStatic="false" isGetter="false" isSetter="false">
              <Summary numSequencePoints="5" visitedSequencePoints="5" numBranchPoints="1" visitedBranchPoints="1" sequenceCoverage="100" branchCoverage="100" maxCyclomaticComplexity="1" minCyclomaticComplexity="1" visitedClasses="0" numClasses="0" visitedMethods="1" numMethods="1" />
              <MetadataToken>100663307</MetadataToken>
              <Name>System.Void AMI_System_Management_Test.SystemDB_Test::GetDatesAndValuesFromDataBase(System.String,System.DateTime)</Name>
              <FileRef uid="2" />
              <SequencePoints>
                <SequencePoint vc="1" uspid="48" ordinal="0" offset="0" sl="60" sc="9" el="60" ec="10" bec="0" bev="0" fileid="2" />
                <SequencePoint vc="1" uspid="49" ordinal="1" offset="1" sl="61" sc="13" el="61" ec="42" bec="0" bev="0" fileid="2" />
                <SequencePoint vc="1" uspid="50" ordinal="2" offset="7" sl="63" sc="13" el="63" ec="117" bec="0" bev="0" fileid="2" />
                <SequencePoint vc="1" uspid="51" ordinal="3" offset="16" sl="65" sc="13" el="65" ec="46" bec="0" bev="0" fileid="2" />
                <SequencePoint vc="1" uspid="52" ordinal="4" offset="23" sl="66" sc="9" el="66" ec="10" bec="0" bev="0" fileid="2" />
              </SequencePoints>
              <BranchPoints />
              <MethodPoint xsi:type="SequencePoint" vc="1" uspid="48" ordinal="0" offset="0" sl="60" sc="9" el="60" ec="10" bec="0" bev="0" fileid="2" />
            </Method>
            <Method visited="true" cyclomaticComplexity="1" nPathComplexity="0" sequenceCoverage="100" branchCoverage="100" isConstructor="false" isStatic="false" isGetter="false" isSetter="false">
              <Summary numSequencePoints="6" visitedSequencePoints="6" numBranchPoints="1" visitedBranchPoints="1" sequenceCoverage="100" branchCoverage="100" maxCyclomaticComplexity="1" minCyclomaticComplexity="1" visitedClasses="0" numClasses="0" visitedMethods="1" numMethods="1" />
              <MetadataToken>100663308</MetadataToken>
              <Name>System.Void AMI_System_Management_Test.SystemDB_Test::GetEarliesOrLatesttDateFromDatabase()</Name>
              <FileRef uid="2" />
              <SequencePoints>
                <SequencePoint vc="1" uspid="53" ordinal="0" offset="0" sl="70" sc="9" el="70" ec="10" bec="0" bev="0" fileid="2" />
                <SequencePoint vc="1" uspid="54" ordinal="1" offset="1" sl="71" sc="13" el="71" ec="42" bec="0" bev="0" fileid="2" />
                <SequencePoint vc="1" uspid="55" ordinal="2" offset="7" sl="72" sc="13" el="72" ec="42" bec="0" bev="0" fileid="2" />
                <SequencePoint vc="1" uspid="56" ordinal="3" offset="13" sl="74" sc="13" el="74" ec="83" bec="0" bev="0" fileid="2" />
                <SequencePoint vc="1" uspid="57" ordinal="4" offset="25" sl="76" sc="13" el="76" ec="47" bec="0" bev="0" fileid="2" />
                <SequencePoint vc="1" uspid="58" ordinal="5" offset="43" sl="77" sc="9" el="77" ec="10" bec="0" bev="0" fileid="2" />
              </SequencePoints>
              <BranchPoints />
              <MethodPoint xsi:type="SequencePoint" vc="1" uspid="53" ordinal="0" offset="0" sl="70" sc="9" el="70" ec="10" bec="0" bev="0" fileid="2" />
            </Method>
            <Method visited="true" cyclomaticComplexity="1" nPathComplexity="0" sequenceCoverage="100" branchCoverage="100" isConstructor="false" isStatic="true" isGetter="false" isSetter="false">
              <Summary numSequencePoints="3" visitedSequencePoints="3" numBranchPoints="1" visitedBranchPoints="1" sequenceCoverage="100" branchCoverage="100" maxCyclomaticComplexity="1" minCyclomaticComplexity="1" visitedClasses="0" numClasses="0" visitedMethods="1" numMethods="1" />
              <MetadataToken>100663309</MetadataToken>
              <Name>System.Collections.Generic.IEnumerable`1&lt;System.Object[]&gt; AMI_System_Management_Test.SystemDB_Test::third()</Name>
              <FileRef uid="2" />
              <SequencePoints>
                <SequencePoint vc="1" uspid="59" ordinal="0" offset="0" sl="80" sc="9" el="80" ec="10" bec="0" bev="0" fileid="2" />
                <SequencePoint vc="1" uspid="60" ordinal="1" offset="1" sl="82" sc="13" el="82" ec="116" bec="0" bev="0" fileid="2" />
                <SequencePoint vc="1" uspid="61" ordinal="2" offset="67" sl="83" sc="9" el="83" ec="10" bec="0" bev="0" fileid="2" />
              </SequencePoints>
              <BranchPoints />
              <MethodPoint xsi:type="SequencePoint" vc="1" uspid="59" ordinal="0" offset="0" sl="80" sc="9" el="80" ec="10" bec="0" bev="0" fileid="2" />
            </Method>
            <Method visited="true" cyclomaticComplexity="1" nPathComplexity="0" sequenceCoverage="100" branchCoverage="100" isConstructor="false" isStatic="false" isGetter="false" isSetter="false">
              <Summary numSequencePoints="5" visitedSequencePoints="5" numBranchPoints="1" visitedBranchPoints="1" sequenceCoverage="100" branchCoverage="100" maxCyclomaticComplexity="1" minCyclomaticComplexity="1" visitedClasses="0" numClasses="0" visitedMethods="1" numMethods="1" />
              <MetadataToken>100663310</MetadataToken>
              <Name>System.Void AMI_System_Management_Test.SystemDB_Test::GetValuesFromDatabase(System.String,System.String,System.DateTime,System.Int32&amp;)</Name>
              <FileRef uid="2" />
              <SequencePoints>
                <SequencePoint vc="1" uspid="62" ordinal="0" offset="0" sl="88" sc="9" el="88" ec="10" bec="0" bev="0" fileid="2" />
                <SequencePoint vc="1" uspid="63" ordinal="1" offset="1" sl="89" sc="13" el="89" ec="42" bec="0" bev="0" fileid="2" />
                <SequencePoint vc="1" uspid="64" ordinal="2" offset="7" sl="91" sc="13" el="91" ec="130" bec="0" bev="0" fileid="2" />
                <SequencePoint vc="1" uspid="65" ordinal="3" offset="19" sl="93" sc="13" el="93" ec="46" bec="0" bev="0" fileid="2" />
                <SequencePoint vc="1" uspid="66" ordinal="4" offset="26" sl="94" sc="9" el="94" ec="10" bec="0" bev="0" fileid="2" />
              </SequencePoints>
              <BranchPoints />
              <MethodPoint xsi:type="SequencePoint" vc="1" uspid="62" ordinal="0" offset="0" sl="88" sc="9" el="88" ec="10" bec="0" bev="0" fileid="2" />
            </Method>
            <Method visited="true" cyclomaticComplexity="1" nPathComplexity="0" sequenceCoverage="0" branchCoverage="0" isConstructor="true" isStatic="false" isGetter="false" isSetter="false">
              <Summary numSequencePoints="0" visitedSequencePoints="0" numBranchPoints="0" visitedBranchPoints="0" sequenceCoverage="0" branchCoverage="0" maxCyclomaticComplexity="1" minCyclomaticComplexity="1" visitedClasses="0" numClasses="0" visitedMethods="0" numMethods="0" />
              <MetadataToken>100663311</MetadataToken>
              <Name>System.Void AMI_System_Management_Test.SystemDB_Test::.ctor()</Name>
              <SequencePoints />
              <BranchPoints />
              <MethodPoint vc="1" uspid="67" ordinal="0" offset="0" />
            </Method>
          </Methods>
        </Class>
      </Classes>
    </Module>
    <Module skippedDueTo="MissingPdb" hash="A2-D0-DB-C9-20-FB-37-90-D4-D6-25-E5-C4-7B-E0-42-CA-32-C0-51">
      <ModulePath>C:\Users\Serlok\source\repos\RES_AMI_pr39pr138\AMI_System_Management_Test\bin\Debug\nunit.framework.dll</ModulePath>
      <ModuleTime>2014-12-16T19:25:58Z</ModuleTime>
      <ModuleName>nunit.framework</ModuleName>
      <Classes />
    </Module>
    <Module hash="92-F0-1C-FB-4A-80-20-BD-F4-AD-94-15-D6-ED-2A-15-A2-D9-18-75">
      <Summary numSequencePoints="0" visitedSequencePoints="0" numBranchPoints="0" visitedBranchPoints="0" sequenceCoverage="0" branchCoverage="0" maxCyclomaticComplexity="0" minCyclomaticComplexity="0" visitedClasses="0" numClasses="0" visitedMethods="0" numMethods="0" />
      <ModulePath>C:\Users\Serlok\source\repos\RES_AMI_pr39pr138\AMI_System_Management_Test\bin\Debug\Enums.dll</ModulePath>
      <ModuleTime>2018-06-04T15:29:12.7136525Z</ModuleTime>
      <ModuleName>Enums</ModuleName>
      <Files />
      <Classes>
        <Class>
          <Summary numSequencePoints="0" visitedSequencePoints="0" numBranchPoints="0" visitedBranchPoints="0" sequenceCoverage="0" branchCoverage="0" maxCyclomaticComplexity="0" minCyclomaticComplexity="0" visitedClasses="0" numClasses="0" visitedMethods="0" numMethods="0" />
          <FullName>&lt;Module&gt;</FullName>
          <Methods />
        </Class>
      </Classes>
    </Module>
    <Module skippedDueTo="MissingPdb" hash="F2-ED-FF-09-01-C9-D7-BC-29-AC-A6-93-C5-97-8A-0D-43-DD-8D-F2">
      <ModulePath>C:\Users\Serlok\source\repos\RES_AMI_pr39pr138\NUnit-2.6.4\NUnit-2.6.4\bin\lib\nunit-console-runner.dll</ModulePath>
      <ModuleTime>2014-12-16T19:26:02Z</ModuleTime>
      <ModuleName>nunit-console-runner</ModuleName>
      <Classes />
    </Module>
    <Module skippedDueTo="Filter" hash="B5-2C-52-19-7F-DE-8E-1A-EE-7C-F3-4D-31-FC-77-A2-C4-49-EE-AB">
      <ModulePath>C:\WINDOWS\Microsoft.Net\assembly\GAC_MSIL\System.Runtime.Remoting\v4.0_4.0.0.0__b77a5c561934e089\System.Runtime.Remoting.dll</ModulePath>
      <ModuleTime>2018-04-11T23:35:17.0134Z</ModuleTime>
      <ModuleName>System.Runtime.Remoting</ModuleName>
      <Classes />
    </Module>
    <Module skippedDueTo="Filter" hash="2A-F4-1C-14-5D-7A-74-B3-03-8B-1D-2A-59-DC-B6-BE-1D-C8-EF-54">
      <ModulePath>C:\WINDOWS\Microsoft.Net\assembly\GAC_MSIL\System.Configuration\v4.0_4.0.0.0__b03f5f7f11d50a3a\System.Configuration.dll</ModulePath>
      <ModuleTime>2018-04-11T23:35:16.9508953Z</ModuleTime>
      <ModuleName>System.Configuration</ModuleName>
      <Classes />
    </Module>
    <Module skippedDueTo="Filter" hash="F2-26-5B-FA-55-E9-5B-BC-DD-3A-32-56-2C-38-71-11-1A-8E-6D-32">
      <ModulePath>C:\WINDOWS\Microsoft.Net\assembly\GAC_MSIL\System.Xml\v4.0_4.0.0.0__b77a5c561934e089\System.Xml.dll</ModulePath>
      <ModuleTime>2018-04-11T23:35:17.0290261Z</ModuleTime>
      <ModuleName>System.Xml</ModuleName>
      <Classes />
    </Module>
    <Module hash="D4-97-1A-A1-32-11-18-73-D1-29-58-9D-AA-06-45-C5-6D-D0-C2-8F">
      <Summary numSequencePoints="656" visitedSequencePoints="166" numBranchPoints="143" visitedBranchPoints="33" sequenceCoverage="25.30" branchCoverage="23.08" maxCyclomaticComplexity="53" minCyclomaticComplexity="1" visitedClasses="2" numClasses="6" visitedMethods="11" numMethods="39" />
      <ModulePath>C:\Users\Serlok\source\repos\RES_AMI_pr39pr138\AMI_System_Management_Test\bin\Debug\AMY_System_Management.exe</ModulePath>
      <ModuleTime>2018-06-04T15:29:15.5524319Z</ModuleTime>
      <ModuleName>AMY_System_Management</ModuleName>
      <Files>
        <File uid="5" fullPath="C:\Users\Serlok\source\repos\RES_AMI_pr39pr138\AMI_System_Management\AMISystem_Management.cs" />
        <File uid="6" fullPath="C:\Users\Serlok\source\repos\RES_AMI_pr39pr138\AMI_System_Management\obj\Debug\App.g.cs" />
        <File uid="7" fullPath="C:\Users\Serlok\source\repos\RES_AMI_pr39pr138\AMI_System_Management\App.xaml" />
        <File uid="8" fullPath="C:\Users\Serlok\source\repos\RES_AMI_pr39pr138\AMI_System_Management\MainWindow.xaml.cs" />
        <File uid="9" fullPath="C:\Users\Serlok\source\repos\RES_AMI_pr39pr138\AMI_System_Management\MainWindow.xaml" />
        <File uid="10" fullPath="C:\Users\Serlok\source\repos\RES_AMI_pr39pr138\AMI_System_Management\Properties\Resources.Designer.cs" />
        <File uid="11" fullPath="C:\Users\Serlok\source\repos\RES_AMI_pr39pr138\AMI_System_Management\Properties\Settings.Designer.cs" />
        <File uid="12" fullPath="C:\Users\Serlok\source\repos\RES_AMI_pr39pr138\AMI_System_Management\SystemDB.cs" />
      </Files>
      <Classes>
        <Class>
          <Summary numSequencePoints="0" visitedSequencePoints="0" numBranchPoints="0" visitedBranchPoints="0" sequenceCoverage="0" branchCoverage="0" maxCyclomaticComplexity="0" minCyclomaticComplexity="0" visitedClasses="0" numClasses="0" visitedMethods="0" numMethods="0" />
          <FullName>&lt;Module&gt;</FullName>
          <Methods />
        </Class>
        <Class>
          <Summary numSequencePoints="7" visitedSequencePoints="7" numBranchPoints="3" visitedBranchPoints="3" sequenceCoverage="100" branchCoverage="100" maxCyclomaticComplexity="1" minCyclomaticComplexity="1" visitedClasses="1" numClasses="1" visitedMethods="3" numMethods="3" />
          <FullName>AMI_System_Management.AMISystem_Management</FullName>
          <Methods>
            <Method visited="true" cyclomaticComplexity="1" nPathComplexity="0" sequenceCoverage="100" branchCoverage="100" isConstructor="true" isStatic="false" isGetter="false" isSetter="false">
              <Summary numSequencePoints="3" visitedSequencePoints="3" numBranchPoints="1" visitedBranchPoints="1" sequenceCoverage="100" branchCoverage="100" maxCyclomaticComplexity="1" minCyclomaticComplexity="1" visitedClasses="0" numClasses="0" visitedMethods="1" numMethods="1" />
              <MetadataToken>100663297</MetadataToken>
              <Name>System.Void AMI_System_Management.AMISystem_Management::.ctor()</Name>
              <FileRef uid="5" />
              <SequencePoints>
                <SequencePoint vc="2" uspid="68" ordinal="0" offset="0" sl="23" sc="3" el="23" ec="32" bec="0" bev="0" fileid="5" />
                <SequencePoint vc="2" uspid="69" ordinal="1" offset="7" sl="24" sc="9" el="24" ec="10" bec="0" bev="0" fileid="5" />
                <SequencePoint vc="2" uspid="70" ordinal="2" offset="8" sl="26" sc="9" el="26" ec="10" bec="0" bev="0" fileid="5" />
              </SequencePoints>
              <BranchPoints />
              <MethodPoint xsi:type="SequencePoint" vc="2" uspid="68" ordinal="0" offset="0" sl="23" sc="3" el="23" ec="32" bec="0" bev="0" fileid="5" />
            </Method>
            <Method visited="true" cyclomaticComplexity="1" nPathComplexity="0" sequenceCoverage="100" branchCoverage="100" isConstructor="false" isStatic="false" isGetter="false" isSetter="false">
              <Summary numSequencePoints="3" visitedSequencePoints="3" numBranchPoints="1" visitedBranchPoints="1" sequenceCoverage="100" branchCoverage="100" maxCyclomaticComplexity="1" minCyclomaticComplexity="1" visitedClasses="0" numClasses="0" visitedMethods="1" numMethods="1" />
              <MetadataToken>100663298</MetadataToken>
              <Name>System.Boolean AMI_System_Management.AMISystem_Management::SendDataToSystemDataBase(System.String,System.Collections.Generic.Dictionary`2&lt;System.String,System.Collections.Generic.List`1&lt;System.DateTime&gt;&gt;,System.Collections.Generic.Dictionary`2&lt;System.String,System.Collections.Generic.Dictionary`2&lt;Storage.TypeMeasurement,System.Collections.Generic.List`1&lt;System.Double&gt;&gt;&gt;)</Name>
              <FileRef uid="5" />
              <SequencePoints>
                <SequencePoint vc="2" uspid="71" ordinal="0" offset="0" sl="29" sc="3" el="29" ec="4" bec="0" bev="0" fileid="5" />
                <SequencePoint vc="2" uspid="72" ordinal="1" offset="1" sl="30" sc="4" el="30" ec="78" bec="0" bev="0" fileid="5" />
                <SequencePoint vc="2" uspid="73" ordinal="2" offset="17" sl="31" sc="3" el="31" ec="4" bec="0" bev="0" fileid="5" />
              </SequencePoints>
              <BranchPoints />
              <MethodPoint xsi:type="SequencePoint" vc="2" uspid="71" ordinal="0" offset="0" sl="29" sc="3" el="29" ec="4" bec="0" bev="0" fileid="5" />
            </Method>
            <Method visited="true" cyclomaticComplexity="1" nPathComplexity="0" sequenceCoverage="100" branchCoverage="100" isConstructor="true" isStatic="true" isGetter="false" isSetter="false">
              <Summary numSequencePoints="1" visitedSequencePoints="1" numBranchPoints="1" visitedBranchPoints="1" sequenceCoverage="100" branchCoverage="100" maxCyclomaticComplexity="1" minCyclomaticComplexity="1" visitedClasses="0" numClasses="0" visitedMethods="1" numMethods="1" />
              <MetadataToken>100663299</MetadataToken>
              <Name>System.Void AMI_System_Management.AMISystem_Management::.cctor()</Name>
              <FileRef uid="5" />
              <SequencePoints>
                <SequencePoint vc="1" uspid="74" ordinal="0" offset="0" sl="21" sc="3" el="21" ec="47" bec="0" bev="0" fileid="5" />
              </SequencePoints>
              <BranchPoints />
              <MethodPoint xsi:type="SequencePoint" vc="1" uspid="74" ordinal="0" offset="0" sl="21" sc="3" el="21" ec="47" bec="0" bev="0" fileid="5" />
            </Method>
          </Methods>
        </Class>
        <Class>
          <Summary numSequencePoints="2" visitedSequencePoints="0" numBranchPoints="1" visitedBranchPoints="0" sequenceCoverage="0" branchCoverage="0" maxCyclomaticComplexity="1" minCyclomaticComplexity="1" visitedClasses="0" numClasses="1" visitedMethods="0" numMethods="1" />
          <FullName>AMI_System_Management.App</FullName>
          <Methods>
            <Method visited="false" cyclomaticComplexity="1" nPathComplexity="0" sequenceCoverage="0" branchCoverage="0" isConstructor="false" isStatic="false" isGetter="false" isSetter="false">
              <Summary numSequencePoints="2" visitedSequencePoints="0" numBranchPoints="1" visitedBranchPoints="0" sequenceCoverage="0" branchCoverage="0" maxCyclomaticComplexity="1" minCyclomaticComplexity="1" visitedClasses="0" numClasses="0" visitedMethods="0" numMethods="1" />
              <MetadataToken>100663300</MetadataToken>
              <Name>System.Void AMI_System_Management.App::InitializeComponent()</Name>
              <FileRef uid="6" />
              <SequencePoints>
                <SequencePoint vc="0" uspid="75" ordinal="0" offset="0" sl="48" sc="43" el="48" ec="44" bec="0" bev="0" fileid="6" />
                <SequencePoint vc="0" uspid="76" ordinal="1" offset="1" sl="5" sc="13" el="5" ec="90" bec="0" bev="0" fileid="7" />
              </SequencePoints>
              <BranchPoints />
              <MethodPoint xsi:type="SequencePoint" vc="0" uspid="75" ordinal="0" offset="0" sl="48" sc="43" el="48" ec="44" bec="0" bev="0" fileid="6" />
            </Method>
            <Method visited="false" cyclomaticComplexity="1" nPathComplexity="0" sequenceCoverage="0" branchCoverage="0" isConstructor="false" isStatic="true" isGetter="false" isSetter="false">
              <Summary numSequencePoints="0" visitedSequencePoints="0" numBranchPoints="0" visitedBranchPoints="0" sequenceCoverage="0" branchCoverage="0" maxCyclomaticComplexity="1" minCyclomaticComplexity="1" visitedClasses="0" numClasses="0" visitedMethods="0" numMethods="0" />
              <MetadataToken>100663301</MetadataToken>
              <Name>System.Void AMI_System_Management.App::Main()</Name>
              <SequencePoints />
              <BranchPoints />
              <MethodPoint vc="0" uspid="77" ordinal="0" offset="0" />
            </Method>
            <Method visited="false" cyclomaticComplexity="1" nPathComplexity="0" sequenceCoverage="0" branchCoverage="0" isConstructor="true" isStatic="false" isGetter="false" isSetter="false">
              <Summary numSequencePoints="0" visitedSequencePoints="0" numBranchPoints="0" visitedBranchPoints="0" sequenceCoverage="0" branchCoverage="0" maxCyclomaticComplexity="1" minCyclomaticComplexity="1" visitedClasses="0" numClasses="0" visitedMethods="0" numMethods="0" />
              <MetadataToken>100663302</MetadataToken>
              <Name>System.Void AMI_System_Management.App::.ctor()</Name>
              <SequencePoints />
              <BranchPoints />
              <MethodPoint vc="0" uspid="78" ordinal="0" offset="0" />
            </Method>
          </Methods>
        </Class>
        <Class>
          <Summary numSequencePoints="443" visitedSequencePoints="0" numBranchPoints="91" visitedBranchPoints="0" sequenceCoverage="0" branchCoverage="0" maxCyclomaticComplexity="53" minCyclomaticComplexity="1" visitedClasses="0" numClasses="1" visitedMethods="0" numMethods="21" />
          <FullName>AMI_System_Management.MainWindow</FullName>
          <Methods>
            <Method visited="false" cyclomaticComplexity="2" nPathComplexity="2" sequenceCoverage="0" branchCoverage="0" isConstructor="true" isStatic="false" isGetter="false" isSetter="false">
              <Summary numSequencePoints="10" visitedSequencePoints="0" numBranchPoints="3" visitedBranchPoints="0" sequenceCoverage="0" branchCoverage="0" maxCyclomaticComplexity="2" minCyclomaticComplexity="2" visitedClasses="0" numClasses="0" visitedMethods="0" numMethods="1" />
              <MetadataToken>100663303</MetadataToken>
              <Name>System.Void AMI_System_Management.MainWindow::.ctor()</Name>
              <FileRef uid="8" />
              <SequencePoints>
                <SequencePoint vc="0" uspid="79" ordinal="0" offset="0" sl="41" sc="3" el="41" ec="22" bec="0" bev="0" fileid="8" />
                <SequencePoint vc="0" uspid="80" ordinal="1" offset="7" sl="42" sc="3" el="42" ec="4" bec="0" bev="0" fileid="8" />
                <SequencePoint vc="0" uspid="81" ordinal="2" offset="8" sl="43" sc="4" el="43" ec="26" bec="0" bev="0" fileid="8" />
                <SequencePoint vc="0" uspid="82" ordinal="3" offset="15" sl="45" sc="4" el="45" ec="66" bec="0" bev="0" fileid="8" />
                <SequencePoint vc="0" uspid="83" ordinal="4" offset="21" sl="47" sc="4" el="47" ec="24" bec="2" bev="0" fileid="8" />
                <SequencePoint vc="0" uspid="84" ordinal="5" offset="33" sl="48" sc="4" el="48" ec="5" bec="0" bev="0" fileid="8" />
                <SequencePoint vc="0" uspid="85" ordinal="6" offset="34" sl="49" sc="5" el="49" ec="20" bec="0" bev="0" fileid="8" />
                <SequencePoint vc="0" uspid="86" ordinal="7" offset="40" sl="50" sc="5" el="50" ec="27" bec="0" bev="0" fileid="8" />
                <SequencePoint vc="0" uspid="87" ordinal="8" offset="46" sl="51" sc="4" el="51" ec="5" bec="0" bev="0" fileid="8" />
                <SequencePoint vc="0" uspid="88" ordinal="9" offset="47" sl="53" sc="3" el="53" ec="4" bec="0" bev="0" fileid="8" />
              </SequencePoints>
              <BranchPoints>
                <BranchPoint vc="0" uspid="89" ordinal="0" offset="31" sl="47" path="0" offsetend="33" fileid="8" />
                <BranchPoint vc="0" uspid="90" ordinal="1" offset="31" sl="47" path="1" offsetend="47" fileid="8" />
              </BranchPoints>
              <MethodPoint xsi:type="SequencePoint" vc="0" uspid="79" ordinal="0" offset="0" sl="41" sc="3" el="41" ec="22" bec="0" bev="0" fileid="8" />
            </Method>
            <Method visited="false" cyclomaticComplexity="1" nPathComplexity="0" sequenceCoverage="0" branchCoverage="0" isConstructor="false" isStatic="true" isGetter="false" isSetter="false">
              <Summary numSequencePoints="9" visitedSequencePoints="0" numBranchPoints="1" visitedBranchPoints="0" sequenceCoverage="0" branchCoverage="0" maxCyclomaticComplexity="1" minCyclomaticComplexity="1" visitedClasses="0" numClasses="0" visitedMethods="0" numMethods="1" />
              <MetadataToken>100663304</MetadataToken>
              <Name>System.Void AMI_System_Management.MainWindow::OpenServices()</Name>
              <FileRef uid="8" />
              <SequencePoints>
                <SequencePoint vc="0" uspid="91" ordinal="0" offset="0" sl="58" sc="3" el="58" ec="4" bec="0" bev="0" fileid="8" />
                <SequencePoint vc="0" uspid="92" ordinal="1" offset="1" sl="59" sc="4" el="59" ec="48" bec="0" bev="0" fileid="8" />
                <SequencePoint vc="0" uspid="93" ordinal="2" offset="7" sl="60" sc="4" el="60" ec="72" bec="0" bev="0" fileid="8" />
                <SequencePoint vc="0" uspid="94" ordinal="3" offset="13" sl="61" sc="4" el="61" ec="57" bec="0" bev="0" fileid="8" />
                <SequencePoint vc="0" uspid="95" ordinal="4" offset="38" sl="62" sc="4" el="62" ec="68" bec="0" bev="0" fileid="8" />
                <SequencePoint vc="0" uspid="96" ordinal="5" offset="69" sl="63" sc="4" el="63" ec="103" bec="0" bev="0" fileid="8" />
                <SequencePoint vc="0" uspid="97" ordinal="6" offset="103" sl="64" sc="4" el="64" ec="78" bec="0" bev="0" fileid="8" />
                <SequencePoint vc="0" uspid="98" ordinal="7" offset="126" sl="66" sc="4" el="66" ec="12" bec="0" bev="0" fileid="8" />
                <SequencePoint vc="0" uspid="99" ordinal="8" offset="132" sl="67" sc="3" el="67" ec="4" bec="0" bev="0" fileid="8" />
              </SequencePoints>
              <BranchPoints />
              <MethodPoint xsi:type="SequencePoint" vc="0" uspid="91" ordinal="0" offset="0" sl="58" sc="3" el="58" ec="4" bec="0" bev="0" fileid="8" />
            </Method>
            <Method visited="false" cyclomaticComplexity="1" nPathComplexity="0" sequenceCoverage="0" branchCoverage="0" isConstructor="false" isStatic="true" isGetter="false" isSetter="false">
              <Summary numSequencePoints="10" visitedSequencePoints="0" numBranchPoints="1" visitedBranchPoints="0" sequenceCoverage="0" branchCoverage="0" maxCyclomaticComplexity="1" minCyclomaticComplexity="1" visitedClasses="0" numClasses="0" visitedMethods="0" numMethods="1" />
              <MetadataToken>100663305</MetadataToken>
              <Name>System.Void AMI_System_Management.MainWindow::Start()</Name>
              <FileRef uid="8" />
              <SequencePoints>
                <SequencePoint vc="0" uspid="100" ordinal="0" offset="0" sl="70" sc="3" el="70" ec="4" bec="0" bev="0" fileid="8" />
                <SequencePoint vc="0" uspid="101" ordinal="1" offset="1" sl="72" sc="4" el="72" ec="5" bec="0" bev="0" fileid="8" />
                <SequencePoint vc="0" uspid="102" ordinal="2" offset="2" sl="73" sc="5" el="73" ec="17" bec="0" bev="0" fileid="8" />
                <SequencePoint vc="0" uspid="103" ordinal="3" offset="13" sl="74" sc="5" el="74" ec="90" bec="0" bev="0" fileid="8" />
                <SequencePoint vc="0" uspid="104" ordinal="4" offset="24" sl="75" sc="4" el="75" ec="5" bec="0" bev="0" fileid="8" />
                <SequencePoint vc="0" uspid="105" ordinal="5" offset="27" sl="76" sc="4" el="76" ec="23" bec="0" bev="0" fileid="8" />
                <SequencePoint vc="0" uspid="106" ordinal="6" offset="28" sl="77" sc="4" el="77" ec="5" bec="0" bev="0" fileid="8" />
                <SequencePoint vc="0" uspid="107" ordinal="7" offset="29" sl="78" sc="5" el="78" ec="117" bec="0" bev="0" fileid="8" />
                <SequencePoint vc="0" uspid="108" ordinal="8" offset="51" sl="79" sc="4" el="79" ec="5" bec="0" bev="0" fileid="8" />
                <SequencePoint vc="0" uspid="109" ordinal="9" offset="54" sl="81" sc="3" el="81" ec="4" bec="0" bev="0" fileid="8" />
              </SequencePoints>
              <BranchPoints />
              <MethodPoint xsi:type="SequencePoint" vc="0" uspid="100" ordinal="0" offset="0" sl="70" sc="3" el="70" ec="4" bec="0" bev="0" fileid="8" />
            </Method>
            <Method visited="false" cyclomaticComplexity="1" nPathComplexity="0" sequenceCoverage="0" branchCoverage="0" isConstructor="false" isStatic="true" isGetter="false" isSetter="false">
              <Summary numSequencePoints="10" visitedSequencePoints="0" numBranchPoints="1" visitedBranchPoints="0" sequenceCoverage="0" branchCoverage="0" maxCyclomaticComplexity="1" minCyclomaticComplexity="1" visitedClasses="0" numClasses="0" visitedMethods="0" numMethods="1" />
              <MetadataToken>100663306</MetadataToken>
              <Name>System.Void AMI_System_Management.MainWindow::Stop()</Name>
              <FileRef uid="8" />
              <SequencePoints>
                <SequencePoint vc="0" uspid="110" ordinal="0" offset="0" sl="84" sc="3" el="84" ec="4" bec="0" bev="0" fileid="8" />
                <SequencePoint vc="0" uspid="111" ordinal="1" offset="1" sl="86" sc="4" el="86" ec="5" bec="0" bev="0" fileid="8" />
                <SequencePoint vc="0" uspid="112" ordinal="2" offset="2" sl="87" sc="5" el="87" ec="18" bec="0" bev="0" fileid="8" />
                <SequencePoint vc="0" uspid="113" ordinal="3" offset="13" sl="88" sc="5" el="88" ec="89" bec="0" bev="0" fileid="8" />
                <SequencePoint vc="0" uspid="114" ordinal="4" offset="24" sl="89" sc="4" el="89" ec="5" bec="0" bev="0" fileid="8" />
                <SequencePoint vc="0" uspid="115" ordinal="5" offset="27" sl="90" sc="4" el="90" ec="23" bec="0" bev="0" fileid="8" />
                <SequencePoint vc="0" uspid="116" ordinal="6" offset="28" sl="91" sc="4" el="91" ec="5" bec="0" bev="0" fileid="8" />
                <SequencePoint vc="0" uspid="117" ordinal="7" offset="29" sl="92" sc="5" el="92" ec="115" bec="0" bev="0" fileid="8" />
                <SequencePoint vc="0" uspid="118" ordinal="8" offset="51" sl="93" sc="4" el="93" ec="5" bec="0" bev="0" fileid="8" />
                <SequencePoint vc="0" uspid="119" ordinal="9" offset="54" sl="95" sc="3" el="95" ec="4" bec="0" bev="0" fileid="8" />
              </SequencePoints>
              <BranchPoints />
              <MethodPoint xsi:type="SequencePoint" vc="0" uspid="110" ordinal="0" offset="0" sl="84" sc="3" el="84" ec="4" bec="0" bev="0" fileid="8" />
            </Method>
            <Method visited="false" cyclomaticComplexity="1" nPathComplexity="0" sequenceCoverage="0" branchCoverage="0" isConstructor="false" isStatic="false" isGetter="false" isSetter="false">
              <Summary numSequencePoints="7" visitedSequencePoints="0" numBranchPoints="1" visitedBranchPoints="0" sequenceCoverage="0" branchCoverage="0" maxCyclomaticComplexity="1" minCyclomaticComplexity="1" visitedClasses="0" numClasses="0" visitedMethods="0" numMethods="1" />
              <MetadataToken>100663307</MetadataToken>
              <Name>System.Void AMI_System_Management.MainWindow::devicesLoadedComboBox_Loaded(System.Object,System.Windows.RoutedEventArgs)</Name>
              <FileRef uid="8" />
              <SequencePoints>
                <SequencePoint vc="0" uspid="120" ordinal="0" offset="0" sl="98" sc="3" el="98" ec="4" bec="0" bev="0" fileid="8" />
                <SequencePoint vc="0" uspid="121" ordinal="1" offset="1" sl="99" sc="4" el="99" ec="83" bec="0" bev="0" fileid="8" />
                <SequencePoint vc="0" uspid="122" ordinal="2" offset="12" sl="100" sc="4" el="100" ec="40" bec="0" bev="0" fileid="8" />
                <SequencePoint vc="0" uspid="123" ordinal="3" offset="25" sl="101" sc="4" el="101" ec="44" bec="0" bev="0" fileid="8" />
                <SequencePoint vc="0" uspid="124" ordinal="4" offset="38" sl="102" sc="4" el="102" ec="37" bec="0" bev="0" fileid="8" />
                <SequencePoint vc="0" uspid="125" ordinal="5" offset="51" sl="103" sc="4" el="103" ec="35" bec="0" bev="0" fileid="8" />
                <SequencePoint vc="0" uspid="126" ordinal="6" offset="68" sl="104" sc="3" el="104" ec="4" bec="0" bev="0" fileid="8" />
              </SequencePoints>
              <BranchPoints />
              <MethodPoint xsi:type="SequencePoint" vc="0" uspid="120" ordinal="0" offset="0" sl="98" sc="3" el="98" ec="4" bec="0" bev="0" fileid="8" />
            </Method>
            <Method visited="false" cyclomaticComplexity="1" nPathComplexity="0" sequenceCoverage="0" branchCoverage="0" isConstructor="false" isStatic="false" isGetter="false" isSetter="false">
              <Summary numSequencePoints="7" visitedSequencePoints="0" numBranchPoints="1" visitedBranchPoints="0" sequenceCoverage="0" branchCoverage="0" maxCyclomaticComplexity="1" minCyclomaticComplexity="1" visitedClasses="0" numClasses="0" visitedMethods="0" numMethods="1" />
              <MetadataToken>100663308</MetadataToken>
              <Name>System.Void AMI_System_Management.MainWindow::agregatorsLoadedComboBox_Loaded(System.Object,System.Windows.RoutedEventArgs)</Name>
              <FileRef uid="8" />
              <SequencePoints>
                <SequencePoint vc="0" uspid="127" ordinal="0" offset="0" sl="107" sc="3" el="107" ec="4" bec="0" bev="0" fileid="8" />
                <SequencePoint vc="0" uspid="128" ordinal="1" offset="1" sl="108" sc="4" el="108" ec="89" bec="0" bev="0" fileid="8" />
                <SequencePoint vc="0" uspid="129" ordinal="2" offset="12" sl="109" sc="4" el="109" ec="48" bec="0" bev="0" fileid="8" />
                <SequencePoint vc="0" uspid="130" ordinal="3" offset="25" sl="110" sc="4" el="110" ec="51" bec="0" bev="0" fileid="8" />
                <SequencePoint vc="0" uspid="131" ordinal="4" offset="38" sl="111" sc="4" el="111" ec="41" bec="0" bev="0" fileid="8" />
                <SequencePoint vc="0" uspid="132" ordinal="5" offset="51" sl="112" sc="4" el="112" ec="39" bec="0" bev="0" fileid="8" />
                <SequencePoint vc="0" uspid="133" ordinal="6" offset="68" sl="113" sc="3" el="113" ec="4" bec="0" bev="0" fileid="8" />
              </SequencePoints>
              <BranchPoints />
              <MethodPoint xsi:type="SequencePoint" vc="0" uspid="127" ordinal="0" offset="0" sl="107" sc="3" el="107" ec="4" bec="0" bev="0" fileid="8" />
            </Method>
            <Method visited="false" cyclomaticComplexity="1" nPathComplexity="0" sequenceCoverage="0" branchCoverage="0" isConstructor="false" isStatic="false" isGetter="false" isSetter="false">
              <Summary numSequencePoints="3" visitedSequencePoints="0" numBranchPoints="1" visitedBranchPoints="0" sequenceCoverage="0" branchCoverage="0" maxCyclomaticComplexity="1" minCyclomaticComplexity="1" visitedClasses="0" numClasses="0" visitedMethods="0" numMethods="1" />
              <MetadataToken>100663309</MetadataToken>
              <Name>System.Void AMI_System_Management.MainWindow::buttonRefresh_Click(System.Object,System.Windows.RoutedEventArgs)</Name>
              <FileRef uid="8" />
              <SequencePoints>
                <SequencePoint vc="0" uspid="134" ordinal="0" offset="0" sl="116" sc="3" el="116" ec="4" bec="0" bev="0" fileid="8" />
                <SequencePoint vc="0" uspid="135" ordinal="1" offset="1" sl="117" sc="4" el="117" ec="31" bec="0" bev="0" fileid="8" />
                <SequencePoint vc="0" uspid="136" ordinal="2" offset="8" sl="118" sc="3" el="118" ec="4" bec="0" bev="0" fileid="8" />
              </SequencePoints>
              <BranchPoints />
              <MethodPoint xsi:type="SequencePoint" vc="0" uspid="134" ordinal="0" offset="0" sl="116" sc="3" el="116" ec="4" bec="0" bev="0" fileid="8" />
            </Method>
            <Method visited="false" cyclomaticComplexity="1" nPathComplexity="0" sequenceCoverage="0" branchCoverage="0" isConstructor="false" isStatic="false" isGetter="false" isSetter="false">
              <Summary numSequencePoints="12" visitedSequencePoints="0" numBranchPoints="1" visitedBranchPoints="0" sequenceCoverage="0" branchCoverage="0" maxCyclomaticComplexity="1" minCyclomaticComplexity="1" visitedClasses="0" numClasses="0" visitedMethods="0" numMethods="1" />
              <MetadataToken>100663310</MetadataToken>
              <Name>System.Void AMI_System_Management.MainWindow::LoadDevicesAndAgregators()</Name>
              <FileRef uid="8" />
              <SequencePoints>
                <SequencePoint vc="0" uspid="137" ordinal="0" offset="0" sl="121" sc="3" el="121" ec="4" bec="0" bev="0" fileid="8" />
                <SequencePoint vc="0" uspid="138" ordinal="1" offset="1" sl="122" sc="4" el="122" ec="89" bec="0" bev="0" fileid="8" />
                <SequencePoint vc="0" uspid="139" ordinal="2" offset="12" sl="123" sc="4" el="123" ec="51" bec="0" bev="0" fileid="8" />
                <SequencePoint vc="0" uspid="140" ordinal="3" offset="25" sl="124" sc="4" el="124" ec="48" bec="0" bev="0" fileid="8" />
                <SequencePoint vc="0" uspid="141" ordinal="4" offset="38" sl="125" sc="4" el="125" ec="41" bec="0" bev="0" fileid="8" />
                <SequencePoint vc="0" uspid="142" ordinal="5" offset="51" sl="126" sc="4" el="126" ec="39" bec="0" bev="0" fileid="8" />
                <SequencePoint vc="0" uspid="143" ordinal="6" offset="68" sl="128" sc="4" el="128" ec="83" bec="0" bev="0" fileid="8" />
                <SequencePoint vc="0" uspid="144" ordinal="7" offset="79" sl="129" sc="4" el="129" ec="44" bec="0" bev="0" fileid="8" />
                <SequencePoint vc="0" uspid="145" ordinal="8" offset="92" sl="130" sc="4" el="130" ec="40" bec="0" bev="0" fileid="8" />
                <SequencePoint vc="0" uspid="146" ordinal="9" offset="105" sl="131" sc="4" el="131" ec="37" bec="0" bev="0" fileid="8" />
                <SequencePoint vc="0" uspid="147" ordinal="10" offset="118" sl="132" sc="4" el="132" ec="35" bec="0" bev="0" fileid="8" />
                <SequencePoint vc="0" uspid="148" ordinal="11" offset="135" sl="133" sc="3" el="133" ec="4" bec="0" bev="0" fileid="8" />
              </SequencePoints>
              <BranchPoints />
              <MethodPoint xsi:type="SequencePoint" vc="0" uspid="137" ordinal="0" offset="0" sl="121" sc="3" el="121" ec="4" bec="0" bev="0" fileid="8" />
            </Method>
            <Method visited="false" cyclomaticComplexity="4" nPathComplexity="8" sequenceCoverage="0" branchCoverage="0" isConstructor="false" isStatic="false" isGetter="false" isSetter="false">
              <Summary numSequencePoints="22" visitedSequencePoints="0" numBranchPoints="7" visitedBranchPoints="0" sequenceCoverage="0" branchCoverage="0" maxCyclomaticComplexity="4" minCyclomaticComplexity="4" visitedClasses="0" numClasses="0" visitedMethods="0" numMethods="1" />
              <MetadataToken>100663311</MetadataToken>
              <Name>System.Void AMI_System_Management.MainWindow::deviceComboBox_SelectionChanged(System.Object,System.Windows.Controls.SelectionChangedEventArgs)</Name>
              <FileRef uid="8" />
              <SequencePoints>
                <SequencePoint vc="0" uspid="149" ordinal="0" offset="0" sl="136" sc="3" el="136" ec="4" bec="0" bev="0" fileid="8" />
                <SequencePoint vc="0" uspid="150" ordinal="1" offset="1" sl="137" sc="4" el="137" ec="45" bec="2" bev="0" fileid="8" />
                <SequencePoint vc="0" uspid="151" ordinal="2" offset="22" sl="138" sc="4" el="138" ec="5" bec="0" bev="0" fileid="8" />
                <SequencePoint vc="0" uspid="152" ordinal="3" offset="23" sl="140" sc="5" el="140" ec="68" bec="0" bev="0" fileid="8" />
                <SequencePoint vc="0" uspid="153" ordinal="4" offset="41" sl="141" sc="5" el="141" ec="49" bec="0" bev="0" fileid="8" />
                <SequencePoint vc="0" uspid="154" ordinal="5" offset="47" sl="143" sc="5" el="143" ec="66" bec="2" bev="0" fileid="8" />
                <SequencePoint vc="0" uspid="155" ordinal="6" offset="77" sl="144" sc="5" el="144" ec="6" bec="0" bev="0" fileid="8" />
                <SequencePoint vc="0" uspid="156" ordinal="7" offset="78" sl="145" sc="6" el="145" ec="51" bec="0" bev="0" fileid="8" />
                <SequencePoint vc="0" uspid="157" ordinal="8" offset="91" sl="146" sc="6" el="146" ec="44" bec="0" bev="0" fileid="8" />
                <SequencePoint vc="0" uspid="158" ordinal="9" offset="104" sl="147" sc="5" el="147" ec="6" bec="0" bev="0" fileid="8" />
                <SequencePoint vc="0" uspid="159" ordinal="10" offset="110" sl="149" sc="5" el="149" ec="6" bec="0" bev="0" fileid="8" />
                <SequencePoint vc="0" uspid="160" ordinal="11" offset="111" sl="150" sc="6" el="150" ec="127" bec="0" bev="0" fileid="8" />
                <SequencePoint vc="0" uspid="161" ordinal="12" offset="141" sl="153" sc="6" el="153" ec="7" bec="0" bev="0" fileid="8" />
                <SequencePoint vc="0" uspid="162" ordinal="13" offset="142" sl="154" sc="7" el="154" ec="31" bec="0" bev="0" fileid="8" />
                <SequencePoint vc="0" uspid="163" ordinal="14" offset="156" sl="155" sc="7" el="155" ec="41" bec="0" bev="0" fileid="8" />
                <SequencePoint vc="0" uspid="164" ordinal="15" offset="183" sl="156" sc="6" el="156" ec="7" bec="0" bev="0" fileid="8" />
                <SequencePoint vc="0" uspid="165" ordinal="16" offset="184" sl="152" sc="6" el="152" ec="47" bec="2" bev="0" fileid="8" />
                <SequencePoint vc="0" uspid="166" ordinal="17" offset="216" sl="158" sc="6" el="158" ec="46" bec="0" bev="0" fileid="8" />
                <SequencePoint vc="0" uspid="167" ordinal="18" offset="229" sl="159" sc="6" el="159" ec="44" bec="0" bev="0" fileid="8" />
                <SequencePoint vc="0" uspid="168" ordinal="19" offset="242" sl="160" sc="5" el="160" ec="6" bec="0" bev="0" fileid="8" />
                <SequencePoint vc="0" uspid="169" ordinal="20" offset="243" sl="162" sc="4" el="162" ec="5" bec="0" bev="0" fileid="8" />
                <SequencePoint vc="0" uspid="170" ordinal="21" offset="244" sl="163" sc="3" el="163" ec="4" bec="0" bev="0" fileid="8" />
              </SequencePoints>
              <BranchPoints>
                <BranchPoint vc="0" uspid="171" ordinal="0" offset="17" sl="137" path="0" offsetend="22" fileid="8" />
                <BranchPoint vc="0" uspid="172" ordinal="1" offset="17" sl="137" path="1" offsetend="244" fileid="8" />
                <BranchPoint vc="0" uspid="173" ordinal="2" offset="75" sl="143" path="0" offsetend="77" fileid="8" />
                <BranchPoint vc="0" uspid="174" ordinal="3" offset="75" sl="143" path="1" offsetend="110" fileid="8" />
                <BranchPoint vc="0" uspid="175" ordinal="4" offset="214" sl="152" path="0" offsetend="216" fileid="8" />
                <BranchPoint vc="0" uspid="176" ordinal="5" offset="214" sl="152" path="1" offsetend="141" fileid="8" />
              </BranchPoints>
              <MethodPoint xsi:type="SequencePoint" vc="0" uspid="149" ordinal="0" offset="0" sl="136" sc="3" el="136" ec="4" bec="0" bev="0" fileid="8" />
            </Method>
            <Method visited="false" cyclomaticComplexity="4" nPathComplexity="8" sequenceCoverage="0" branchCoverage="0" isConstructor="false" isStatic="false" isGetter="false" isSetter="false">
              <Summary numSequencePoints="22" visitedSequencePoints="0" numBranchPoints="7" visitedBranchPoints="0" sequenceCoverage="0" branchCoverage="0" maxCyclomaticComplexity="4" minCyclomaticComplexity="4" visitedClasses="0" numClasses="0" visitedMethods="0" numMethods="1" />
              <MetadataToken>100663312</MetadataToken>
              <Name>System.Void AMI_System_Management.MainWindow::agregatorsComboBox_SelectionChanged(System.Object,System.Windows.Controls.SelectionChangedEventArgs)</Name>
              <FileRef uid="8" />
              <SequencePoints>
                <SequencePoint vc="0" uspid="177" ordinal="0" offset="0" sl="166" sc="3" el="166" ec="4" bec="0" bev="0" fileid="8" />
                <SequencePoint vc="0" uspid="178" ordinal="1" offset="1" sl="167" sc="4" el="167" ec="49" bec="2" bev="0" fileid="8" />
                <SequencePoint vc="0" uspid="179" ordinal="2" offset="22" sl="168" sc="4" el="168" ec="5" bec="0" bev="0" fileid="8" />
                <SequencePoint vc="0" uspid="180" ordinal="3" offset="23" sl="170" sc="5" el="170" ec="68" bec="0" bev="0" fileid="8" />
                <SequencePoint vc="0" uspid="181" ordinal="4" offset="41" sl="171" sc="5" el="171" ec="49" bec="0" bev="0" fileid="8" />
                <SequencePoint vc="0" uspid="182" ordinal="5" offset="47" sl="173" sc="5" el="173" ec="75" bec="2" bev="0" fileid="8" />
                <SequencePoint vc="0" uspid="183" ordinal="6" offset="77" sl="174" sc="5" el="174" ec="6" bec="0" bev="0" fileid="8" />
                <SequencePoint vc="0" uspid="184" ordinal="7" offset="78" sl="175" sc="6" el="175" ec="54" bec="0" bev="0" fileid="8" />
                <SequencePoint vc="0" uspid="185" ordinal="8" offset="91" sl="176" sc="6" el="176" ec="47" bec="0" bev="0" fileid="8" />
                <SequencePoint vc="0" uspid="186" ordinal="9" offset="104" sl="177" sc="5" el="177" ec="6" bec="0" bev="0" fileid="8" />
                <SequencePoint vc="0" uspid="187" ordinal="10" offset="110" sl="179" sc="5" el="179" ec="6" bec="0" bev="0" fileid="8" />
                <SequencePoint vc="0" uspid="188" ordinal="11" offset="111" sl="180" sc="6" el="180" ec="131" bec="0" bev="0" fileid="8" />
                <SequencePoint vc="0" uspid="189" ordinal="12" offset="141" sl="183" sc="6" el="183" ec="7" bec="0" bev="0" fileid="8" />
                <SequencePoint vc="0" uspid="190" ordinal="13" offset="142" sl="184" sc="7" el="184" ec="31" bec="0" bev="0" fileid="8" />
                <SequencePoint vc="0" uspid="191" ordinal="14" offset="156" sl="185" sc="7" el="185" ec="41" bec="0" bev="0" fileid="8" />
                <SequencePoint vc="0" uspid="192" ordinal="15" offset="183" sl="186" sc="6" el="186" ec="7" bec="0" bev="0" fileid="8" />
                <SequencePoint vc="0" uspid="193" ordinal="16" offset="184" sl="182" sc="6" el="182" ec="47" bec="2" bev="0" fileid="8" />
                <SequencePoint vc="0" uspid="194" ordinal="17" offset="216" sl="188" sc="6" el="188" ec="49" bec="0" bev="0" fileid="8" />
                <SequencePoint vc="0" uspid="195" ordinal="18" offset="229" sl="189" sc="6" el="189" ec="47" bec="0" bev="0" fileid="8" />
                <SequencePoint vc="0" uspid="196" ordinal="19" offset="242" sl="190" sc="5" el="190" ec="6" bec="0" bev="0" fileid="8" />
                <SequencePoint vc="0" uspid="197" ordinal="20" offset="243" sl="191" sc="4" el="191" ec="5" bec="0" bev="0" fileid="8" />
                <SequencePoint vc="0" uspid="198" ordinal="21" offset="244" sl="192" sc="3" el="192" ec="4" bec="0" bev="0" fileid="8" />
              </SequencePoints>
              <BranchPoints>
                <BranchPoint vc="0" uspid="199" ordinal="0" offset="17" sl="167" path="0" offsetend="22" fileid="8" />
                <BranchPoint vc="0" uspid="200" ordinal="1" offset="17" sl="167" path="1" offsetend="244" fileid="8" />
                <BranchPoint vc="0" uspid="201" ordinal="2" offset="75" sl="173" path="0" offsetend="77" fileid="8" />
                <BranchPoint vc="0" uspid="202" ordinal="3" offset="75" sl="173" path="1" offsetend="110" fileid="8" />
                <BranchPoint vc="0" uspid="203" ordinal="4" offset="214" sl="182" path="0" offsetend="216" fileid="8" />
                <BranchPoint vc="0" uspid="204" ordinal="5" offset="214" sl="182" path="1" offsetend="141" fileid="8" />
              </BranchPoints>
              <MethodPoint xsi:type="SequencePoint" vc="0" uspid="177" ordinal="0" offset="0" sl="166" sc="3" el="166" ec="4" bec="0" bev="0" fileid="8" />
            </Method>
            <Method visited="false" cyclomaticComplexity="1" nPathComplexity="0" sequenceCoverage="0" branchCoverage="0" isConstructor="false" isStatic="false" isGetter="false" isSetter="false">
              <Summary numSequencePoints="5" visitedSequencePoints="0" numBranchPoints="1" visitedBranchPoints="0" sequenceCoverage="0" branchCoverage="0" maxCyclomaticComplexity="1" minCyclomaticComplexity="1" visitedClasses="0" numClasses="0" visitedMethods="0" numMethods="1" />
              <MetadataToken>100663313</MetadataToken>
              <Name>System.Void AMI_System_Management.MainWindow::typemeasurmentComboBox_Loaded(System.Object,System.Windows.RoutedEventArgs)</Name>
              <FileRef uid="8" />
              <SequencePoints>
                <SequencePoint vc="0" uspid="205" ordinal="0" offset="0" sl="195" sc="3" el="195" ec="4" bec="0" bev="0" fileid="8" />
                <SequencePoint vc="0" uspid="206" ordinal="1" offset="1" sl="196" sc="4" el="196" ec="123" bec="0" bev="0" fileid="8" />
                <SequencePoint vc="0" uspid="207" ordinal="2" offset="67" sl="197" sc="4" el="197" ec="49" bec="0" bev="0" fileid="8" />
                <SequencePoint vc="0" uspid="208" ordinal="3" offset="80" sl="198" sc="4" el="198" ec="41" bec="0" bev="0" fileid="8" />
                <SequencePoint vc="0" uspid="209" ordinal="4" offset="93" sl="199" sc="3" el="199" ec="4" bec="0" bev="0" fileid="8" />
              </SequencePoints>
              <BranchPoints />
              <MethodPoint xsi:type="SequencePoint" vc="0" uspid="205" ordinal="0" offset="0" sl="195" sc="3" el="195" ec="4" bec="0" bev="0" fileid="8" />
            </Method>
            <Method visited="false" cyclomaticComplexity="9" nPathComplexity="64" sequenceCoverage="0" branchCoverage="0" isConstructor="false" isStatic="false" isGetter="false" isSetter="false">
              <Summary numSequencePoints="79" visitedSequencePoints="0" numBranchPoints="13" visitedBranchPoints="0" sequenceCoverage="0" branchCoverage="0" maxCyclomaticComplexity="9" minCyclomaticComplexity="9" visitedClasses="0" numClasses="0" visitedMethods="0" numMethods="1" />
              <MetadataToken>100663314</MetadataToken>
              <Name>System.Void AMI_System_Management.MainWindow::plotDeviceGraph_Click(System.Object,System.Windows.RoutedEventArgs)</Name>
              <FileRef uid="8" />
              <SequencePoints>
                <SequencePoint vc="0" uspid="210" ordinal="0" offset="0" sl="202" sc="3" el="202" ec="4" bec="0" bev="0" fileid="8" />
                <SequencePoint vc="0" uspid="211" ordinal="1" offset="1" sl="203" sc="4" el="203" ec="58" bec="0" bev="0" fileid="8" />
                <SequencePoint vc="0" uspid="212" ordinal="2" offset="35" sl="204" sc="4" el="204" ec="44" bec="0" bev="0" fileid="8" />
                <SequencePoint vc="0" uspid="213" ordinal="3" offset="48" sl="206" sc="4" el="206" ec="65" bec="2" bev="0" fileid="8" />
                <SequencePoint vc="0" uspid="214" ordinal="4" offset="78" sl="207" sc="4" el="207" ec="5" bec="0" bev="0" fileid="8" />
                <SequencePoint vc="0" uspid="215" ordinal="5" offset="79" sl="208" sc="5" el="208" ec="51" bec="0" bev="0" fileid="8" />
                <SequencePoint vc="0" uspid="216" ordinal="6" offset="96" sl="209" sc="5" el="209" ec="30" bec="0" bev="0" fileid="8" />
                <SequencePoint vc="0" uspid="217" ordinal="7" offset="117" sl="210" sc="5" el="210" ec="41" bec="0" bev="0" fileid="8" />
                <SequencePoint vc="0" uspid="218" ordinal="8" offset="134" sl="211" sc="5" el="211" ec="12" bec="0" bev="0" fileid="8" />
                <SequencePoint vc="0" uspid="219" ordinal="9" offset="139" sl="214" sc="4" el="214" ec="28" bec="0" bev="0" fileid="8" />
                <SequencePoint vc="0" uspid="220" ordinal="10" offset="156" sl="216" sc="4" el="216" ec="30" bec="0" bev="0" fileid="8" />
[...]
                <SequencePoint vc="1" uspid="797" ordinal="3" offset="18" sl="159" sc="4" el="159" ec="5" bec="0" bev="0" fileid="12" />
                <SequencePoint vc="1" uspid="798" ordinal="4" offset="19" sl="160" sc="5" el="160" ec="16" bec="0" bev="0" fileid="12" />
                <SequencePoint vc="1" uspid="799" ordinal="5" offset="26" sl="161" sc="5" el="161" ec="198" bec="0" bev="0" fileid="12" />
                <SequencePoint vc="1" uspid="800" ordinal="6" offset="93" sl="163" sc="5" el="163" ec="49" bec="0" bev="0" fileid="12" />
                <SequencePoint vc="1" uspid="801" ordinal="7" offset="101" sl="165" sc="12" el="165" ec="51" bec="0" bev="0" fileid="12" />
                <SequencePoint vc="1" uspid="802" ordinal="8" offset="109" sl="166" sc="5" el="166" ec="6" bec="0" bev="0" fileid="12" />
                <SequencePoint vc="0" uspid="803" ordinal="9" offset="112" sl="168" sc="6" el="168" ec="7" bec="0" bev="0" fileid="12" />
                <SequencePoint vc="0" uspid="804" ordinal="10" offset="113" sl="169" sc="7" el="169" ec="126" bec="0" bev="0" fileid="12" />
                <SequencePoint vc="0" uspid="805" ordinal="11" offset="155" sl="170" sc="6" el="170" ec="7" bec="0" bev="0" fileid="12" />
                <SequencePoint vc="1" uspid="806" ordinal="12" offset="156" sl="167" sc="6" el="167" ec="24" bec="2" bev="1" fileid="12" />
                <SequencePoint vc="1" uspid="807" ordinal="13" offset="169" sl="171" sc="5" el="171" ec="6" bec="0" bev="0" fileid="12" />
                <SequencePoint vc="1" uspid="808" ordinal="14" offset="185" sl="172" sc="4" el="172" ec="5" bec="0" bev="0" fileid="12" />
                <SequencePoint vc="1" uspid="809" ordinal="15" offset="199" sl="174" sc="11" el="174" ec="66" bec="0" bev="0" fileid="12" />
                <SequencePoint vc="1" uspid="810" ordinal="16" offset="211" sl="175" sc="4" el="175" ec="5" bec="0" bev="0" fileid="12" />
                <SequencePoint vc="1" uspid="811" ordinal="17" offset="212" sl="176" sc="5" el="176" ec="16" bec="0" bev="0" fileid="12" />
                <SequencePoint vc="1" uspid="812" ordinal="18" offset="220" sl="177" sc="5" el="177" ec="93" bec="0" bev="0" fileid="12" />
                <SequencePoint vc="1" uspid="813" ordinal="19" offset="233" sl="179" sc="5" el="179" ec="49" bec="0" bev="0" fileid="12" />
                <SequencePoint vc="1" uspid="814" ordinal="20" offset="244" sl="180" sc="5" el="180" ec="40" bec="0" bev="0" fileid="12" />
                <SequencePoint vc="1" uspid="815" ordinal="21" offset="253" sl="181" sc="5" el="181" ec="43" bec="0" bev="0" fileid="12" />
                <SequencePoint vc="1" uspid="816" ordinal="22" offset="263" sl="183" sc="4" el="183" ec="5" bec="0" bev="0" fileid="12" />
                <SequencePoint vc="1" uspid="817" ordinal="23" offset="279" sl="185" sc="4" el="185" ec="18" bec="0" bev="0" fileid="12" />
                <SequencePoint vc="1" uspid="818" ordinal="24" offset="284" sl="186" sc="3" el="186" ec="4" bec="0" bev="0" fileid="12" />
              </SequencePoints>
              <BranchPoints>
                <BranchPoint vc="1" uspid="819" ordinal="0" offset="167" sl="167" path="0" offsetend="169" fileid="12" />
                <BranchPoint vc="0" uspid="820" ordinal="1" offset="167" sl="167" path="1" offsetend="112" fileid="12" />
              </BranchPoints>
              <MethodPoint xsi:type="SequencePoint" vc="1" uspid="794" ordinal="0" offset="0" sl="155" sc="3" el="155" ec="4" bec="0" bev="0" fileid="12" />
            </Method>
            <Method visited="true" cyclomaticComplexity="12" nPathComplexity="256" sequenceCoverage="94.83" branchCoverage="82.35" isConstructor="false" isStatic="false" isGetter="false" isSetter="false">
              <Summary numSequencePoints="58" visitedSequencePoints="55" numBranchPoints="17" visitedBranchPoints="14" sequenceCoverage="94.83" branchCoverage="82.35" maxCyclomaticComplexity="12" minCyclomaticComplexity="12" visitedClasses="0" numClasses="0" visitedMethods="1" numMethods="1" />
              <MetadataToken>100663337</MetadataToken>
              <Name>System.Boolean AMY_System_Management.SystemDB::SendDataToSystemDataBase(System.String,System.Collections.Generic.Dictionary`2&lt;System.String,System.Collections.Generic.List`1&lt;System.DateTime&gt;&gt;,System.Collections.Generic.Dictionary`2&lt;System.String,System.Collections.Generic.Dictionary`2&lt;Storage.TypeMeasurement,System.Collections.Generic.List`1&lt;System.Double&gt;&gt;&gt;)</Name>
              <FileRef uid="12" />
              <SequencePoints>
                <SequencePoint vc="2" uspid="821" ordinal="0" offset="0" sl="189" sc="3" el="189" ec="4" bec="0" bev="0" fileid="12" />
                <SequencePoint vc="2" uspid="822" ordinal="1" offset="1" sl="190" sc="4" el="190" ec="24" bec="0" bev="0" fileid="12" />
                <SequencePoint vc="2" uspid="823" ordinal="2" offset="3" sl="192" sc="4" el="192" ec="101" bec="0" bev="0" fileid="12" />
                <SequencePoint vc="2" uspid="824" ordinal="3" offset="31" sl="193" sc="4" el="193" ec="26" bec="2" bev="2" fileid="12" />
                <SequencePoint vc="1" uspid="825" ordinal="4" offset="47" sl="194" sc="4" el="194" ec="5" bec="0" bev="0" fileid="12" />
                <SequencePoint vc="1" uspid="826" ordinal="5" offset="48" sl="196" sc="12" el="196" ec="64" bec="0" bev="0" fileid="12" />
                <SequencePoint vc="1" uspid="827" ordinal="6" offset="59" sl="197" sc="5" el="197" ec="6" bec="0" bev="0" fileid="12" />
                <SequencePoint vc="1" uspid="828" ordinal="7" offset="60" sl="198" sc="6" el="198" ec="17" bec="0" bev="0" fileid="12" />
                <SequencePoint vc="1" uspid="829" ordinal="8" offset="67" sl="201" sc="6" el="201" ec="30" bec="0" bev="0" fileid="12" />
                <SequencePoint vc="1" uspid="830" ordinal="9" offset="74" sl="202" sc="6" el="202" ec="57" bec="0" bev="0" fileid="12" />
                <SequencePoint vc="1" uspid="831" ordinal="10" offset="86" sl="203" sc="6" el="203" ec="58" bec="0" bev="0" fileid="12" />
                <SequencePoint vc="1" uspid="832" ordinal="11" offset="98" sl="204" sc="6" el="204" ec="61" bec="0" bev="0" fileid="12" />
                <SequencePoint vc="1" uspid="833" ordinal="12" offset="110" sl="205" sc="6" el="205" ec="63" bec="0" bev="0" fileid="12" />
                <SequencePoint vc="1" uspid="834" ordinal="13" offset="122" sl="207" sc="6" el="207" ec="13" bec="0" bev="0" fileid="12" />
                <SequencePoint vc="1" uspid="835" ordinal="14" offset="123" sl="207" sc="31" el="207" ec="37" bec="0" bev="0" fileid="12" />
                <SequencePoint vc="1" uspid="836" ordinal="15" offset="136" sl="207" sc="15" el="207" ec="27" bec="0" bev="0" fileid="12" />
                <SequencePoint vc="1" uspid="837" ordinal="16" offset="145" sl="208" sc="6" el="208" ec="7" bec="0" bev="0" fileid="12" />
                <SequencePoint vc="1" uspid="838" ordinal="17" offset="146" sl="209" sc="7" el="209" ec="34" bec="0" bev="0" fileid="12" />
                <SequencePoint vc="1" uspid="839" ordinal="18" offset="155" sl="211" sc="7" el="211" ec="155" bec="0" bev="0" fileid="12" />
                <SequencePoint vc="1" uspid="840" ordinal="19" offset="225" sl="213" sc="7" el="214" ec="17" bec="0" bev="0" fileid="12" />
                <SequencePoint vc="1" uspid="841" ordinal="20" offset="232" sl="216" sc="7" el="216" ec="14" bec="0" bev="0" fileid="12" />
                <SequencePoint vc="1" uspid="842" ordinal="21" offset="233" sl="216" sc="28" el="216" ec="42" bec="0" bev="0" fileid="12" />
                <SequencePoint vc="4" uspid="843" ordinal="22" offset="249" sl="216" sc="16" el="216" ec="24" bec="0" bev="0" fileid="12" />
                <SequencePoint vc="4" uspid="844" ordinal="23" offset="258" sl="217" sc="7" el="217" ec="8" bec="0" bev="0" fileid="12" />
                <SequencePoint vc="4" uspid="845" ordinal="24" offset="259" sl="219" sc="8" el="219" ec="49" bec="2" bev="2" fileid="12" />
                <SequencePoint vc="1" uspid="846" ordinal="25" offset="275" sl="220" sc="9" el="220" ec="31" bec="0" bev="0" fileid="12" />
                <SequencePoint vc="4" uspid="847" ordinal="26" offset="284" sl="222" sc="8" el="222" ec="52" bec="2" bev="2" fileid="12" />
                <SequencePoint vc="1" uspid="848" ordinal="27" offset="300" sl="223" sc="9" el="223" ec="34" bec="0" bev="0" fileid="12" />
                <SequencePoint vc="4" uspid="849" ordinal="28" offset="309" sl="225" sc="8" el="225" ec="48" bec="2" bev="2" fileid="12" />
                <SequencePoint vc="1" uspid="850" ordinal="29" offset="325" sl="226" sc="9" el="226" ec="30" bec="0" bev="0" fileid="12" />
                <SequencePoint vc="4" uspid="851" ordinal="30" offset="334" sl="228" sc="8" el="228" ec="54" bec="2" bev="2" fileid="12" />
                <SequencePoint vc="1" uspid="852" ordinal="31" offset="350" sl="229" sc="9" el="229" ec="36" bec="0" bev="0" fileid="12" />
                <SequencePoint vc="4" uspid="853" ordinal="32" offset="359" sl="231" sc="7" el="231" ec="8" bec="0" bev="0" fileid="12" />
                <SequencePoint vc="5" uspid="854" ordinal="33" offset="360" sl="216" sc="25" el="216" ec="27" bec="0" bev="0" fileid="12" />
                <SequencePoint vc="1" uspid="855" ordinal="34" offset="386" sl="233" sc="7" el="233" ec="32" bec="2" bev="1" fileid="12" />
                <SequencePoint vc="1" uspid="856" ordinal="35" offset="405" sl="235" sc="7" el="235" ec="8" bec="0" bev="0" fileid="12" />
                <SequencePoint vc="1" uspid="857" ordinal="36" offset="406" sl="237" sc="13" el="237" ec="22" bec="0" bev="0" fileid="12" />
                <SequencePoint vc="1" uspid="858" ordinal="37" offset="414" sl="238" sc="8" el="238" ec="9" bec="0" bev="0" fileid="12" />
                <SequencePoint vc="1" uspid="859" ordinal="38" offset="415" sl="239" sc="9" el="239" ec="39" bec="2" bev="1" fileid="12" />
                <SequencePoint vc="1" uspid="860" ordinal="39" offset="437" sl="240" sc="9" el="240" ec="10" bec="0" bev="0" fileid="12" />
                <SequencePoint vc="1" uspid="861" ordinal="40" offset="438" sl="241" sc="10" el="241" ec="162" bec="0" bev="0" fileid="12" />
                <SequencePoint vc="1" uspid="862" ordinal="41" offset="563" sl="242" sc="10" el="242" ec="16" bec="0" bev="0" fileid="12" />
                <SequencePoint vc="0" uspid="863" ordinal="42" offset="568" sl="245" sc="9" el="245" ec="163" bec="0" bev="0" fileid="12" />
                <SequencePoint vc="0" uspid="864" ordinal="43" offset="693" sl="247" sc="8" el="247" ec="9" bec="0" bev="0" fileid="12" />
                <SequencePoint vc="0" uspid="865" ordinal="44" offset="694" sl="237" sc="46" el="237" ec="49" bec="0" bev="0" fileid="12" />
                <SequencePoint vc="1" uspid="866" ordinal="45" offset="700" sl="237" sc="24" el="237" ec="44" bec="2" bev="1" fileid="12" />
                <SequencePoint vc="1" uspid="867" ordinal="46" offset="720" sl="249" sc="8" el="249" ec="41" bec="0" bev="0" fileid="12" />
                <SequencePoint vc="1" uspid="868" ordinal="47" offset="729" sl="250" sc="8" el="250" ec="30" bec="0" bev="0" fileid="12" />
                <SequencePoint vc="1" uspid="869" ordinal="48" offset="736" sl="252" sc="8" el="252" ec="22" bec="0" bev="0" fileid="12" />
                <SequencePoint vc="1" uspid="870" ordinal="49" offset="738" sl="253" sc="7" el="253" ec="8" bec="0" bev="0" fileid="12" />
                <SequencePoint vc="1" uspid="871" ordinal="50" offset="739" sl="255" sc="7" el="255" ec="57" bec="0" bev="0" fileid="12" />
                <SequencePoint vc="1" uspid="872" ordinal="51" offset="758" sl="256" sc="6" el="256" ec="7" bec="0" bev="0" fileid="12" />
                <SequencePoint vc="2" uspid="873" ordinal="52" offset="759" sl="207" sc="28" el="207" ec="30" bec="0" bev="0" fileid="12" />
                <SequencePoint vc="1" uspid="874" ordinal="53" offset="788" sl="260" sc="5" el="260" ec="6" bec="0" bev="0" fileid="12" />
                <SequencePoint vc="1" uspid="875" ordinal="54" offset="802" sl="261" sc="4" el="261" ec="5" bec="0" bev="0" fileid="12" />
                <SequencePoint vc="2" uspid="876" ordinal="55" offset="803" sl="277" sc="4" el="277" ec="93" bec="0" bev="0" fileid="12" />
                <SequencePoint vc="2" uspid="877" ordinal="56" offset="830" sl="278" sc="4" el="278" ec="18" bec="0" bev="0" fileid="12" />
                <SequencePoint vc="2" uspid="878" ordinal="57" offset="835" sl="279" sc="3" el="279" ec="4" bec="0" bev="0" fileid="12" />
              </SequencePoints>
              <BranchPoints>
                <BranchPoint vc="1" uspid="879" ordinal="0" offset="42" sl="193" path="0" offsetend="47" fileid="12" />
                <BranchPoint vc="1" uspid="880" ordinal="1" offset="42" sl="193" path="1" offsetend="803" fileid="12" />
                <BranchPoint vc="1" uspid="881" ordinal="2" offset="273" sl="219" path="0" offsetend="275" fileid="12" />
                <BranchPoint vc="3" uspid="882" ordinal="3" offset="273" sl="219" path="1" offsetend="284" fileid="12" />
                <BranchPoint vc="1" uspid="883" ordinal="4" offset="298" sl="222" path="0" offsetend="300" fileid="12" />
                <BranchPoint vc="3" uspid="884" ordinal="5" offset="298" sl="222" path="1" offsetend="309" fileid="12" />
                <BranchPoint vc="1" uspid="885" ordinal="6" offset="323" sl="225" path="0" offsetend="325" fileid="12" />
                <BranchPoint vc="3" uspid="886" ordinal="7" offset="323" sl="225" path="1" offsetend="334" fileid="12" />
                <BranchPoint vc="1" uspid="887" ordinal="8" offset="348" sl="228" path="0" offsetend="350" fileid="12" />
                <BranchPoint vc="3" uspid="888" ordinal="9" offset="348" sl="228" path="1" offsetend="359" fileid="12" />
                <BranchPoint vc="1" uspid="891" ordinal="12" offset="400" sl="233" path="0" offsetend="405" fileid="12" />
                <BranchPoint vc="0" uspid="892" ordinal="13" offset="400" sl="233" path="1" offsetend="739" fileid="12" />
                <BranchPoint vc="1" uspid="893" ordinal="14" offset="432" sl="239" path="0" offsetend="437" fileid="12" />
                <BranchPoint vc="0" uspid="894" ordinal="15" offset="432" sl="239" path="1" offsetend="568" fileid="12" />
                <BranchPoint vc="0" uspid="895" ordinal="16" offset="715" sl="237" path="0" offsetend="720" fileid="12" />
                <BranchPoint vc="1" uspid="896" ordinal="17" offset="715" sl="237" path="1" offsetend="414" fileid="12" />
              </BranchPoints>
              <MethodPoint xsi:type="SequencePoint" vc="2" uspid="821" ordinal="0" offset="0" sl="189" sc="3" el="189" ec="4" bec="0" bev="0" fileid="12" />
            </Method>
            <Method visited="true" cyclomaticComplexity="1" nPathComplexity="0" sequenceCoverage="0" branchCoverage="0" isConstructor="true" isStatic="false" isGetter="false" isSetter="false">
              <Summary numSequencePoints="0" visitedSequencePoints="0" numBranchPoints="0" visitedBranchPoints="0" sequenceCoverage="0" branchCoverage="0" maxCyclomaticComplexity="1" minCyclomaticComplexity="1" visitedClasses="0" numClasses="0" visitedMethods="0" numMethods="0" />
              <MetadataToken>100663338</MetadataToken>
              <Name>System.Void AMY_System_Management.SystemDB::.ctor()</Name>
              <SequencePoints />
              <BranchPoints />
              <MethodPoint vc="7" uspid="899" ordinal="0" offset="0" />
            </Method>
            <Method visited="true" cyclomaticComplexity="1" nPathComplexity="0" sequenceCoverage="100" branchCoverage="100" isConstructor="true" isStatic="true" isGetter="false" isSetter="false">
              <Summary numSequencePoints="2" visitedSequencePoints="2" numBranchPoints="1" visitedBranchPoints="1" sequenceCoverage="100" branchCoverage="100" maxCyclomaticComplexity="1" minCyclomaticComplexity="1" visitedClasses="0" numClasses="0" visitedMethods="1" numMethods="1" />
              <MetadataToken>100663339</MetadataToken>
              <Name>System.Void AMY_System_Management.SystemDB::.cctor()</Name>
              <FileRef uid="12" />
              <SequencePoints>
                <SequencePoint vc="1" uspid="900" ordinal="0" offset="0" sl="15" sc="3" el="15" ec="189" bec="0" bev="0" fileid="12" />
                <SequencePoint vc="1" uspid="901" ordinal="1" offset="10" sl="16" sc="3" el="16" ec="195" bec="0" bev="0" fileid="12" />
              </SequencePoints>
              <BranchPoints />
              <MethodPoint xsi:type="SequencePoint" vc="1" uspid="900" ordinal="0" offset="0" sl="15" sc="3" el="15" ec="189" bec="0" bev="0" fileid="12" />
            </Method>
          </Methods>
        </Class>
      </Classes>
    </Module>
    <Module hash="55-03-5D-9B-B9-DD-D0-ED-58-33-48-B2-CA-8E-CC-22-71-AF-0F-39">
      <Summary numSequencePoints="0" visitedSequencePoints="0" numBranchPoints="0" visitedBranchPoints="0" sequenceCoverage="0" branchCoverage="0" maxCyclomaticComplexity="0" minCyclomaticComplexity="0" visitedClasses="0" numClasses="0" visitedMethods="0" numMethods="0" />
      <ModulePath>C:\Users\Serlok\source\repos\RES_AMI_pr39pr138\AMI_System_Management_Test\bin\Debug\Common.dll</ModulePath>
      <ModuleTime>2018-06-04T15:29:12.944521Z</ModuleTime>
      <ModuleName>Common</ModuleName>
      <Files />
      <Classes>
        <Class>
          <Summary numSequencePoints="0" visitedSequencePoints="0" numBranchPoints="0" visitedBranchPoints="0" sequenceCoverage="0" branchCoverage="0" maxCyclomaticComplexity="0" minCyclomaticComplexity="0" visitedClasses="0" numClasses="0" visitedMethods="0" numMethods="0" />
          <FullName>&lt;Module&gt;</FullName>
          <Methods />
        </Class>
      </Classes>
    </Module>
    <Module skippedDueTo="Filter" hash="94-4B-52-DC-60-67-43-DD-E8-46-3D-57-D4-4D-91-10-9B-14-D0-2A">
      <ModulePath>C:\WINDOWS\Microsoft.Net\assembly\GAC_64\System.Data\v4.0_4.0.0.0__b77a5c561934e089\System.Data.dll</ModulePath>
      <ModuleTime>2018-04-11T23:35:18.3728771Z</ModuleTime>
      <ModuleName>System.Data</ModuleName>
      <Classes />
    </Module>
    <Module skippedDueTo="Filter" hash="4D-D5-53-6D-75-45-E6-7E-9A-8A-6C-4F-9B-0C-BD-1E-6F-16-49-BA">
      <ModulePath>C:\WINDOWS\Microsoft.Net\assembly\GAC_MSIL\System.Core\v4.0_4.0.0.0__b77a5c561934e089\System.Core.dll</ModulePath>
      <ModuleTime>2018-05-15T15:09:43.3781998Z</ModuleTime>
      <ModuleName>System.Core</ModuleName>
      <Classes />
    </Module>
    <Module skippedDueTo="Filter" hash="4D-D5-53-6D-75-45-E6-7E-9A-8A-6C-4F-9B-0C-BD-1E-6F-16-49-BA">
      <ModulePath>C:\WINDOWS\Microsoft.Net\assembly\GAC_MSIL\System.Core\v4.0_4.0.0.0__b77a5c561934e089\System.Core.dll</ModulePath>
      <ModuleTime>2018-05-15T15:09:43.3781998Z</ModuleTime>
      <ModuleName>System.Core</ModuleName>
      <Classes />
    </Module>
    <Module skippedDueTo="Filter" hash="55-E6-0F-BC-FB-88-00-64-B5-26-5E-5F-B2-09-55-23-6E-AD-51-0E">
      <ModulePath>C:\WINDOWS\Microsoft.Net\assembly\GAC_64\System.Transactions\v4.0_4.0.0.0__b77a5c561934e089\System.Transactions.dll</ModulePath>
      <ModuleTime>2018-04-11T23:35:17.0602785Z</ModuleTime>
      <ModuleName>System.Transactions</ModuleName>
      <Classes />
    </Module>
    <Module skippedDueTo="Filter" hash="AC-47-9F-83-18-8E-6F-EE-68-63-E4-97-D4-21-F0-86-78-BF-89-85">
      <ModulePath>C:\WINDOWS\Microsoft.Net\assembly\GAC_64\System.EnterpriseServices\v4.0_4.0.0.0__b03f5f7f11d50a3a\System.EnterpriseServices.dll</ModulePath>
      <ModuleTime>2018-04-11T23:35:18.3416247Z</ModuleTime>
      <ModuleName>System.EnterpriseServices</ModuleName>
      <Classes />
    </Module>
  </Modules>
</CoverageSession>