<?xml version="1.0" encoding="utf-8"?>
<CoverageSession xmlns:xsd="http://www.w3.org/2001/XMLSchema" xmlns:xsi="http://www.w3.org/2001/XMLSchema-instance">
  <Summary numSequencePoints="688" visitedSequencePoints="220" numBranchPoints="151" visitedBranchPoints="46" sequenceCoverage="31.98" branchCoverage="30.46" maxCyclomaticComplexity="50" minCyclomaticComplexity="0" visitedClasses="4" numClasses="7" visitedMethods="24" numMethods="51" />
  <Modules>
    <Module skippedDueTo="Filter" hash="BF-28-9B-3B-C5-7D-C7-D1-07-71-BB-99-2D-BC-03-1D-F2-8B-1A-68">
      <ModulePath>C:\WINDOWS\assembly\GAC_64\mscorlib\2.0.0.0__b77a5c561934e089\mscorlib.dll</ModulePath>
      <ModuleTime>2018-05-15T14:41:55.040632Z</ModuleTime>
      <ModuleName>mscorlib</ModuleName>
      <Classes />
    </Module>
    <Module skippedDueTo="Filter" hash="F9-04-A8-31-CD-FB-23-72-95-63-5D-14-9A-A0-66-8E-7F-44-93-7A">
      <ModulePath>C:\WINDOWS\assembly\GAC_64\mscorlib\2.0.0.0__b77a5c561934e089\sorttbls.nlp</ModulePath>
      <ModuleTime>2018-05-15T14:41:54.7622606Z</ModuleTime>
      <ModuleName>mscorlib</ModuleName>
      <Classes />
    </Module>
    <Module skippedDueTo="Filter" hash="6E-30-2E-50-36-FB-60-2C-8E-50-C0-83-54-8B-CC-EA-A8-91-B6-CC">
      <ModulePath>C:\WINDOWS\assembly\GAC_64\mscorlib\2.0.0.0__b77a5c561934e089\sortkey.nlp</ModulePath>
      <ModuleTime>2018-05-15T14:41:55.2619706Z</ModuleTime>
      <ModuleName>mscorlib</ModuleName>
      <Classes />
    </Module>
    <Module skippedDueTo="MissingPdb" hash="9F-C3-2E-51-B5-EB-69-B9-60-21-42-1F-17-25-12-07-16-11-20-50">
      <ModulePath>C:\Users\Serlok\source\repos\RES_AMI_pr39pr138\NUnit-2.6.4\NUnit-2.6.4\bin\nunit-console.exe</ModulePath>
      <ModuleTime>2014-12-16T19:26:02Z</ModuleTime>
      <ModuleName>nunit-console</ModuleName>
      <Classes />
    </Module>
    <Module skippedDueTo="MissingPdb" hash="F2-ED-FF-09-01-C9-D7-BC-29-AC-A6-93-C5-97-8A-0D-43-DD-8D-F2">
      <ModulePath>C:\Users\Serlok\source\repos\RES_AMI_pr39pr138\NUnit-2.6.4\NUnit-2.6.4\bin\lib\nunit-console-runner.dll</ModulePath>
      <ModuleTime>2014-12-16T19:26:02Z</ModuleTime>
      <ModuleName>nunit-console-runner</ModuleName>
      <Classes />
    </Module>
    <Module skippedDueTo="MissingPdb" hash="36-B9-FF-C0-07-EA-59-4D-23-2E-FD-CD-5A-45-CF-C0-2C-42-2A-98">
      <ModulePath>C:\Users\Serlok\source\repos\RES_AMI_pr39pr138\NUnit-2.6.4\NUnit-2.6.4\bin\lib\nunit.core.dll</ModulePath>
      <ModuleTime>2014-12-16T19:26:00Z</ModuleTime>
      <ModuleName>nunit.core</ModuleName>
      <Classes />
    </Module>
    <Module skippedDueTo="MissingPdb" hash="14-C3-4B-3E-39-7A-EE-C0-B9-2F-83-44-2F-04-8A-F7-48-7B-67-DE">
      <ModulePath>C:\Users\Serlok\source\repos\RES_AMI_pr39pr138\NUnit-2.6.4\NUnit-2.6.4\bin\lib\nunit.util.dll</ModulePath>
      <ModuleTime>2014-12-16T19:26:00Z</ModuleTime>
      <ModuleName>nunit.util</ModuleName>
      <Classes />
    </Module>
    <Module skippedDueTo="MissingPdb" hash="5E-95-A6-AD-88-48-98-B1-62-7F-4E-5A-C1-0E-F3-B7-85-56-44-E8">
      <ModulePath>C:\Users\Serlok\source\repos\RES_AMI_pr39pr138\NUnit-2.6.4\NUnit-2.6.4\bin\lib\nunit.core.interfaces.dll</ModulePath>
      <ModuleTime>2014-12-16T19:25:58Z</ModuleTime>
      <ModuleName>nunit.core.interfaces</ModuleName>
      <Classes />
    </Module>
    <Module skippedDueTo="Filter" hash="D5-2D-35-25-83-75-E1-FF-01-5D-9D-43-90-C4-A9-A2-2F-9A-37-67">
      <ModulePath>C:\WINDOWS\assembly\GAC_MSIL\System.Configuration\2.0.0.0__b03f5f7f11d50a3a\System.Configuration.dll</ModulePath>
      <ModuleTime>2018-05-15T14:42:11.4088203Z</ModuleTime>
      <ModuleName>System.Configuration</ModuleName>
      <Classes />
    </Module>
    <Module skippedDueTo="Filter" hash="72-48-69-73-DF-87-CA-7D-18-9B-C2-4C-BE-8F-AC-E9-69-29-7F-9E">
      <ModulePath>C:\WINDOWS\assembly\GAC_MSIL\System\2.0.0.0__b77a5c561934e089\System.dll</ModulePath>
      <ModuleTime>2018-05-15T14:42:20.5031551Z</ModuleTime>
      <ModuleName>System</ModuleName>
      <Classes />
    </Module>
    <Module skippedDueTo="Filter" hash="7B-D1-22-5B-7B-A7-FE-8B-DA-9A-45-CC-F9-72-CF-A3-7D-28-1B-FF">
      <ModulePath>C:\WINDOWS\assembly\GAC_MSIL\System.Xml\2.0.0.0__b77a5c561934e089\System.Xml.dll</ModulePath>
      <ModuleTime>2018-05-15T14:42:13.588392Z</ModuleTime>
      <ModuleName>System.Xml</ModuleName>
      <Classes />
    </Module>
    <Module skippedDueTo="Filter" hash="52-D9-3C-F8-7B-3B-11-89-F1-EA-BF-2B-83-43-2C-E5-9B-45-9E-BC">
      <ModulePath>C:\WINDOWS\assembly\GAC_MSIL\System.Runtime.Remoting\2.0.0.0__b77a5c561934e089\System.Runtime.Remoting.dll</ModulePath>
      <ModuleTime>2018-05-15T14:42:13.4606049Z</ModuleTime>
      <ModuleName>System.Runtime.Remoting</ModuleName>
      <Classes />
    </Module>
    <Module skippedDueTo="Filter" hash="56-94-C2-0F-42-5D-5D-2E-6C-FA-34-9A-67-1D-9A-C3-A0-C6-E1-CE">
      <ModulePath>C:\WINDOWS\Microsoft.Net\assembly\GAC_64\mscorlib\v4.0_4.0.0.0__b77a5c561934e089\mscorlib.dll</ModulePath>
      <ModuleTime>2018-05-15T15:09:38.322584Z</ModuleTime>
      <ModuleName>mscorlib</ModuleName>
      <Classes />
    </Module>
    <Module skippedDueTo="MissingPdb" hash="E8-07-A4-A1-06-33-5B-A6-17-CF-DC-6F-28-47-58-85-D6-9F-6B-46">
      <ModulePath>C:\Users\Serlok\source\repos\RES_AMI_pr39pr138\NUnit-2.6.4\NUnit-2.6.4\bin\nunit-agent.exe</ModulePath>
      <ModuleTime>2014-12-16T19:26:02Z</ModuleTime>
      <ModuleName>nunit-agent</ModuleName>
      <Classes />
    </Module>
    <Module skippedDueTo="MissingPdb" hash="36-B9-FF-C0-07-EA-59-4D-23-2E-FD-CD-5A-45-CF-C0-2C-42-2A-98">
      <ModulePath>C:\Users\Serlok\source\repos\RES_AMI_pr39pr138\NUnit-2.6.4\NUnit-2.6.4\bin\lib\nunit.core.dll</ModulePath>
      <ModuleTime>2014-12-16T19:26:00Z</ModuleTime>
      <ModuleName>nunit.core</ModuleName>
      <Classes />
    </Module>
    <Module skippedDueTo="MissingPdb" hash="14-C3-4B-3E-39-7A-EE-C0-B9-2F-83-44-2F-04-8A-F7-48-7B-67-DE">
      <ModulePath>C:\Users\Serlok\source\repos\RES_AMI_pr39pr138\NUnit-2.6.4\NUnit-2.6.4\bin\lib\nunit.util.dll</ModulePath>
      <ModuleTime>2014-12-16T19:26:00Z</ModuleTime>
      <ModuleName>nunit.util</ModuleName>
      <Classes />
    </Module>
    <Module skippedDueTo="MissingPdb" hash="5E-95-A6-AD-88-48-98-B1-62-7F-4E-5A-C1-0E-F3-B7-85-56-44-E8">
      <ModulePath>C:\Users\Serlok\source\repos\RES_AMI_pr39pr138\NUnit-2.6.4\NUnit-2.6.4\bin\lib\nunit.core.interfaces.dll</ModulePath>
      <ModuleTime>2014-12-16T19:25:58Z</ModuleTime>
      <ModuleName>nunit.core.interfaces</ModuleName>
      <Classes />
    </Module>
    <Module skippedDueTo="Filter" hash="25-EA-B4-E7-9E-31-63-5C-13-0D-58-D4-F5-C4-37-1D-82-C2-E8-77">
      <ModulePath>C:\WINDOWS\Microsoft.Net\assembly\GAC_MSIL\System\v4.0_4.0.0.0__b77a5c561934e089\System.dll</ModulePath>
      <ModuleTime>2018-04-11T23:35:18.1228576Z</ModuleTime>
      <ModuleName>System</ModuleName>
      <Classes />
    </Module>
    <Module skippedDueTo="Filter" hash="B5-2C-52-19-7F-DE-8E-1A-EE-7C-F3-4D-31-FC-77-A2-C4-49-EE-AB">
      <ModulePath>C:\WINDOWS\Microsoft.Net\assembly\GAC_MSIL\System.Runtime.Remoting\v4.0_4.0.0.0__b77a5c561934e089\System.Runtime.Remoting.dll</ModulePath>
      <ModuleTime>2018-04-11T23:35:17.0134Z</ModuleTime>
      <ModuleName>System.Runtime.Remoting</ModuleName>
      <Classes />
    </Module>
    <Module skippedDueTo="Filter" hash="2A-F4-1C-14-5D-7A-74-B3-03-8B-1D-2A-59-DC-B6-BE-1D-C8-EF-54">
      <ModulePath>C:\WINDOWS\Microsoft.Net\assembly\GAC_MSIL\System.Configuration\v4.0_4.0.0.0__b03f5f7f11d50a3a\System.Configuration.dll</ModulePath>
      <ModuleTime>2018-04-11T23:35:16.9508953Z</ModuleTime>
      <ModuleName>System.Configuration</ModuleName>
      <Classes />
    </Module>
    <Module skippedDueTo="Filter" hash="F2-26-5B-FA-55-E9-5B-BC-DD-3A-32-56-2C-38-71-11-1A-8E-6D-32">
      <ModulePath>C:\WINDOWS\Microsoft.Net\assembly\GAC_MSIL\System.Xml\v4.0_4.0.0.0__b77a5c561934e089\System.Xml.dll</ModulePath>
      <ModuleTime>2018-04-11T23:35:17.0290261Z</ModuleTime>
      <ModuleName>System.Xml</ModuleName>
      <Classes />
    </Module>
    <Module skippedDueTo="Filter" hash="35-5C-04-D6-33-85-E0-4A-62-3E-E5-BA-4A-CB-AB-05-79-D9-02-21">
      <ModulePath>C:\WINDOWS\Microsoft.Net\assembly\GAC_64\System.Web\v4.0_4.0.0.0__b03f5f7f11d50a3a\System.Web.dll</ModulePath>
      <ModuleTime>2018-04-11T23:35:15.6695494Z</ModuleTime>
      <ModuleName>System.Web</ModuleName>
      <Classes />
    </Module>
    <Module skippedDueTo="Filter" hash="5D-98-3D-00-86-C2-13-75-08-F8-BB-7C-57-A5-00-B7-89-45-A6-5B">
      <ModulePath>C:\WINDOWS\assembly\GAC_64\System.Web\2.0.0.0__b03f5f7f11d50a3a\System.Web.dll</ModulePath>
      <ModuleTime>2018-05-15T14:42:05.8546972Z</ModuleTime>
      <ModuleName>System.Web</ModuleName>
      <Classes />
    </Module>
    <Module skippedDueTo="MissingPdb" hash="36-B9-FF-C0-07-EA-59-4D-23-2E-FD-CD-5A-45-CF-C0-2C-42-2A-98">
      <ModulePath>C:\Users\Serlok\source\repos\RES_AMI_pr39pr138\NUnit-2.6.4\NUnit-2.6.4\bin\lib\nunit.core.dll</ModulePath>
      <ModuleTime>2014-12-16T19:26:00Z</ModuleTime>
      <ModuleName>nunit.core</ModuleName>
      <Classes />
    </Module>
    <Module skippedDueTo="Filter" hash="25-EA-B4-E7-9E-31-63-5C-13-0D-58-D4-F5-C4-37-1D-82-C2-E8-77">
      <ModulePath>C:\WINDOWS\Microsoft.Net\assembly\GAC_MSIL\System\v4.0_4.0.0.0__b77a5c561934e089\System.dll</ModulePath>
      <ModuleTime>2018-04-11T23:35:18.1228576Z</ModuleTime>
      <ModuleName>System</ModuleName>
      <Classes />
    </Module>
    <Module skippedDueTo="MissingPdb" hash="53-25-23-C6-63-70-35-C6-0C-82-04-1A-0A-BF-1A-E7-1F-EA-74-A3">
      <ModulePath>C:\Users\Serlok\source\repos\RES_AMI_pr39pr138\NUnit-2.6.4\NUnit-2.6.4\bin\pnunit.framework.dll</ModulePath>
      <ModuleTime>2014-12-16T19:26:02Z</ModuleTime>
      <ModuleName>pnunit.framework</ModuleName>
      <Classes />
    </Module>
    <Module skippedDueTo="MissingPdb" hash="21-69-E9-47-C6-F8-02-12-31-E6-18-DE-8E-43-24-C9-AB-F7-C2-BE">
      <ModulePath>C:\Users\Serlok\source\repos\RES_AMI_pr39pr138\NUnit-2.6.4\NUnit-2.6.4\bin\pnunit-agent.exe</ModulePath>
      <ModuleTime>2014-12-16T19:26:04Z</ModuleTime>
      <ModuleName>pnunit-agent</ModuleName>
      <Classes />
    </Module>
    <Module skippedDueTo="MissingPdb" hash="5E-95-A6-AD-88-48-98-B1-62-7F-4E-5A-C1-0E-F3-B7-85-56-44-E8">
      <ModulePath>C:\Users\Serlok\source\repos\RES_AMI_pr39pr138\NUnit-2.6.4\NUnit-2.6.4\bin\lib\nunit.core.interfaces.dll</ModulePath>
      <ModuleTime>2014-12-16T19:25:58Z</ModuleTime>
      <ModuleName>nunit.core.interfaces</ModuleName>
      <Classes />
    </Module>
    <Module hash="88-6F-56-E0-63-6E-35-72-E6-73-25-A3-4F-A9-56-4B-69-56-7D-92">
      <Summary numSequencePoints="64" visitedSequencePoints="64" numBranchPoints="13" visitedBranchPoints="13" sequenceCoverage="100" branchCoverage="100" maxCyclomaticComplexity="1" minCyclomaticComplexity="1" visitedClasses="1" numClasses="1" visitedMethods="13" numMethods="13" />
      <ModulePath>C:\Users\Serlok\source\repos\RES_AMI_pr39pr138\AMI_System_Management_Test\bin\Debug\AMI_System_Management_Test.dll</ModulePath>
      <ModuleTime>2018-06-02T16:59:20.5315355Z</ModuleTime>
      <ModuleName>AMI_System_Management_Test</ModuleName>
      <Files>
        <File uid="1" fullPath="C:\Users\Serlok\source\repos\RES_AMI_pr39pr138\AMI_System_Management_Test\AMISystem_Test.cs" />
      </Files>
      <Classes>
        <Class>
          <Summary numSequencePoints="0" visitedSequencePoints="0" numBranchPoints="0" visitedBranchPoints="0" sequenceCoverage="0" branchCoverage="0" maxCyclomaticComplexity="0" minCyclomaticComplexity="0" visitedClasses="0" numClasses="0" visitedMethods="0" numMethods="0" />
          <FullName>&lt;Module&gt;</FullName>
          <Methods />
        </Class>
        <Class>
          <Summary numSequencePoints="64" visitedSequencePoints="64" numBranchPoints="13" visitedBranchPoints="13" sequenceCoverage="100" branchCoverage="100" maxCyclomaticComplexity="1" minCyclomaticComplexity="1" visitedClasses="1" numClasses="1" visitedMethods="13" numMethods="13" />
          <FullName>AMI_System_Management_Test.AMISystem_Test</FullName>
          <Methods>
            <Method visited="true" cyclomaticComplexity="1" nPathComplexity="0" sequenceCoverage="100" branchCoverage="100" isConstructor="false" isStatic="true" isGetter="false" isSetter="false">
              <Summary numSequencePoints="7" visitedSequencePoints="7" numBranchPoints="1" visitedBranchPoints="1" sequenceCoverage="100" branchCoverage="100" maxCyclomaticComplexity="1" minCyclomaticComplexity="1" visitedClasses="0" numClasses="0" visitedMethods="1" numMethods="1" />
              <MetadataToken>100663297</MetadataToken>
              <Name>System.Collections.Generic.IEnumerable`1&lt;System.Object[]&gt; AMI_System_Management_Test.AMISystem_Test::first()</Name>
              <FileRef uid="1" />
              <SequencePoints>
                <SequencePoint vc="1" uspid="1" ordinal="0" offset="0" sl="17" sc="9" el="17" ec="10" bec="0" bev="0" fileid="1" />
                <SequencePoint vc="1" uspid="2" ordinal="1" offset="1" sl="18" sc="13" el="21" ec="15" bec="0" bev="0" fileid="1" />
                <SequencePoint vc="1" uspid="3" ordinal="2" offset="19" sl="22" sc="13" el="25" ec="15" bec="0" bev="0" fileid="1" />
                <SequencePoint vc="1" uspid="4" ordinal="3" offset="38" sl="26" sc="13" el="32" ec="15" bec="0" bev="0" fileid="1" />
                <SequencePoint vc="1" uspid="5" ordinal="4" offset="160" sl="33" sc="13" el="36" ec="15" bec="0" bev="0" fileid="1" />
                <SequencePoint vc="1" uspid="6" ordinal="5" offset="179" sl="39" sc="13" el="39" ec="82" bec="0" bev="0" fileid="1" />
                <SequencePoint vc="1" uspid="7" ordinal="6" offset="214" sl="40" sc="9" el="40" ec="10" bec="0" bev="0" fileid="1" />
              </SequencePoints>
              <BranchPoints />
              <MethodPoint xsi:type="SequencePoint" vc="1" uspid="1" ordinal="0" offset="0" sl="17" sc="9" el="17" ec="10" bec="0" bev="0" fileid="1" />
            </Method>
            <Method visited="true" cyclomaticComplexity="1" nPathComplexity="0" sequenceCoverage="100" branchCoverage="100" isConstructor="false" isStatic="false" isGetter="false" isSetter="false">
              <Summary numSequencePoints="6" visitedSequencePoints="6" numBranchPoints="1" visitedBranchPoints="1" sequenceCoverage="100" branchCoverage="100" maxCyclomaticComplexity="1" minCyclomaticComplexity="1" visitedClasses="0" numClasses="0" visitedMethods="1" numMethods="1" />
              <MetadataToken>100663298</MetadataToken>
              <Name>System.Void AMI_System_Management_Test.AMISystem_Test::SendDataToSystemDataBase_BufferNotEmpty_ReturnsTrue(System.String,System.Collections.Generic.Dictionary`2&lt;System.String,System.Collections.Generic.List`1&lt;System.DateTime&gt;&gt;,System.Collections.Generic.Dictionary`2&lt;System.String,System.Collections.Generic.Dictionary`2&lt;Storage.TypeMeasurement,System.Collections.Generic.List`1&lt;System.Double&gt;&gt;&gt;)</Name>
              <FileRef uid="1" />
              <SequencePoints>
                <SequencePoint vc="1" uspid="8" ordinal="0" offset="0" sl="45" sc="9" el="45" ec="10" bec="0" bev="0" fileid="1" />
                <SequencePoint vc="1" uspid="9" ordinal="1" offset="1" sl="46" sc="13" el="46" ec="67" bec="0" bev="0" fileid="1" />
                <SequencePoint vc="1" uspid="10" ordinal="2" offset="7" sl="47" sc="13" el="47" ec="33" bec="0" bev="0" fileid="1" />
                <SequencePoint vc="1" uspid="11" ordinal="3" offset="9" sl="49" sc="13" el="49" ec="89" bec="0" bev="0" fileid="1" />
                <SequencePoint vc="1" uspid="12" ordinal="4" offset="19" sl="51" sc="13" el="51" ec="43" bec="0" bev="0" fileid="1" />
                <SequencePoint vc="1" uspid="13" ordinal="5" offset="37" sl="52" sc="9" el="52" ec="10" bec="0" bev="0" fileid="1" />
              </SequencePoints>
              <BranchPoints />
              <MethodPoint xsi:type="SequencePoint" vc="1" uspid="8" ordinal="0" offset="0" sl="45" sc="9" el="45" ec="10" bec="0" bev="0" fileid="1" />
            </Method>
            <Method visited="true" cyclomaticComplexity="1" nPathComplexity="0" sequenceCoverage="100" branchCoverage="100" isConstructor="false" isStatic="true" isGetter="false" isSetter="false">
              <Summary numSequencePoints="6" visitedSequencePoints="6" numBranchPoints="1" visitedBranchPoints="1" sequenceCoverage="100" branchCoverage="100" maxCyclomaticComplexity="1" minCyclomaticComplexity="1" visitedClasses="0" numClasses="0" visitedMethods="1" numMethods="1" />
              <MetadataToken>100663299</MetadataToken>
              <Name>System.Collections.Generic.IEnumerable`1&lt;System.Object[]&gt; AMI_System_Management_Test.AMISystem_Test::second()</Name>
              <FileRef uid="1" />
              <SequencePoints>
                <SequencePoint vc="1" uspid="14" ordinal="0" offset="0" sl="55" sc="9" el="55" ec="10" bec="0" bev="0" fileid="1" />
                <SequencePoint vc="1" uspid="15" ordinal="1" offset="1" sl="56" sc="13" el="59" ec="15" bec="0" bev="0" fileid="1" />
                <SequencePoint vc="1" uspid="16" ordinal="2" offset="19" sl="60" sc="13" el="63" ec="15" bec="0" bev="0" fileid="1" />
                <SequencePoint vc="1" uspid="17" ordinal="3" offset="38" sl="65" sc="13" el="65" ec="152" bec="0" bev="0" fileid="1" />
                <SequencePoint vc="1" uspid="18" ordinal="4" offset="44" sl="69" sc="13" el="69" ec="82" bec="0" bev="0" fileid="1" />
                <SequencePoint vc="1" uspid="19" ordinal="5" offset="78" sl="70" sc="9" el="70" ec="10" bec="0" bev="0" fileid="1" />
              </SequencePoints>
              <BranchPoints />
              <MethodPoint xsi:type="SequencePoint" vc="1" uspid="14" ordinal="0" offset="0" sl="55" sc="9" el="55" ec="10" bec="0" bev="0" fileid="1" />
            </Method>
            <Method visited="true" cyclomaticComplexity="1" nPathComplexity="0" sequenceCoverage="100" branchCoverage="100" isConstructor="false" isStatic="false" isGetter="false" isSetter="false">
              <Summary numSequencePoints="6" visitedSequencePoints="6" numBranchPoints="1" visitedBranchPoints="1" sequenceCoverage="100" branchCoverage="100" maxCyclomaticComplexity="1" minCyclomaticComplexity="1" visitedClasses="0" numClasses="0" visitedMethods="1" numMethods="1" />
              <MetadataToken>100663300</MetadataToken>
              <Name>System.Void AMI_System_Management_Test.AMISystem_Test::SendDataToSystemDataBase_BufferEmpty_ReturnsFalse(System.String,System.Collections.Generic.Dictionary`2&lt;System.String,System.Collections.Generic.List`1&lt;System.DateTime&gt;&gt;,System.Collections.Generic.Dictionary`2&lt;System.String,System.Collections.Generic.Dictionary`2&lt;Storage.TypeMeasurement,System.Collections.Generic.List`1&lt;System.Double&gt;&gt;&gt;)</Name>
              <FileRef uid="1" />
              <SequencePoints>
                <SequencePoint vc="1" uspid="20" ordinal="0" offset="0" sl="75" sc="9" el="75" ec="10" bec="0" bev="0" fileid="1" />
                <SequencePoint vc="1" uspid="21" ordinal="1" offset="1" sl="76" sc="13" el="76" ec="67" bec="0" bev="0" fileid="1" />
                <SequencePoint vc="1" uspid="22" ordinal="2" offset="7" sl="77" sc="13" el="77" ec="33" bec="0" bev="0" fileid="1" />
                <SequencePoint vc="1" uspid="23" ordinal="3" offset="9" sl="79" sc="13" el="79" ec="89" bec="0" bev="0" fileid="1" />
                <SequencePoint vc="1" uspid="24" ordinal="4" offset="19" sl="81" sc="13" el="81" ec="44" bec="0" bev="0" fileid="1" />
                <SequencePoint vc="1" uspid="25" ordinal="5" offset="37" sl="82" sc="9" el="82" ec="10" bec="0" bev="0" fileid="1" />
              </SequencePoints>
              <BranchPoints />
              <MethodPoint xsi:type="SequencePoint" vc="1" uspid="20" ordinal="0" offset="0" sl="75" sc="9" el="75" ec="10" bec="0" bev="0" fileid="1" />
            </Method>
            <Method visited="true" cyclomaticComplexity="1" nPathComplexity="0" sequenceCoverage="100" branchCoverage="100" isConstructor="false" isStatic="false" isGetter="false" isSetter="false">
              <Summary numSequencePoints="5" visitedSequencePoints="5" numBranchPoints="1" visitedBranchPoints="1" sequenceCoverage="100" branchCoverage="100" maxCyclomaticComplexity="1" minCyclomaticComplexity="1" visitedClasses="0" numClasses="0" visitedMethods="1" numMethods="1" />
              <MetadataToken>100663301</MetadataToken>
              <Name>System.Void AMI_System_Management_Test.AMISystem_Test::GetAllAgregatorsFromDataBase_ThereIsAgregatorsInBase_ReturnsList()</Name>
              <FileRef uid="1" />
              <SequencePoints>
                <SequencePoint vc="1" uspid="26" ordinal="0" offset="0" sl="86" sc="9" el="86" ec="10" bec="0" bev="0" fileid="1" />
                <SequencePoint vc="1" uspid="27" ordinal="1" offset="1" sl="87" sc="13" el="87" ec="67" bec="0" bev="0" fileid="1" />
                <SequencePoint vc="1" uspid="28" ordinal="2" offset="7" sl="89" sc="13" el="89" ec="82" bec="0" bev="0" fileid="1" />
                <SequencePoint vc="1" uspid="29" ordinal="3" offset="13" sl="91" sc="13" el="91" ec="47" bec="0" bev="0" fileid="1" />
                <SequencePoint vc="1" uspid="30" ordinal="4" offset="20" sl="92" sc="9" el="92" ec="10" bec="0" bev="0" fileid="1" />
              </SequencePoints>
              <BranchPoints />
              <MethodPoint xsi:type="SequencePoint" vc="1" uspid="26" ordinal="0" offset="0" sl="86" sc="9" el="86" ec="10" bec="0" bev="0" fileid="1" />
            </Method>
            <Method visited="true" cyclomaticComplexity="1" nPathComplexity="0" sequenceCoverage="100" branchCoverage="100" isConstructor="false" isStatic="false" isGetter="false" isSetter="false">
              <Summary numSequencePoints="6" visitedSequencePoints="6" numBranchPoints="1" visitedBranchPoints="1" sequenceCoverage="100" branchCoverage="100" maxCyclomaticComplexity="1" minCyclomaticComplexity="1" visitedClasses="0" numClasses="0" visitedMethods="1" numMethods="1" />
              <MetadataToken>100663302</MetadataToken>
              <Name>System.Void AMI_System_Management_Test.AMISystem_Test::GetEarliesOrLatesttDateFromDatabase_ArgumentEarliest_ReturnsTime()</Name>
              <FileRef uid="1" />
              <SequencePoints>
                <SequencePoint vc="1" uspid="31" ordinal="0" offset="0" sl="96" sc="9" el="96" ec="10" bec="0" bev="0" fileid="1" />
                <SequencePoint vc="1" uspid="32" ordinal="1" offset="1" sl="97" sc="13" el="97" ec="67" bec="0" bev="0" fileid="1" />
                <SequencePoint vc="1" uspid="33" ordinal="2" offset="7" sl="98" sc="13" el="98" ec="42" bec="0" bev="0" fileid="1" />
                <SequencePoint vc="1" uspid="34" ordinal="3" offset="13" sl="100" sc="13" el="100" ec="100" bec="0" bev="0" fileid="1" />
                <SequencePoint vc="1" uspid="35" ordinal="4" offset="24" sl="102" sc="13" el="102" ec="47" bec="0" bev="0" fileid="1" />
                <SequencePoint vc="1" uspid="36" ordinal="5" offset="42" sl="103" sc="9" el="103" ec="10" bec="0" bev="0" fileid="1" />
              </SequencePoints>
              <BranchPoints />
              <MethodPoint xsi:type="SequencePoint" vc="1" uspid="31" ordinal="0" offset="0" sl="96" sc="9" el="96" ec="10" bec="0" bev="0" fileid="1" />
            </Method>
            <Method visited="true" cyclomaticComplexity="1" nPathComplexity="0" sequenceCoverage="100" branchCoverage="100" isConstructor="false" isStatic="false" isGetter="false" isSetter="false">
              <Summary numSequencePoints="6" visitedSequencePoints="6" numBranchPoints="1" visitedBranchPoints="1" sequenceCoverage="100" branchCoverage="100" maxCyclomaticComplexity="1" minCyclomaticComplexity="1" visitedClasses="0" numClasses="0" visitedMethods="1" numMethods="1" />
              <MetadataToken>100663303</MetadataToken>
              <Name>System.Void AMI_System_Management_Test.AMISystem_Test::GetEarliesOrLatesttDateFromDatabase_ArgumentLatest_ReturnsTime()</Name>
              <FileRef uid="1" />
              <SequencePoints>
                <SequencePoint vc="1" uspid="37" ordinal="0" offset="0" sl="107" sc="9" el="107" ec="10" bec="0" bev="0" fileid="1" />
                <SequencePoint vc="1" uspid="38" ordinal="1" offset="1" sl="108" sc="13" el="108" ec="67" bec="0" bev="0" fileid="1" />
                <SequencePoint vc="1" uspid="39" ordinal="2" offset="7" sl="109" sc="13" el="109" ec="42" bec="0" bev="0" fileid="1" />
                <SequencePoint vc="1" uspid="40" ordinal="3" offset="13" sl="111" sc="13" el="111" ec="99" bec="0" bev="0" fileid="1" />
                <SequencePoint vc="1" uspid="41" ordinal="4" offset="24" sl="113" sc="13" el="113" ec="47" bec="0" bev="0" fileid="1" />
                <SequencePoint vc="1" uspid="42" ordinal="5" offset="42" sl="114" sc="9" el="114" ec="10" bec="0" bev="0" fileid="1" />
              </SequencePoints>
              <BranchPoints />
              <MethodPoint xsi:type="SequencePoint" vc="1" uspid="37" ordinal="0" offset="0" sl="107" sc="9" el="107" ec="10" bec="0" bev="0" fileid="1" />
            </Method>
            <Method visited="true" cyclomaticComplexity="1" nPathComplexity="0" sequenceCoverage="100" branchCoverage="100" isConstructor="false" isStatic="true" isGetter="false" isSetter="false">
              <Summary numSequencePoints="3" visitedSequencePoints="3" numBranchPoints="1" visitedBranchPoints="1" sequenceCoverage="100" branchCoverage="100" maxCyclomaticComplexity="1" minCyclomaticComplexity="1" visitedClasses="0" numClasses="0" visitedMethods="1" numMethods="1" />
              <MetadataToken>100663304</MetadataToken>
              <Name>System.Collections.Generic.IEnumerable`1&lt;System.Object[]&gt; AMI_System_Management_Test.AMISystem_Test::Third()</Name>
              <FileRef uid="1" />
              <SequencePoints>
                <SequencePoint vc="1" uspid="43" ordinal="0" offset="0" sl="117" sc="9" el="117" ec="10" bec="0" bev="0" fileid="1" />
                <SequencePoint vc="1" uspid="44" ordinal="1" offset="1" sl="120" sc="13" el="120" ec="114" bec="0" bev="0" fileid="1" />
                <SequencePoint vc="1" uspid="45" ordinal="2" offset="58" sl="121" sc="9" el="121" ec="10" bec="0" bev="0" fileid="1" />
              </SequencePoints>
              <BranchPoints />
              <MethodPoint xsi:type="SequencePoint" vc="1" uspid="43" ordinal="0" offset="0" sl="117" sc="9" el="117" ec="10" bec="0" bev="0" fileid="1" />
            </Method>
            <Method visited="true" cyclomaticComplexity="1" nPathComplexity="0" sequenceCoverage="100" branchCoverage="100" isConstructor="false" isStatic="false" isGetter="false" isSetter="false">
              <Summary numSequencePoints="4" visitedSequencePoints="4" numBranchPoints="1" visitedBranchPoints="1" sequenceCoverage="100" branchCoverage="100" maxCyclomaticComplexity="1" minCyclomaticComplexity="1" visitedClasses="0" numClasses="0" visitedMethods="1" numMethods="1" />
              <MetadataToken>100663305</MetadataToken>
              <Name>System.Void AMI_System_Management_Test.AMISystem_Test::GetDatesAndValuesFromDataBase(System.String,System.String,System.DateTime)</Name>
              <FileRef uid="1" />
              <SequencePoints>
                <SequencePoint vc="1" uspid="46" ordinal="0" offset="0" sl="126" sc="9" el="126" ec="10" bec="0" bev="0" fileid="1" />
                <SequencePoint vc="1" uspid="47" ordinal="1" offset="1" sl="129" sc="13" el="129" ec="145" bec="0" bev="0" fileid="1" />
                <SequencePoint vc="1" uspid="48" ordinal="2" offset="10" sl="131" sc="13" el="131" ec="46" bec="0" bev="0" fileid="1" />
                <SequencePoint vc="1" uspid="49" ordinal="3" offset="17" sl="132" sc="9" el="132" ec="10" bec="0" bev="0" fileid="1" />
              </SequencePoints>
              <BranchPoints />
              <MethodPoint xsi:type="SequencePoint" vc="1" uspid="46" ordinal="0" offset="0" sl="126" sc="9" el="126" ec="10" bec="0" bev="0" fileid="1" />
            </Method>
            <Method visited="true" cyclomaticComplexity="1" nPathComplexity="0" sequenceCoverage="100" branchCoverage="100" isConstructor="false" isStatic="true" isGetter="false" isSetter="false">
              <Summary numSequencePoints="3" visitedSequencePoints="3" numBranchPoints="1" visitedBranchPoints="1" sequenceCoverage="100" branchCoverage="100" maxCyclomaticComplexity="1" minCyclomaticComplexity="1" visitedClasses="0" numClasses="0" visitedMethods="1" numMethods="1" />
              <MetadataToken>100663306</MetadataToken>
              <Name>System.Collections.Generic.IEnumerable`1&lt;System.Object[]&gt; AMI_System_Management_Test.AMISystem_Test::Fourth()</Name>
              <FileRef uid="1" />
              <SequencePoints>
                <SequencePoint vc="1" uspid="50" ordinal="0" offset="0" sl="135" sc="9" el="135" ec="10" bec="0" bev="0" fileid="1" />
                <SequencePoint vc="1" uspid="51" ordinal="1" offset="1" sl="138" sc="13" el="138" ec="116" bec="0" bev="0" fileid="1" />
                <SequencePoint vc="1" uspid="52" ordinal="2" offset="67" sl="139" sc="9" el="139" ec="10" bec="0" bev="0" fileid="1" />
              </SequencePoints>
              <BranchPoints />
              <MethodPoint xsi:type="SequencePoint" vc="1" uspid="50" ordinal="0" offset="0" sl="135" sc="9" el="135" ec="10" bec="0" bev="0" fileid="1" />
            </Method>
            <Method visited="true" cyclomaticComplexity="1" nPathComplexity="0" sequenceCoverage="100" branchCoverage="100" isConstructor="false" isStatic="false" isGetter="false" isSetter="false">
              <Summary numSequencePoints="5" visitedSequencePoints="5" numBranchPoints="1" visitedBranchPoints="1" sequenceCoverage="100" branchCoverage="100" maxCyclomaticComplexity="1" minCyclomaticComplexity="1" visitedClasses="0" numClasses="0" visitedMethods="1" numMethods="1" />
              <MetadataToken>100663307</MetadataToken>
              <Name>System.Void AMI_System_Management_Test.AMISystem_Test::GetValuesFromDatabase(System.String,System.String,System.DateTime,System.Int32&amp;)</Name>
              <FileRef uid="1" />
              <SequencePoints>
                <SequencePoint vc="1" uspid="53" ordinal="0" offset="0" sl="144" sc="9" el="144" ec="10" bec="0" bev="0" fileid="1" />
                <SequencePoint vc="1" uspid="54" ordinal="1" offset="1" sl="146" sc="13" el="146" ec="30" bec="0" bev="0" fileid="1" />
                <SequencePoint vc="1" uspid="55" ordinal="2" offset="5" sl="148" sc="13" el="148" ec="151" bec="0" bev="0" fileid="1" />
                <SequencePoint vc="1" uspid="56" ordinal="3" offset="16" sl="150" sc="13" el="150" ec="48" bec="0" bev="0" fileid="1" />
                <SequencePoint vc="1" uspid="57" ordinal="4" offset="23" sl="151" sc="9" el="151" ec="10" bec="0" bev="0" fileid="1" />
              </SequencePoints>
              <BranchPoints />
              <MethodPoint xsi:type="SequencePoint" vc="1" uspid="53" ordinal="0" offset="0" sl="144" sc="9" el="144" ec="10" bec="0" bev="0" fileid="1" />
            </Method>
            <Method visited="true" cyclomaticComplexity="1" nPathComplexity="0" sequenceCoverage="100" branchCoverage="100" isConstructor="false" isStatic="true" isGetter="false" isSetter="false">
              <Summary numSequencePoints="3" visitedSequencePoints="3" numBranchPoints="1" visitedBranchPoints="1" sequenceCoverage="100" branchCoverage="100" maxCyclomaticComplexity="1" minCyclomaticComplexity="1" visitedClasses="0" numClasses="0" visitedMethods="1" numMethods="1" />
              <MetadataToken>100663308</MetadataToken>
              <Name>System.Collections.Generic.IEnumerable`1&lt;System.Object[]&gt; AMI_System_Management_Test.AMISystem_Test::Fifth()</Name>
              <FileRef uid="1" />
              <SequencePoints>
                <SequencePoint vc="1" uspid="58" ordinal="0" offset="0" sl="154" sc="9" el="154" ec="10" bec="0" bev="0" fileid="1" />
                <SequencePoint vc="1" uspid="59" ordinal="1" offset="1" sl="156" sc="13" el="156" ec="74" bec="0" bev="0" fileid="1" />
                <SequencePoint vc="1" uspid="60" ordinal="2" offset="40" sl="157" sc="9" el="157" ec="10" bec="0" bev="0" fileid="1" />
              </SequencePoints>
              <BranchPoints />
              <MethodPoint xsi:type="SequencePoint" vc="1" uspid="58" ordinal="0" offset="0" sl="154" sc="9" el="154" ec="10" bec="0" bev="0" fileid="1" />
            </Method>
            <Method visited="true" cyclomaticComplexity="1" nPathComplexity="0" sequenceCoverage="100" branchCoverage="100" isConstructor="false" isStatic="false" isGetter="false" isSetter="false">
              <Summary numSequencePoints="4" visitedSequencePoints="4" numBranchPoints="1" visitedBranchPoints="1" sequenceCoverage="100" branchCoverage="100" maxCyclomaticComplexity="1" minCyclomaticComplexity="1" visitedClasses="0" numClasses="0" visitedMethods="1" numMethods="1" />
              <MetadataToken>100663309</MetadataToken>
              <Name>System.Void AMI_System_Management_Test.AMISystem_Test::GetDatesAndValuesFromDataBase(System.String,System.DateTime)</Name>
              <FileRef uid="1" />
              <SequencePoints>
                <SequencePoint vc="1" uspid="61" ordinal="0" offset="0" sl="162" sc="9" el="162" ec="10" bec="0" bev="0" fileid="1" />
                <SequencePoint vc="1" uspid="62" ordinal="1" offset="1" sl="163" sc="13" el="163" ec="135" bec="0" bev="0" fileid="1" />
                <SequencePoint vc="1" uspid="63" ordinal="2" offset="9" sl="165" sc="13" el="165" ec="46" bec="0" bev="0" fileid="1" />
                <SequencePoint vc="1" uspid="64" ordinal="3" offset="16" sl="166" sc="9" el="166" ec="10" bec="0" bev="0" fileid="1" />
              </SequencePoints>
              <BranchPoints />
              <MethodPoint xsi:type="SequencePoint" vc="1" uspid="61" ordinal="0" offset="0" sl="162" sc="9" el="162" ec="10" bec="0" bev="0" fileid="1" />
            </Method>
            <Method visited="true" cyclomaticComplexity="1" nPathComplexity="0" sequenceCoverage="0" branchCoverage="0" isConstructor="true" isStatic="false" isGetter="false" isSetter="false">
              <Summary numSequencePoints="0" visitedSequencePoints="0" numBranchPoints="0" visitedBranchPoints="0" sequenceCoverage="0" branchCoverage="0" maxCyclomaticComplexity="1" minCyclomaticComplexity="1" visitedClasses="0" numClasses="0" visitedMethods="0" numMethods="0" />
              <MetadataToken>100663310</MetadataToken>
              <Name>System.Void AMI_System_Management_Test.AMISystem_Test::.ctor()</Name>
              <SequencePoints />
              <BranchPoints />
              <MethodPoint vc="1" uspid="65" ordinal="0" offset="0" />
            </Method>
          </Methods>
        </Class>
      </Classes>
    </Module>
    <Module skippedDueTo="MissingPdb" hash="A2-D0-DB-C9-20-FB-37-90-D4-D6-25-E5-C4-7B-E0-42-CA-32-C0-51">
      <ModulePath>C:\Users\Serlok\source\repos\RES_AMI_pr39pr138\AMI_System_Management_Test\bin\Debug\nunit.framework.dll</ModulePath>
      <ModuleTime>2014-12-16T19:25:58Z</ModuleTime>
      <ModuleName>nunit.framework</ModuleName>
      <Classes />
    </Module>
    <Module hash="CA-F1-31-7D-86-91-3E-5C-CC-40-C9-F8-CC-AC-FA-BF-4B-76-43-C6">
      <Summary numSequencePoints="0" visitedSequencePoints="0" numBranchPoints="0" visitedBranchPoints="0" sequenceCoverage="0" branchCoverage="0" maxCyclomaticComplexity="0" minCyclomaticComplexity="0" visitedClasses="0" numClasses="0" visitedMethods="0" numMethods="0" />
      <ModulePath>C:\Users\Serlok\source\repos\RES_AMI_pr39pr138\AMI_System_Management_Test\bin\Debug\Enums.dll</ModulePath>
      <ModuleTime>2018-06-02T15:58:07.4806368Z</ModuleTime>
      <ModuleName>Enums</ModuleName>
      <Files />
      <Classes>
        <Class>
          <Summary numSequencePoints="0" visitedSequencePoints="0" numBranchPoints="0" visitedBranchPoints="0" sequenceCoverage="0" branchCoverage="0" maxCyclomaticComplexity="0" minCyclomaticComplexity="0" visitedClasses="0" numClasses="0" visitedMethods="0" numMethods="0" />
          <FullName>&lt;Module&gt;</FullName>
          <Methods />
        </Class>
      </Classes>
    </Module>
    <Module skippedDueTo="MissingPdb" hash="F2-ED-FF-09-01-C9-D7-BC-29-AC-A6-93-C5-97-8A-0D-43-DD-8D-F2">
      <ModulePath>C:\Users\Serlok\source\repos\RES_AMI_pr39pr138\NUnit-2.6.4\NUnit-2.6.4\bin\lib\nunit-console-runner.dll</ModulePath>
      <ModuleTime>2014-12-16T19:26:02Z</ModuleTime>
      <ModuleName>nunit-console-runner</ModuleName>
      <Classes />
    </Module>
    <Module skippedDueTo="Filter" hash="B5-2C-52-19-7F-DE-8E-1A-EE-7C-F3-4D-31-FC-77-A2-C4-49-EE-AB">
      <ModulePath>C:\WINDOWS\Microsoft.Net\assembly\GAC_MSIL\System.Runtime.Remoting\v4.0_4.0.0.0__b77a5c561934e089\System.Runtime.Remoting.dll</ModulePath>
      <ModuleTime>2018-04-11T23:35:17.0134Z</ModuleTime>
      <ModuleName>System.Runtime.Remoting</ModuleName>
      <Classes />
    </Module>
    <Module skippedDueTo="Filter" hash="2A-F4-1C-14-5D-7A-74-B3-03-8B-1D-2A-59-DC-B6-BE-1D-C8-EF-54">
      <ModulePath>C:\WINDOWS\Microsoft.Net\assembly\GAC_MSIL\System.Configuration\v4.0_4.0.0.0__b03f5f7f11d50a3a\System.Configuration.dll</ModulePath>
      <ModuleTime>2018-04-11T23:35:16.9508953Z</ModuleTime>
      <ModuleName>System.Configuration</ModuleName>
      <Classes />
    </Module>
    <Module skippedDueTo="Filter" hash="F2-26-5B-FA-55-E9-5B-BC-DD-3A-32-56-2C-38-71-11-1A-8E-6D-32">
      <ModulePath>C:\WINDOWS\Microsoft.Net\assembly\GAC_MSIL\System.Xml\v4.0_4.0.0.0__b77a5c561934e089\System.Xml.dll</ModulePath>
      <ModuleTime>2018-04-11T23:35:17.0290261Z</ModuleTime>
      <ModuleName>System.Xml</ModuleName>
      <Classes />
    </Module>
    <Module hash="75-18-36-7A-9F-FA-DA-EA-59-24-7F-6F-D0-73-84-46-03-C2-84-E8">
      <Summary numSequencePoints="624" visitedSequencePoints="156" numBranchPoints="138" visitedBranchPoints="33" sequenceCoverage="25" branchCoverage="23.91" maxCyclomaticComplexity="50" minCyclomaticComplexity="1" visitedClasses="3" numClasses="6" visitedMethods="11" numMethods="38" />
      <ModulePath>C:\Users\Serlok\source\repos\RES_AMI_pr39pr138\AMI_System_Management_Test\bin\Debug\AMY_System_Management.exe</ModulePath>
      <ModuleTime>2018-06-02T15:58:11.2036014Z</ModuleTime>
      <ModuleName>AMY_System_Management</ModuleName>
      <Files>
        <File uid="3" fullPath="C:\Users\Serlok\source\repos\RES_AMI_pr39pr138\AMI_System_Management\AMISystem_Management.cs" />
        <File uid="5" fullPath="C:\Users\Serlok\source\repos\RES_AMI_pr39pr138\AMI_System_Management\obj\Debug\App.g.cs" />
        <File uid="6" fullPath="C:\Users\Serlok\source\repos\RES_AMI_pr39pr138\AMI_System_Management\App.xaml" />
        <File uid="7" fullPath="C:\Users\Serlok\source\repos\RES_AMI_pr39pr138\AMI_System_Management\MainWindow.xaml.cs" />
        <File uid="8" fullPath="C:\Users\Serlok\source\repos\RES_AMI_pr39pr138\AMI_System_Management\MainWindow.xaml" />
        <File uid="9" fullPath="C:\Users\Serlok\source\repos\RES_AMI_pr39pr138\AMI_System_Management\Properties\Resources.Designer.cs" />
        <File uid="10" fullPath="C:\Users\Serlok\source\repos\RES_AMI_pr39pr138\AMI_System_Management\Properties\Settings.Designer.cs" />
      </Files>
      <Classes>
        <Class>
          <Summary numSequencePoints="0" visitedSequencePoints="0" numBranchPoints="0" visitedBranchPoints="0" sequenceCoverage="0" branchCoverage="0" maxCyclomaticComplexity="0" minCyclomaticComplexity="0" visitedClasses="0" numClasses="0" visitedMethods="0" numMethods="0" />
          <FullName>&lt;Module&gt;</FullName>
          <Methods />
        </Class>
        <Class>
          <Summary numSequencePoints="191" visitedSequencePoints="152" numBranchPoints="42" visitedBranchPoints="30" sequenceCoverage="79.58" branchCoverage="71.43" maxCyclomaticComplexity="13" minCyclomaticComplexity="1" visitedClasses="1" numClasses="1" visitedMethods="8" numMethods="10" />
          <FullName>AMI_System_Management.AMISystem_Management</FullName>
          <Methods>
            <Method visited="true" cyclomaticComplexity="1" nPathComplexity="0" sequenceCoverage="100" branchCoverage="100" isConstructor="true" isStatic="false" isGetter="false" isSetter="false">
              <Summary numSequencePoints="3" visitedSequencePoints="3" numBranchPoints="1" visitedBranchPoints="1" sequenceCoverage="100" branchCoverage="100" maxCyclomaticComplexity="1" minCyclomaticComplexity="1" visitedClasses="0" numClasses="0" visitedMethods="1" numMethods="1" />
              <MetadataToken>100663297</MetadataToken>
              <Name>System.Void AMI_System_Management.AMISystem_Management::.ctor()</Name>
              <FileRef uid="3" />
              <SequencePoints>
                <SequencePoint vc="5" uspid="66" ordinal="0" offset="0" sl="23" sc="3" el="23" ec="32" bec="0" bev="0" fileid="3" />
                <SequencePoint vc="5" uspid="67" ordinal="1" offset="7" sl="24" sc="9" el="24" ec="10" bec="0" bev="0" fileid="3" />
                <SequencePoint vc="5" uspid="68" ordinal="2" offset="8" sl="26" sc="9" el="26" ec="10" bec="0" bev="0" fileid="3" />
              </SequencePoints>
              <BranchPoints />
              <MethodPoint xsi:type="SequencePoint" vc="5" uspid="66" ordinal="0" offset="0" sl="23" sc="3" el="23" ec="32" bec="0" bev="0" fileid="3" />
            </Method>
            <Method visited="true" cyclomaticComplexity="13" nPathComplexity="256" sequenceCoverage="95.08" branchCoverage="82.35" isConstructor="false" isStatic="false" isGetter="false" isSetter="false">
              <Summary numSequencePoints="61" visitedSequencePoints="58" numBranchPoints="17" visitedBranchPoints="14" sequenceCoverage="95.08" branchCoverage="82.35" maxCyclomaticComplexity="13" minCyclomaticComplexity="13" visitedClasses="0" numClasses="0" visitedMethods="1" numMethods="1" />
              <MetadataToken>100663298</MetadataToken>
              <Name>System.Boolean AMI_System_Management.AMISystem_Management::SendDataToSystemDataBase(System.String,System.Collections.Generic.Dictionary`2&lt;System.String,System.Collections.Generic.List`1&lt;System.DateTime&gt;&gt;,System.Collections.Generic.Dictionary`2&lt;System.String,System.Collections.Generic.Dictionary`2&lt;Storage.TypeMeasurement,System.Collections.Generic.List`1&lt;System.Double&gt;&gt;&gt;)</Name>
              <FileRef uid="3" />
              <SequencePoints>
                <SequencePoint vc="2" uspid="69" ordinal="0" offset="0" sl="31" sc="9" el="31" ec="10" bec="0" bev="0" fileid="3" />
                <SequencePoint vc="2" uspid="70" ordinal="1" offset="1" sl="32" sc="13" el="32" ec="33" bec="0" bev="0" fileid="3" />
                <SequencePoint vc="2" uspid="71" ordinal="2" offset="3" sl="34" sc="13" el="34" ec="110" bec="0" bev="0" fileid="3" />
                <SequencePoint vc="2" uspid="72" ordinal="3" offset="31" sl="35" sc="13" el="35" ec="35" bec="2" bev="2" fileid="3" />
                <SequencePoint vc="1" uspid="73" ordinal="4" offset="47" sl="36" sc="13" el="36" ec="14" bec="0" bev="0" fileid="3" />
                <SequencePoint vc="1" uspid="74" ordinal="5" offset="48" sl="39" sc="12" el="39" ec="64" bec="0" bev="0" fileid="3" />
                <SequencePoint vc="1" uspid="75" ordinal="6" offset="59" sl="40" sc="17" el="40" ec="18" bec="0" bev="0" fileid="3" />
                <SequencePoint vc="1" uspid="76" ordinal="7" offset="60" sl="41" sc="21" el="41" ec="32" bec="0" bev="0" fileid="3" />
                <SequencePoint vc="1" uspid="77" ordinal="8" offset="67" sl="44" sc="21" el="44" ec="45" bec="0" bev="0" fileid="3" />
                <SequencePoint vc="1" uspid="78" ordinal="9" offset="74" sl="45" sc="21" el="45" ec="72" bec="0" bev="0" fileid="3" />
                <SequencePoint vc="1" uspid="79" ordinal="10" offset="86" sl="46" sc="21" el="46" ec="73" bec="0" bev="0" fileid="3" />
                <SequencePoint vc="1" uspid="80" ordinal="11" offset="98" sl="47" sc="21" el="47" ec="76" bec="0" bev="0" fileid="3" />
                <SequencePoint vc="1" uspid="81" ordinal="12" offset="110" sl="48" sc="21" el="48" ec="78" bec="0" bev="0" fileid="3" />
                <SequencePoint vc="1" uspid="82" ordinal="13" offset="122" sl="50" sc="21" el="50" ec="28" bec="0" bev="0" fileid="3" />
                <SequencePoint vc="1" uspid="83" ordinal="14" offset="123" sl="50" sc="46" el="50" ec="52" bec="0" bev="0" fileid="3" />
                <SequencePoint vc="1" uspid="84" ordinal="15" offset="136" sl="50" sc="30" el="50" ec="42" bec="0" bev="0" fileid="3" />
                <SequencePoint vc="1" uspid="85" ordinal="16" offset="145" sl="51" sc="21" el="51" ec="22" bec="0" bev="0" fileid="3" />
                <SequencePoint vc="1" uspid="86" ordinal="17" offset="146" sl="52" sc="25" el="52" ec="52" bec="0" bev="0" fileid="3" />
                <SequencePoint vc="1" uspid="87" ordinal="18" offset="155" sl="54" sc="25" el="54" ec="173" bec="0" bev="0" fileid="3" />
                <SequencePoint vc="1" uspid="88" ordinal="19" offset="225" sl="56" sc="25" el="57" ec="35" bec="0" bev="0" fileid="3" />
                <SequencePoint vc="1" uspid="89" ordinal="20" offset="232" sl="59" sc="25" el="59" ec="32" bec="0" bev="0" fileid="3" />
                <SequencePoint vc="1" uspid="90" ordinal="21" offset="233" sl="59" sc="46" el="59" ec="60" bec="0" bev="0" fileid="3" />
                <SequencePoint vc="4" uspid="91" ordinal="22" offset="249" sl="59" sc="34" el="59" ec="42" bec="0" bev="0" fileid="3" />
                <SequencePoint vc="4" uspid="92" ordinal="23" offset="258" sl="60" sc="25" el="60" ec="26" bec="0" bev="0" fileid="3" />
                <SequencePoint vc="4" uspid="93" ordinal="24" offset="259" sl="62" sc="29" el="62" ec="70" bec="2" bev="2" fileid="3" />
                <SequencePoint vc="1" uspid="94" ordinal="25" offset="275" sl="63" sc="33" el="63" ec="55" bec="0" bev="0" fileid="3" />
                <SequencePoint vc="4" uspid="95" ordinal="26" offset="284" sl="65" sc="29" el="65" ec="73" bec="2" bev="2" fileid="3" />
                <SequencePoint vc="1" uspid="96" ordinal="27" offset="300" sl="66" sc="33" el="66" ec="58" bec="0" bev="0" fileid="3" />
                <SequencePoint vc="4" uspid="97" ordinal="28" offset="309" sl="68" sc="29" el="68" ec="69" bec="2" bev="2" fileid="3" />
                <SequencePoint vc="1" uspid="98" ordinal="29" offset="325" sl="69" sc="33" el="69" ec="54" bec="0" bev="0" fileid="3" />
                <SequencePoint vc="4" uspid="99" ordinal="30" offset="334" sl="71" sc="29" el="71" ec="75" bec="2" bev="2" fileid="3" />
                <SequencePoint vc="1" uspid="100" ordinal="31" offset="350" sl="72" sc="33" el="72" ec="60" bec="0" bev="0" fileid="3" />
                <SequencePoint vc="4" uspid="101" ordinal="32" offset="359" sl="74" sc="25" el="74" ec="26" bec="0" bev="0" fileid="3" />
                <SequencePoint vc="5" uspid="102" ordinal="33" offset="360" sl="59" sc="43" el="59" ec="45" bec="0" bev="0" fileid="3" />
                <SequencePoint vc="1" uspid="103" ordinal="34" offset="386" sl="76" sc="25" el="76" ec="50" bec="2" bev="1" fileid="3" />
                <SequencePoint vc="1" uspid="104" ordinal="35" offset="405" sl="78" sc="25" el="78" ec="26" bec="0" bev="0" fileid="3" />
                <SequencePoint vc="1" uspid="105" ordinal="36" offset="406" sl="80" sc="34" el="80" ec="43" bec="0" bev="0" fileid="3" />
                <SequencePoint vc="1" uspid="106" ordinal="37" offset="414" sl="81" sc="29" el="81" ec="30" bec="0" bev="0" fileid="3" />
                <SequencePoint vc="1" uspid="107" ordinal="38" offset="415" sl="82" sc="33" el="82" ec="63" bec="2" bev="1" fileid="3" />
                <SequencePoint vc="1" uspid="108" ordinal="39" offset="437" sl="83" sc="33" el="83" ec="34" bec="0" bev="0" fileid="3" />
                <SequencePoint vc="1" uspid="109" ordinal="40" offset="438" sl="84" sc="37" el="84" ec="189" bec="0" bev="0" fileid="3" />
                <SequencePoint vc="1" uspid="110" ordinal="41" offset="563" sl="85" sc="37" el="85" ec="43" bec="0" bev="0" fileid="3" />
                <SequencePoint vc="0" uspid="111" ordinal="42" offset="568" sl="88" sc="33" el="88" ec="187" bec="0" bev="0" fileid="3" />
                <SequencePoint vc="0" uspid="112" ordinal="43" offset="693" sl="90" sc="29" el="90" ec="30" bec="0" bev="0" fileid="3" />
                <SequencePoint vc="0" uspid="113" ordinal="44" offset="694" sl="80" sc="67" el="80" ec="70" bec="0" bev="0" fileid="3" />
                <SequencePoint vc="1" uspid="114" ordinal="45" offset="700" sl="80" sc="45" el="80" ec="65" bec="2" bev="1" fileid="3" />
                <SequencePoint vc="1" uspid="115" ordinal="46" offset="720" sl="92" sc="29" el="92" ec="62" bec="0" bev="0" fileid="3" />
                <SequencePoint vc="1" uspid="116" ordinal="47" offset="730" sl="93" sc="29" el="93" ec="51" bec="0" bev="0" fileid="3" />
                <SequencePoint vc="1" uspid="117" ordinal="48" offset="738" sl="95" sc="29" el="95" ec="43" bec="0" bev="0" fileid="3" />
                <SequencePoint vc="1" uspid="118" ordinal="49" offset="740" sl="96" sc="25" el="96" ec="26" bec="0" bev="0" fileid="3" />
                <SequencePoint vc="1" uspid="119" ordinal="50" offset="741" sl="98" sc="25" el="98" ec="75" bec="0" bev="0" fileid="3" />
                <SequencePoint vc="1" uspid="120" ordinal="51" offset="760" sl="99" sc="21" el="99" ec="22" bec="0" bev="0" fileid="3" />
                <SequencePoint vc="2" uspid="121" ordinal="52" offset="761" sl="50" sc="43" el="50" ec="45" bec="0" bev="0" fileid="3" />
                <SequencePoint vc="1" uspid="122" ordinal="53" offset="790" sl="103" sc="17" el="103" ec="18" bec="0" bev="0" fileid="3" />
                <SequencePoint vc="1" uspid="123" ordinal="54" offset="804" sl="104" sc="13" el="104" ec="14" bec="0" bev="0" fileid="3" />
                <SequencePoint vc="2" uspid="124" ordinal="55" offset="805" sl="106" sc="13" el="112" ec="16" bec="0" bev="0" fileid="3" />
                <SequencePoint vc="2" uspid="125" ordinal="56" offset="842" sl="114" sc="13" el="114" ec="58" bec="0" bev="0" fileid="3" />
                <SequencePoint vc="2" uspid="126" ordinal="57" offset="850" sl="115" sc="13" el="115" ec="28" bec="0" bev="0" fileid="3" />
                <SequencePoint vc="2" uspid="127" ordinal="58" offset="857" sl="119" sc="13" el="119" ec="102" bec="0" bev="0" fileid="3" />
                <SequencePoint vc="2" uspid="128" ordinal="59" offset="884" sl="120" sc="13" el="120" ec="27" bec="0" bev="0" fileid="3" />
                <SequencePoint vc="2" uspid="129" ordinal="60" offset="889" sl="121" sc="9" el="121" ec="10" bec="0" bev="0" fileid="3" />
              </SequencePoints>
              <BranchPoints>
                <BranchPoint vc="1" uspid="130" ordinal="0" offset="42" sl="35" path="0" offsetend="47" fileid="3" />
                <BranchPoint vc="1" uspid="131" ordinal="1" offset="42" sl="35" path="1" offsetend="805" fileid="3" />
                <BranchPoint vc="1" uspid="132" ordinal="2" offset="273" sl="62" path="0" offsetend="275" fileid="3" />
                <BranchPoint vc="3" uspid="133" ordinal="3" offset="273" sl="62" path="1" offsetend="284" fileid="3" />
                <BranchPoint vc="1" uspid="134" ordinal="4" offset="298" sl="65" path="0" offsetend="300" fileid="3" />
                <BranchPoint vc="3" uspid="135" ordinal="5" offset="298" sl="65" path="1" offsetend="309" fileid="3" />
                <BranchPoint vc="1" uspid="136" ordinal="6" offset="323" sl="68" path="0" offsetend="325" fileid="3" />
                <BranchPoint vc="3" uspid="137" ordinal="7" offset="323" sl="68" path="1" offsetend="334" fileid="3" />
                <BranchPoint vc="1" uspid="138" ordinal="8" offset="348" sl="71" path="0" offsetend="350" fileid="3" />
                <BranchPoint vc="3" uspid="139" ordinal="9" offset="348" sl="71" path="1" offsetend="359" fileid="3" />
                <BranchPoint vc="1" uspid="142" ordinal="12" offset="400" sl="76" path="0" offsetend="405" fileid="3" />
                <BranchPoint vc="0" uspid="143" ordinal="13" offset="400" sl="76" path="1" offsetend="741" fileid="3" />
                <BranchPoint vc="1" uspid="144" ordinal="14" offset="432" sl="82" path="0" offsetend="437" fileid="3" />
                <BranchPoint vc="0" uspid="145" ordinal="15" offset="432" sl="82" path="1" offsetend="568" fileid="3" />
                <BranchPoint vc="0" uspid="146" ordinal="16" offset="715" sl="80" path="0" offsetend="720" fileid="3" />
                <BranchPoint vc="1" uspid="147" ordinal="17" offset="715" sl="80" path="1" offsetend="414" fileid="3" />
              </BranchPoints>
              <MethodPoint xsi:type="SequencePoint" vc="2" uspid="69" ordinal="0" offset="0" sl="31" sc="9" el="31" ec="10" bec="0" bev="0" fileid="3" />
            </Method>
            <Method visited="false" cyclomaticComplexity="4" nPathComplexity="2" sequenceCoverage="0" branchCoverage="0" isConstructor="false" isStatic="true" isGetter="false" isSetter="false">
              <Summary numSequencePoints="17" visitedSequencePoints="0" numBranchPoints="3" visitedBranchPoints="0" sequenceCoverage="0" branchCoverage="0" maxCyclomaticComplexity="4" minCyclomaticComplexity="4" visitedClasses="0" numClasses="0" visitedMethods="0" numMethods="1" />
              <MetadataToken>100663299</MetadataToken>
              <Name>System.Collections.Generic.List`1&lt;System.String&gt; AMI_System_Management.AMISystem_Management::GetAllAgregatorsFromDataBase()</Name>
              <FileRef uid="3" />
              <SequencePoints>
                <SequencePoint vc="0" uspid="152" ordinal="0" offset="0" sl="124" sc="9" el="124" ec="10" bec="0" bev="0" fileid="3" />
                <SequencePoint vc="0" uspid="153" ordinal="1" offset="1" sl="125" sc="13" el="125" ec="54" bec="0" bev="0" fileid="3" />
                <SequencePoint vc="0" uspid="154" ordinal="2" offset="7" sl="127" sc="11" el="127" ec="66" bec="0" bev="0" fileid="3" />
                <SequencePoint vc="0" uspid="155" ordinal="3" offset="18" sl="128" sc="13" el="128" ec="14" bec="0" bev="0" fileid="3" />
                <SequencePoint vc="0" uspid="156" ordinal="4" offset="19" sl="129" sc="17" el="129" ec="28" bec="0" bev="0" fileid="3" />
                <SequencePoint vc="0" uspid="157" ordinal="5" offset="26" sl="130" sc="17" el="130" ec="90" bec="0" bev="0" fileid="3" />
                <SequencePoint vc="0" uspid="158" ordinal="6" offset="32" sl="132" sc="17" el="132" ec="61" bec="0" bev="0" fileid="3" />
                <SequencePoint vc="0" uspid="159" ordinal="7" offset="40" sl="134" sc="24" el="134" ec="63" bec="0" bev="0" fileid="3" />
                <SequencePoint vc="0" uspid="160" ordinal="8" offset="48" sl="135" sc="17" el="135" ec="18" bec="0" bev="0" fileid="3" />
                <SequencePoint vc="0" uspid="161" ordinal="9" offset="51" sl="137" sc="21" el="137" ec="22" bec="0" bev="0" fileid="3" />
                <SequencePoint vc="0" uspid="162" ordinal="10" offset="52" sl="138" sc="25" el="138" ec="70" bec="0" bev="0" fileid="3" />
                <SequencePoint vc="0" uspid="163" ordinal="11" offset="76" sl="139" sc="21" el="139" ec="22" bec="0" bev="0" fileid="3" />
                <SequencePoint vc="0" uspid="164" ordinal="12" offset="77" sl="136" sc="21" el="136" ec="39" bec="2" bev="0" fileid="3" />
                <SequencePoint vc="0" uspid="165" ordinal="13" offset="90" sl="140" sc="17" el="140" ec="18" bec="0" bev="0" fileid="3" />
                <SequencePoint vc="0" uspid="166" ordinal="14" offset="106" sl="141" sc="13" el="141" ec="14" bec="0" bev="0" fileid="3" />
                <SequencePoint vc="0" uspid="167" ordinal="15" offset="120" sl="143" sc="13" el="143" ec="27" bec="0" bev="0" fileid="3" />
                <SequencePoint vc="0" uspid="168" ordinal="16" offset="125" sl="144" sc="9" el="144" ec="10" bec="0" bev="0" fileid="3" />
              </SequencePoints>
              <BranchPoints>
                <BranchPoint vc="0" uspid="169" ordinal="0" offset="88" sl="136" path="0" offsetend="90" fileid="3" />
                <BranchPoint vc="0" uspid="170" ordinal="1" offset="88" sl="136" path="1" offsetend="51" fileid="3" />
              </BranchPoints>
              <MethodPoint xsi:type="SequencePoint" vc="0" uspid="152" ordinal="0" offset="0" sl="124" sc="9" el="124" ec="10" bec="0" bev="0" fileid="3" />
            </Method>
            <Method visited="true" cyclomaticComplexity="4" nPathComplexity="2" sequenceCoverage="100" branchCoverage="100" isConstructor="false" isStatic="true" isGetter="false" isSetter="false">
              <Summary numSequencePoints="17" visitedSequencePoints="17" numBranchPoints="3" visitedBranchPoints="3" sequenceCoverage="100" branchCoverage="100" maxCyclomaticComplexity="4" minCyclomaticComplexity="4" visitedClasses="0" numClasses="0" visitedMethods="1" numMethods="1" />
              <MetadataToken>100663300</MetadataToken>
              <Name>System.Collections.Generic.List`1&lt;System.String&gt; AMI_System_Management.AMISystem_Management::GetAllDevicesFromDataBase()</Name>
              <FileRef uid="3" />
              <SequencePoints>
                <SequencePoint vc="1" uspid="171" ordinal="0" offset="0" sl="147" sc="9" el="147" ec="10" bec="0" bev="0" fileid="3" />
                <SequencePoint vc="1" uspid="172" ordinal="1" offset="1" sl="148" sc="13" el="148" ec="54" bec="0" bev="0" fileid="3" />
                <SequencePoint vc="1" uspid="173" ordinal="2" offset="7" sl="150" sc="20" el="150" ec="75" bec="0" bev="0" fileid="3" />
                <SequencePoint vc="1" uspid="174" ordinal="3" offset="18" sl="151" sc="13" el="151" ec="14" bec="0" bev="0" fileid="3" />
                <SequencePoint vc="1" uspid="175" ordinal="4" offset="19" sl="152" sc="17" el="152" ec="28" bec="0" bev="0" fileid="3" />
                <SequencePoint vc="1" uspid="176" ordinal="5" offset="26" sl="153" sc="17" el="153" ec="84" bec="0" bev="0" fileid="3" />
                <SequencePoint vc="1" uspid="177" ordinal="6" offset="32" sl="155" sc="17" el="155" ec="61" bec="0" bev="0" fileid="3" />
                <SequencePoint vc="1" uspid="178" ordinal="7" offset="40" sl="157" sc="24" el="157" ec="63" bec="0" bev="0" fileid="3" />
                <SequencePoint vc="1" uspid="179" ordinal="8" offset="48" sl="158" sc="17" el="158" ec="18" bec="0" bev="0" fileid="3" />
                <SequencePoint vc="1" uspid="180" ordinal="9" offset="51" sl="160" sc="21" el="160" ec="22" bec="0" bev="0" fileid="3" />
                <SequencePoint vc="1" uspid="181" ordinal="10" offset="52" sl="161" sc="25" el="161" ec="67" bec="0" bev="0" fileid="3" />
                <SequencePoint vc="1" uspid="182" ordinal="11" offset="76" sl="162" sc="21" el="162" ec="22" bec="0" bev="0" fileid="3" />
                <SequencePoint vc="2" uspid="183" ordinal="12" offset="77" sl="159" sc="21" el="159" ec="39" bec="2" bev="2" fileid="3" />
                <SequencePoint vc="1" uspid="184" ordinal="13" offset="90" sl="163" sc="17" el="163" ec="18" bec="0" bev="0" fileid="3" />
                <SequencePoint vc="1" uspid="185" ordinal="14" offset="106" sl="164" sc="13" el="164" ec="14" bec="0" bev="0" fileid="3" />
                <SequencePoint vc="1" uspid="186" ordinal="15" offset="120" sl="166" sc="13" el="166" ec="27" bec="0" bev="0" fileid="3" />
                <SequencePoint vc="1" uspid="187" ordinal="16" offset="125" sl="167" sc="9" el="167" ec="10" bec="0" bev="0" fileid="3" />
              </SequencePoints>
              <BranchPoints>
                <BranchPoint vc="1" uspid="188" ordinal="0" offset="88" sl="159" path="0" offsetend="90" fileid="3" />
                <BranchPoint vc="1" uspid="189" ordinal="1" offset="88" sl="159" path="1" offsetend="51" fileid="3" />
              </BranchPoints>
              <MethodPoint xsi:type="SequencePoint" vc="1" uspid="171" ordinal="0" offset="0" sl="147" sc="9" el="147" ec="10" bec="0" bev="0" fileid="3" />
            </Method>
            <Method visited="true" cyclomaticComplexity="5" nPathComplexity="8" sequenceCoverage="88" branchCoverage="71.43" isConstructor="false" isStatic="true" isGetter="false" isSetter="false">
              <Summary numSequencePoints="25" visitedSequencePoints="22" numBranchPoints="7" visitedBranchPoints="5" sequenceCoverage="88" branchCoverage="71.43" maxCyclomaticComplexity="5" minCyclomaticComplexity="5" visitedClasses="0" numClasses="0" visitedMethods="1" numMethods="1" />
              <MetadataToken>100663301</MetadataToken>
              <Name>System.DateTime AMI_System_Management.AMISystem_Management::GetEarliesOrLatesttDateFromDatabase(System.String)</Name>
              <FileRef uid="3" />
              <SequencePoints>
                <SequencePoint vc="2" uspid="190" ordinal="0" offset="0" sl="171" sc="9" el="171" ec="10" bec="0" bev="0" fileid="3" />
                <SequencePoint vc="2" uspid="191" ordinal="1" offset="1" sl="172" sc="13" el="172" ec="44" bec="0" bev="0" fileid="3" />
                <SequencePoint vc="2" uspid="192" ordinal="2" offset="7" sl="175" sc="20" el="175" ec="72" bec="0" bev="0" fileid="3" />
                <SequencePoint vc="2" uspid="193" ordinal="3" offset="18" sl="176" sc="13" el="176" ec="14" bec="0" bev="0" fileid="3" />
                <SequencePoint vc="2" uspid="194" ordinal="4" offset="19" sl="177" sc="17" el="177" ec="28" bec="0" bev="0" fileid="3" />
                <SequencePoint vc="2" uspid="195" ordinal="5" offset="26" sl="178" sc="17" el="178" ec="35" bec="0" bev="0" fileid="3" />
                <SequencePoint vc="2" uspid="196" ordinal="6" offset="32" sl="180" sc="17" el="180" ec="64" bec="2" bev="2" fileid="3" />
                <SequencePoint vc="1" uspid="197" ordinal="7" offset="49" sl="181" sc="17" el="181" ec="18" bec="0" bev="0" fileid="3" />
                <SequencePoint vc="1" uspid="198" ordinal="8" offset="50" sl="182" sc="21" el="182" ec="72" bec="0" bev="0" fileid="3" />
                <SequencePoint vc="1" uspid="199" ordinal="9" offset="56" sl="183" sc="17" el="183" ec="18" bec="0" bev="0" fileid="3" />
                <SequencePoint vc="1" uspid="200" ordinal="10" offset="59" sl="184" sc="22" el="184" ec="67" bec="2" bev="1" fileid="3" />
                <SequencePoint vc="1" uspid="201" ordinal="11" offset="76" sl="185" sc="17" el="185" ec="18" bec="0" bev="0" fileid="3" />
                <SequencePoint vc="1" uspid="202" ordinal="12" offset="77" sl="186" sc="21" el="186" ec="72" bec="0" bev="0" fileid="3" />
                <SequencePoint vc="1" uspid="203" ordinal="13" offset="83" sl="187" sc="17" el="187" ec="18" bec="0" bev="0" fileid="3" />
                <SequencePoint vc="0" uspid="204" ordinal="14" offset="86" sl="189" sc="17" el="189" ec="18" bec="0" bev="0" fileid="3" />
                <SequencePoint vc="0" uspid="205" ordinal="15" offset="87" sl="190" sc="21" el="190" ec="184" bec="0" bev="0" fileid="3" />
                <SequencePoint vc="0" uspid="206" ordinal="16" offset="100" sl="191" sc="17" el="191" ec="18" bec="0" bev="0" fileid="3" />
                <SequencePoint vc="2" uspid="207" ordinal="17" offset="101" sl="193" sc="17" el="193" ec="61" bec="0" bev="0" fileid="3" />
                <SequencePoint vc="2" uspid="208" ordinal="18" offset="109" sl="195" sc="17" el="195" ec="54" bec="2" bev="1" fileid="3" />
                <SequencePoint vc="2" uspid="209" ordinal="19" offset="132" sl="196" sc="17" el="196" ec="18" bec="0" bev="0" fileid="3" />
                <SequencePoint vc="2" uspid="210" ordinal="20" offset="133" sl="197" sc="21" el="197" ec="70" bec="0" bev="0" fileid="3" />
                <SequencePoint vc="2" uspid="211" ordinal="21" offset="145" sl="198" sc="17" el="198" ec="18" bec="0" bev="0" fileid="3" />
                <SequencePoint vc="2" uspid="212" ordinal="22" offset="146" sl="199" sc="13" el="199" ec="14" bec="0" bev="0" fileid="3" />
                <SequencePoint vc="2" uspid="213" ordinal="23" offset="160" sl="201" sc="13" el="201" ec="27" bec="0" bev="0" fileid="3" />
                <SequencePoint vc="2" uspid="214" ordinal="24" offset="165" sl="202" sc="9" el="202" ec="10" bec="0" bev="0" fileid="3" />
              </SequencePoints>
              <BranchPoints>
                <BranchPoint vc="1" uspid="215" ordinal="0" offset="47" sl="180" path="0" offsetend="49" fileid="3" />
                <BranchPoint vc="1" uspid="216" ordinal="1" offset="47" sl="180" path="1" offsetend="59" fileid="3" />
                <BranchPoint vc="1" uspid="217" ordinal="2" offset="74" sl="184" path="0" offsetend="76" fileid="3" />
                <BranchPoint vc="0" uspid="218" ordinal="3" offset="74" sl="184" path="1" offsetend="86" fileid="3" />
                <BranchPoint vc="2" uspid="219" ordinal="4" offset="130" sl="195" path="0" offsetend="132" fileid="3" />
                <BranchPoint vc="0" uspid="220" ordinal="5" offset="130" sl="195" path="1" offsetend="146" fileid="3" />
              </BranchPoints>
              <MethodPoint xsi:type="SequencePoint" vc="2" uspid="190" ordinal="0" offset="0" sl="171" sc="9" el="171" ec="10" bec="0" bev="0" fileid="3" />
            </Method>
            <Method visited="true" cyclomaticComplexity="4" nPathComplexity="2" sequenceCoverage="82.35" branchCoverage="66.67" isConstructor="false" isStatic="true" isGetter="false" isSetter="false">
              <Summary numSequencePoints="17" visitedSequencePoints="14" numBranchPoints="3" visitedBranchPoints="2" sequenceCoverage="82.35" branchCoverage="66.67" maxCyclomaticComplexity="4" minCyclomaticComplexity="4" visitedClasses="0" numClasses="0" visitedMethods="1" numMethods="1" />
              <MetadataToken>100663302</MetadataToken>
              <Name>System.Collections.Generic.Dictionary`2&lt;System.DateTime,System.Double&gt; AMI_System_Management.AMISystem_Management::GetDatesAndValuesFromDataBase(System.String,System.String,System.DateTime)</Name>
              <FileRef uid="3" />
              <SequencePoints>
                <SequencePoint vc="1" uspid="221" ordinal="0" offset="0" sl="205" sc="9" el="205" ec="10" bec="0" bev="0" fileid="3" />
                <SequencePoint vc="1" uspid="222" ordinal="1" offset="1" sl="206" sc="13" el="206" ec="86" bec="0" bev="0" fileid="3" />
                <SequencePoint vc="1" uspid="223" ordinal="2" offset="7" sl="209" sc="20" el="209" ec="72" bec="0" bev="0" fileid="3" />
                <SequencePoint vc="1" uspid="224" ordinal="3" offset="18" sl="210" sc="13" el="210" ec="14" bec="0" bev="0" fileid="3" />
                <SequencePoint vc="1" uspid="225" ordinal="4" offset="19" sl="211" sc="17" el="211" ec="28" bec="0" bev="0" fileid="3" />
                <SequencePoint vc="1" uspid="226" ordinal="5" offset="26" sl="212" sc="17" el="212" ec="214" bec="0" bev="0" fileid="3" />
                <SequencePoint vc="1" uspid="227" ordinal="6" offset="93" sl="214" sc="17" el="214" ec="61" bec="0" bev="0" fileid="3" />
                <SequencePoint vc="1" uspid="228" ordinal="7" offset="101" sl="216" sc="24" el="216" ec="63" bec="0" bev="0" fileid="3" />
                <SequencePoint vc="1" uspid="229" ordinal="8" offset="109" sl="217" sc="17" el="217" ec="18" bec="0" bev="0" fileid="3" />
                <SequencePoint vc="0" uspid="230" ordinal="9" offset="112" sl="219" sc="21" el="219" ec="22" bec="0" bev="0" fileid="3" />
                <SequencePoint vc="0" uspid="231" ordinal="10" offset="113" sl="220" sc="25" el="220" ec="115" bec="0" bev="0" fileid="3" />
                <SequencePoint vc="0" uspid="232" ordinal="11" offset="150" sl="221" sc="21" el="221" ec="22" bec="0" bev="0" fileid="3" />
                <SequencePoint vc="1" uspid="233" ordinal="12" offset="151" sl="218" sc="21" el="218" ec="39" bec="2" bev="1" fileid="3" />
                <SequencePoint vc="1" uspid="234" ordinal="13" offset="164" sl="222" sc="17" el="222" ec="18" bec="0" bev="0" fileid="3" />
                <SequencePoint vc="1" uspid="235" ordinal="14" offset="180" sl="223" sc="13" el="223" ec="14" bec="0" bev="0" fileid="3" />
                <SequencePoint vc="1" uspid="236" ordinal="15" offset="194" sl="226" sc="13" el="226" ec="27" bec="0" bev="0" fileid="3" />
                <SequencePoint vc="1" uspid="237" ordinal="16" offset="199" sl="227" sc="9" el="227" ec="10" bec="0" bev="0" fileid="3" />
              </SequencePoints>
              <BranchPoints>
                <BranchPoint vc="1" uspid="238" ordinal="0" offset="162" sl="218" path="0" offsetend="164" fileid="3" />
                <BranchPoint vc="0" uspid="239" ordinal="1" offset="162" sl="218" path="1" offsetend="112" fileid="3" />
              </BranchPoints>
              <MethodPoint xsi:type="SequencePoint" vc="1" uspid="221" ordinal="0" offset="0" sl="205" sc="9" el="205" ec="10" bec="0" bev="0" fileid="3" />
            </Method>
            <Method visited="true" cyclomaticComplexity="5" nPathComplexity="2" sequenceCoverage="88" branchCoverage="66.67" isConstructor="false" isStatic="true" isGetter="false" isSetter="false">
              <Summary numSequencePoints="25" visitedSequencePoints="22" numBranchPoints="3" visitedBranchPoints="2" sequenceCoverage="88" branchCoverage="66.67" maxCyclomaticComplexity="5" minCyclomaticComplexity="5" visitedClasses="0" numClasses="0" visitedMethods="1" numMethods="1" />
              <MetadataToken>100663303</MetadataToken>
              <Name>System.Collections.Generic.List`1&lt;System.Tuple`2&lt;System.DateTime,System.Double&gt;&gt; AMI_System_Management.AMISystem_Management::GetValuesFromDatabase(System.String,System.String,System.DateTime,System.Int32&amp;)</Name>
              <FileRef uid="3" />
              <SequencePoints>
                <SequencePoint vc="1" uspid="240" ordinal="0" offset="0" sl="231" sc="9" el="231" ec="10" bec="0" bev="0" fileid="3" />
                <SequencePoint vc="1" uspid="241" ordinal="1" offset="1" sl="232" sc="4" el="232" ec="79" bec="0" bev="0" fileid="3" />
                <SequencePoint vc="1" uspid="242" ordinal="2" offset="7" sl="235" sc="11" el="235" ec="63" bec="0" bev="0" fileid="3" />
                <SequencePoint vc="1" uspid="243" ordinal="3" offset="18" sl="236" sc="13" el="236" ec="14" bec="0" bev="0" fileid="3" />
                <SequencePoint vc="1" uspid="244" ordinal="4" offset="19" sl="237" sc="17" el="237" ec="28" bec="0" bev="0" fileid="3" />
                <SequencePoint vc="1" uspid="245" ordinal="5" offset="26" sl="238" sc="17" el="238" ec="210" bec="0" bev="0" fileid="3" />
                <SequencePoint vc="1" uspid="246" ordinal="6" offset="93" sl="240" sc="17" el="240" ec="61" bec="0" bev="0" fileid="3" />
                <SequencePoint vc="1" uspid="247" ordinal="7" offset="101" sl="242" sc="24" el="242" ec="63" bec="0" bev="0" fileid="3" />
                <SequencePoint vc="1" uspid="248" ordinal="8" offset="109" sl="243" sc="17" el="243" ec="18" bec="0" bev="0" fileid="3" />
                <SequencePoint vc="0" uspid="249" ordinal="9" offset="112" sl="245" sc="21" el="245" ec="22" bec="0" bev="0" fileid="3" />
                <SequencePoint vc="0" uspid="250" ordinal="10" offset="113" sl="246" sc="25" el="246" ec="144" bec="0" bev="0" fileid="3" />
                <SequencePoint vc="0" uspid="251" ordinal="11" offset="155" sl="247" sc="21" el="247" ec="22" bec="0" bev="0" fileid="3" />
                <SequencePoint vc="1" uspid="252" ordinal="12" offset="156" sl="244" sc="21" el="244" ec="39" bec="2" bev="1" fileid="3" />
                <SequencePoint vc="1" uspid="253" ordinal="13" offset="169" sl="248" sc="17" el="248" ec="18" bec="0" bev="0" fileid="3" />
                <SequencePoint vc="1" uspid="254" ordinal="14" offset="185" sl="249" sc="13" el="249" ec="14" bec="0" bev="0" fileid="3" />
                <SequencePoint vc="1" uspid="255" ordinal="15" offset="199" sl="251" sc="11" el="251" ec="66" bec="0" bev="0" fileid="3" />
                <SequencePoint vc="1" uspid="256" ordinal="16" offset="211" sl="252" sc="4" el="252" ec="5" bec="0" bev="0" fileid="3" />
                <SequencePoint vc="1" uspid="257" ordinal="17" offset="212" sl="253" sc="5" el="253" ec="16" bec="0" bev="0" fileid="3" />
                <SequencePoint vc="1" uspid="258" ordinal="18" offset="220" sl="254" sc="5" el="254" ec="93" bec="0" bev="0" fileid="3" />
                <SequencePoint vc="1" uspid="259" ordinal="19" offset="233" sl="256" sc="5" el="256" ec="49" bec="0" bev="0" fileid="3" />
                <SequencePoint vc="1" uspid="260" ordinal="20" offset="244" sl="257" sc="5" el="257" ec="40" bec="0" bev="0" fileid="3" />
                <SequencePoint vc="1" uspid="261" ordinal="21" offset="253" sl="258" sc="5" el="258" ec="43" bec="0" bev="0" fileid="3" />
                <SequencePoint vc="1" uspid="262" ordinal="22" offset="262" sl="260" sc="4" el="260" ec="5" bec="0" bev="0" fileid="3" />
                <SequencePoint vc="1" uspid="263" ordinal="23" offset="278" sl="262" sc="4" el="262" ec="18" bec="0" bev="0" fileid="3" />
                <SequencePoint vc="1" uspid="264" ordinal="24" offset="283" sl="263" sc="9" el="263" ec="10" bec="0" bev="0" fileid="3" />
              </SequencePoints>
              <BranchPoints>
                <BranchPoint vc="1" uspid="265" ordinal="0" offset="167" sl="244" path="0" offsetend="169" fileid="3" />
                <BranchPoint vc="0" uspid="266" ordinal="1" offset="167" sl="244" path="1" offsetend="112" fileid="3" />
              </BranchPoints>
              <MethodPoint xsi:type="SequencePoint" vc="1" uspid="240" ordinal="0" offset="0" sl="231" sc="9" el="231" ec="10" bec="0" bev="0" fileid="3" />
            </Method>
            <Method visited="false" cyclomaticComplexity="1" nPathComplexity="0" sequenceCoverage="0" branchCoverage="0" isConstructor="false" isStatic="true" isGetter="false" isSetter="false">
              <Summary numSequencePoints="2" visitedSequencePoints="0" numBranchPoints="1" visitedBranchPoints="0" sequenceCoverage="0" branchCoverage="0" maxCyclomaticComplexity="1" minCyclomaticComplexity="1" visitedClasses="0" numClasses="0" visitedMethods="0" numMethods="1" />
              <MetadataToken>100663304</MetadataToken>
              <Name>System.Void AMI_System_Management.AMISystem_Management::GetAlarmingValuesFromDatabase(System.String,System.Double,System.String,System.DateTime,System.DateTime)</Name>
              <FileRef uid="3" />
              <SequencePoints>
                <SequencePoint vc="0" uspid="267" ordinal="0" offset="0" sl="266" sc="9" el="266" ec="10" bec="0" bev="0" fileid="3" />
                <SequencePoint vc="0" uspid="268" ordinal="1" offset="1" sl="268" sc="9" el="268" ec="10" bec="0" bev="0" fileid="3" />
              </SequencePoints>
              <BranchPoints />
              <MethodPoint xsi:type="SequencePoint" vc="0" uspid="267" ordinal="0" offset="0" sl="266" sc="9" el="266" ec="10" bec="0" bev="0" fileid="3" />
            </Method>
            <Method visited="true" cyclomaticComplexity="4" nPathComplexity="2" sequenceCoverage="63.64" branchCoverage="66.67" isConstructor="false" isStatic="true" isGetter="false" isSetter="false">
              <Summary numSequencePoints="22" visitedSequencePoints="14" numBranchPoints="3" visitedBranchPoints="2" sequenceCoverage="63.64" branchCoverage="66.67" maxCyclomaticComplexity="4" minCyclomaticComplexity="4" visitedClasses="0" numClasses="0" visitedMethods="1" numMethods="1" />
              <MetadataToken>100663305</MetadataToken>
              <Name>System.Collections.Generic.Dictionary`2&lt;System.DateTime,System.Collections.Generic.List`1&lt;System.Double&gt;&gt; AMI_System_Management.AMISystem_Management::GetDatesAndValuesFromDataBase(System.String,System.DateTime)</Name>
              <FileRef uid="3" />
              <SequencePoints>
                <SequencePoint vc="1" uspid="269" ordinal="0" offset="0" sl="271" sc="9" el="271" ec="10" bec="0" bev="0" fileid="3" />
                <SequencePoint vc="1" uspid="270" ordinal="1" offset="1" sl="272" sc="13" el="272" ec="98" bec="0" bev="0" fileid="3" />
                <SequencePoint vc="1" uspid="271" ordinal="2" offset="7" sl="275" sc="20" el="275" ec="72" bec="0" bev="0" fileid="3" />
                <SequencePoint vc="1" uspid="272" ordinal="3" offset="18" sl="276" sc="13" el="276" ec="14" bec="0" bev="0" fileid="3" />
                <SequencePoint vc="1" uspid="273" ordinal="4" offset="19" sl="277" sc="17" el="277" ec="28" bec="0" bev="0" fileid="3" />
                <SequencePoint vc="1" uspid="274" ordinal="5" offset="26" sl="278" sc="17" el="278" ec="243" bec="0" bev="0" fileid="3" />
                <SequencePoint vc="1" uspid="275" ordinal="6" offset="74" sl="280" sc="17" el="280" ec="61" bec="0" bev="0" fileid="3" />
                <SequencePoint vc="1" uspid="276" ordinal="7" offset="82" sl="284" sc="24" el="284" ec="63" bec="0" bev="0" fileid="3" />
                <SequencePoint vc="1" uspid="277" ordinal="8" offset="90" sl="285" sc="17" el="285" ec="18" bec="0" bev="0" fileid="3" />
                <SequencePoint vc="0" uspid="278" ordinal="9" offset="96" sl="287" sc="21" el="287" ec="22" bec="0" bev="0" fileid="3" />
                <SequencePoint vc="0" uspid="279" ordinal="10" offset="97" sl="288" sc="25" el="288" ec="66" bec="0" bev="0" fileid="3" />
                <SequencePoint vc="0" uspid="280" ordinal="11" offset="104" sl="290" sc="25" el="290" ec="71" bec="0" bev="0" fileid="3" />
                <SequencePoint vc="0" uspid="281" ordinal="12" offset="129" sl="291" sc="25" el="291" ec="70" bec="0" bev="0" fileid="3" />
                <SequencePoint vc="0" uspid="282" ordinal="13" offset="154" sl="292" sc="25" el="292" ec="74" bec="0" bev="0" fileid="3" />
                <SequencePoint vc="0" uspid="283" ordinal="14" offset="179" sl="293" sc="25" el="293" ec="76" bec="0" bev="0" fileid="3" />
                <SequencePoint vc="0" uspid="284" ordinal="15" offset="204" sl="294" sc="25" el="294" ec="84" bec="0" bev="0" fileid="3" />
                <SequencePoint vc="0" uspid="285" ordinal="16" offset="230" sl="296" sc="21" el="296" ec="22" bec="0" bev="0" fileid="3" />
                <SequencePoint vc="1" uspid="286" ordinal="17" offset="231" sl="286" sc="21" el="286" ec="39" bec="2" bev="1" fileid="3" />
                <SequencePoint vc="1" uspid="287" ordinal="18" offset="247" sl="297" sc="17" el="297" ec="18" bec="0" bev="0" fileid="3" />
                <SequencePoint vc="1" uspid="288" ordinal="19" offset="263" sl="298" sc="13" el="298" ec="14" bec="0" bev="0" fileid="3" />
                <SequencePoint vc="1" uspid="289" ordinal="20" offset="277" sl="301" sc="13" el="301" ec="27" bec="0" bev="0" fileid="3" />
                <SequencePoint vc="1" uspid="290" ordinal="21" offset="282" sl="302" sc="9" el="302" ec="10" bec="0" bev="0" fileid="3" />
              </SequencePoints>
              <BranchPoints>
                <BranchPoint vc="1" uspid="291" ordinal="0" offset="242" sl="286" path="0" offsetend="247" fileid="3" />
                <BranchPoint vc="0" uspid="292" ordinal="1" offset="242" sl="286" path="1" offsetend="96" fileid="3" />
              </BranchPoints>
[...]
              <MetadataToken>100663327</MetadataToken>
              <Name>System.Void AMI_System_Management.MainWindow::InitializeComponent()</Name>
              <FileRef uid="8" />
              <SequencePoints>
                <SequencePoint vc="0" uspid="770" ordinal="0" offset="33" sl="1" sc="13" el="1" ec="77" bec="0" bev="0" fileid="8" />
              </SequencePoints>
              <BranchPoints />
              <MethodPoint vc="0" uspid="773" ordinal="0" offset="0" />
            </Method>
            <Method visited="false" cyclomaticComplexity="50" nPathComplexity="0" sequenceCoverage="0" branchCoverage="0" isConstructor="false" isStatic="false" isGetter="false" isSetter="false">
              <Summary numSequencePoints="15" visitedSequencePoints="0" numBranchPoints="1" visitedBranchPoints="0" sequenceCoverage="0" branchCoverage="0" maxCyclomaticComplexity="50" minCyclomaticComplexity="50" visitedClasses="0" numClasses="0" visitedMethods="0" numMethods="1" />
              <MetadataToken>100663328</MetadataToken>
              <Name>System.Void AMI_System_Management.MainWindow::System.Windows.Markup.IComponentConnector.Connect(System.Int32,System.Object)</Name>
              <FileRef uid="8" />
              <SequencePoints>
                <SequencePoint vc="0" uspid="774" ordinal="0" offset="220" sl="11" sc="13" el="11" ec="148" bec="0" bev="0" fileid="8" />
                <SequencePoint vc="0" uspid="775" ordinal="1" offset="244" sl="11" sc="13" el="11" ec="116" bec="0" bev="0" fileid="8" />
                <SequencePoint vc="0" uspid="776" ordinal="2" offset="285" sl="12" sc="13" el="12" ec="156" bec="0" bev="0" fileid="8" />
                <SequencePoint vc="0" uspid="777" ordinal="3" offset="309" sl="12" sc="13" el="12" ec="123" bec="0" bev="0" fileid="8" />
                <SequencePoint vc="0" uspid="778" ordinal="4" offset="384" sl="15" sc="13" el="15" ec="131" bec="0" bev="0" fileid="8" />
                <SequencePoint vc="0" uspid="779" ordinal="5" offset="425" sl="16" sc="13" el="16" ec="134" bec="0" bev="0" fileid="8" />
                <SequencePoint vc="0" uspid="780" ordinal="6" offset="466" sl="17" sc="13" el="17" ec="109" bec="0" bev="0" fileid="8" />
                <SequencePoint vc="0" uspid="781" ordinal="7" offset="507" sl="18" sc="13" el="18" ec="118" bec="0" bev="0" fileid="8" />
                <SequencePoint vc="0" uspid="782" ordinal="8" offset="548" sl="19" sc="13" el="19" ec="118" bec="0" bev="0" fileid="8" />
                <SequencePoint vc="0" uspid="783" ordinal="9" offset="606" sl="24" sc="13" el="24" ec="101" bec="0" bev="0" fileid="8" />
                <SequencePoint vc="0" uspid="784" ordinal="10" offset="647" sl="25" sc="13" el="25" ec="130" bec="0" bev="0" fileid="8" />
                <SequencePoint vc="0" uspid="785" ordinal="11" offset="688" sl="26" sc="13" el="26" ec="116" bec="0" bev="0" fileid="8" />
                <SequencePoint vc="0" uspid="786" ordinal="12" offset="746" sl="28" sc="13" el="28" ec="139" bec="0" bev="0" fileid="8" />
                <SequencePoint vc="0" uspid="787" ordinal="13" offset="787" sl="29" sc="13" el="29" ec="135" bec="0" bev="0" fileid="8" />
                <SequencePoint vc="0" uspid="788" ordinal="14" offset="828" sl="30" sc="13" el="30" ec="101" bec="0" bev="0" fileid="8" />
              </SequencePoints>
              <BranchPoints />
              <MethodPoint vc="0" uspid="838" ordinal="0" offset="0" />
            </Method>
            <Method visited="true" cyclomaticComplexity="1" nPathComplexity="0" sequenceCoverage="100" branchCoverage="100" isConstructor="true" isStatic="true" isGetter="false" isSetter="false">
              <Summary numSequencePoints="1" visitedSequencePoints="1" numBranchPoints="1" visitedBranchPoints="1" sequenceCoverage="100" branchCoverage="100" maxCyclomaticComplexity="1" minCyclomaticComplexity="1" visitedClasses="0" numClasses="0" visitedMethods="1" numMethods="1" />
              <MetadataToken>100663329</MetadataToken>
              <Name>System.Void AMI_System_Management.MainWindow::.cctor()</Name>
              <FileRef uid="7" />
              <SequencePoints>
                <SequencePoint vc="1" uspid="839" ordinal="0" offset="0" sl="36" sc="3" el="36" ec="46" bec="0" bev="0" fileid="7" />
              </SequencePoints>
              <BranchPoints />
              <MethodPoint xsi:type="SequencePoint" vc="1" uspid="839" ordinal="0" offset="0" sl="36" sc="3" el="36" ec="46" bec="0" bev="0" fileid="7" />
            </Method>
          </Methods>
        </Class>
        <Class>
          <Summary numSequencePoints="17" visitedSequencePoints="0" numBranchPoints="6" visitedBranchPoints="0" sequenceCoverage="0" branchCoverage="0" maxCyclomaticComplexity="2" minCyclomaticComplexity="1" visitedClasses="0" numClasses="1" visitedMethods="0" numMethods="4" />
          <FullName>AMI_System_Management.Properties.Resources</FullName>
          <Methods>
            <Method visited="false" cyclomaticComplexity="2" nPathComplexity="2" sequenceCoverage="0" branchCoverage="0" isConstructor="false" isStatic="true" isGetter="true" isSetter="false">
              <Summary numSequencePoints="8" visitedSequencePoints="0" numBranchPoints="3" visitedBranchPoints="0" sequenceCoverage="0" branchCoverage="0" maxCyclomaticComplexity="2" minCyclomaticComplexity="2" visitedClasses="0" numClasses="0" visitedMethods="0" numMethods="1" />
              <MetadataToken>100663331</MetadataToken>
              <Name>System.Resources.ResourceManager AMI_System_Management.Properties.Resources::get_ResourceManager()</Name>
              <FileRef uid="9" />
              <SequencePoints>
                <SequencePoint vc="0" uspid="840" ordinal="0" offset="0" sl="44" sc="4" el="44" ec="5" bec="0" bev="0" fileid="9" />
                <SequencePoint vc="0" uspid="841" ordinal="1" offset="1" sl="45" sc="5" el="45" ec="31" bec="2" bev="0" fileid="9" />
                <SequencePoint vc="0" uspid="842" ordinal="2" offset="13" sl="46" sc="5" el="46" ec="6" bec="0" bev="0" fileid="9" />
                <SequencePoint vc="0" uspid="843" ordinal="3" offset="14" sl="47" sc="6" el="47" ec="173" bec="0" bev="0" fileid="9" />
                <SequencePoint vc="0" uspid="844" ordinal="4" offset="40" sl="48" sc="6" el="48" ec="25" bec="0" bev="0" fileid="9" />
                <SequencePoint vc="0" uspid="845" ordinal="5" offset="46" sl="49" sc="5" el="49" ec="6" bec="0" bev="0" fileid="9" />
                <SequencePoint vc="0" uspid="846" ordinal="6" offset="47" sl="50" sc="5" el="50" ec="24" bec="0" bev="0" fileid="9" />
                <SequencePoint vc="0" uspid="847" ordinal="7" offset="55" sl="51" sc="4" el="51" ec="5" bec="0" bev="0" fileid="9" />
              </SequencePoints>
              <BranchPoints>
                <BranchPoint vc="0" uspid="848" ordinal="0" offset="11" sl="45" path="0" offsetend="13" fileid="9" />
                <BranchPoint vc="0" uspid="849" ordinal="1" offset="11" sl="45" path="1" offsetend="47" fileid="9" />
              </BranchPoints>
              <MethodPoint xsi:type="SequencePoint" vc="0" uspid="840" ordinal="0" offset="0" sl="44" sc="4" el="44" ec="5" bec="0" bev="0" fileid="9" />
            </Method>
            <Method visited="false" cyclomaticComplexity="1" nPathComplexity="0" sequenceCoverage="0" branchCoverage="0" isConstructor="false" isStatic="true" isGetter="true" isSetter="false">
              <Summary numSequencePoints="3" visitedSequencePoints="0" numBranchPoints="1" visitedBranchPoints="0" sequenceCoverage="0" branchCoverage="0" maxCyclomaticComplexity="1" minCyclomaticComplexity="1" visitedClasses="0" numClasses="0" visitedMethods="0" numMethods="1" />
              <MetadataToken>100663332</MetadataToken>
              <Name>System.Globalization.CultureInfo AMI_System_Management.Properties.Resources::get_Culture()</Name>
              <FileRef uid="9" />
              <SequencePoints>
                <SequencePoint vc="0" uspid="850" ordinal="0" offset="0" sl="62" sc="4" el="62" ec="5" bec="0" bev="0" fileid="9" />
                <SequencePoint vc="0" uspid="851" ordinal="1" offset="1" sl="63" sc="5" el="63" ec="28" bec="0" bev="0" fileid="9" />
                <SequencePoint vc="0" uspid="852" ordinal="2" offset="9" sl="64" sc="4" el="64" ec="5" bec="0" bev="0" fileid="9" />
              </SequencePoints>
              <BranchPoints />
              <MethodPoint xsi:type="SequencePoint" vc="0" uspid="850" ordinal="0" offset="0" sl="62" sc="4" el="62" ec="5" bec="0" bev="0" fileid="9" />
            </Method>
            <Method visited="false" cyclomaticComplexity="1" nPathComplexity="0" sequenceCoverage="0" branchCoverage="0" isConstructor="false" isStatic="true" isGetter="false" isSetter="true">
              <Summary numSequencePoints="3" visitedSequencePoints="0" numBranchPoints="1" visitedBranchPoints="0" sequenceCoverage="0" branchCoverage="0" maxCyclomaticComplexity="1" minCyclomaticComplexity="1" visitedClasses="0" numClasses="0" visitedMethods="0" numMethods="1" />
              <MetadataToken>100663333</MetadataToken>
              <Name>System.Void AMI_System_Management.Properties.Resources::set_Culture(System.Globalization.CultureInfo)</Name>
              <FileRef uid="9" />
              <SequencePoints>
                <SequencePoint vc="0" uspid="853" ordinal="0" offset="0" sl="66" sc="4" el="66" ec="5" bec="0" bev="0" fileid="9" />
                <SequencePoint vc="0" uspid="854" ordinal="1" offset="1" sl="67" sc="5" el="67" ec="29" bec="0" bev="0" fileid="9" />
                <SequencePoint vc="0" uspid="855" ordinal="2" offset="7" sl="68" sc="4" el="68" ec="5" bec="0" bev="0" fileid="9" />
              </SequencePoints>
              <BranchPoints />
              <MethodPoint xsi:type="SequencePoint" vc="0" uspid="853" ordinal="0" offset="0" sl="66" sc="4" el="66" ec="5" bec="0" bev="0" fileid="9" />
            </Method>
            <Method visited="false" cyclomaticComplexity="1" nPathComplexity="0" sequenceCoverage="0" branchCoverage="0" isConstructor="true" isStatic="false" isGetter="false" isSetter="false">
              <Summary numSequencePoints="3" visitedSequencePoints="0" numBranchPoints="1" visitedBranchPoints="0" sequenceCoverage="0" branchCoverage="0" maxCyclomaticComplexity="1" minCyclomaticComplexity="1" visitedClasses="0" numClasses="0" visitedMethods="0" numMethods="1" />
              <MetadataToken>100663330</MetadataToken>
              <Name>System.Void AMI_System_Management.Properties.Resources::.ctor()</Name>
              <FileRef uid="9" />
              <SequencePoints>
                <SequencePoint vc="0" uspid="856" ordinal="0" offset="0" sl="33" sc="3" el="33" ec="23" bec="0" bev="0" fileid="9" />
                <SequencePoint vc="0" uspid="857" ordinal="1" offset="7" sl="34" sc="3" el="34" ec="4" bec="0" bev="0" fileid="9" />
                <SequencePoint vc="0" uspid="858" ordinal="2" offset="8" sl="35" sc="3" el="35" ec="4" bec="0" bev="0" fileid="9" />
              </SequencePoints>
              <BranchPoints />
              <MethodPoint xsi:type="SequencePoint" vc="0" uspid="856" ordinal="0" offset="0" sl="33" sc="3" el="33" ec="23" bec="0" bev="0" fileid="9" />
            </Method>
          </Methods>
        </Class>
        <Class>
          <Summary numSequencePoints="4" visitedSequencePoints="0" numBranchPoints="2" visitedBranchPoints="0" sequenceCoverage="0" branchCoverage="0" maxCyclomaticComplexity="1" minCyclomaticComplexity="1" visitedClasses="0" numClasses="1" visitedMethods="0" numMethods="2" />
          <FullName>AMI_System_Management.Properties.Settings</FullName>
          <Methods>
            <Method visited="false" cyclomaticComplexity="1" nPathComplexity="0" sequenceCoverage="0" branchCoverage="0" isConstructor="false" isStatic="true" isGetter="true" isSetter="false">
              <Summary numSequencePoints="3" visitedSequencePoints="0" numBranchPoints="1" visitedBranchPoints="0" sequenceCoverage="0" branchCoverage="0" maxCyclomaticComplexity="1" minCyclomaticComplexity="1" visitedClasses="0" numClasses="0" visitedMethods="0" numMethods="1" />
              <MetadataToken>100663334</MetadataToken>
              <Name>AMI_System_Management.Properties.Settings AMI_System_Management.Properties.Settings::get_Default()</Name>
              <FileRef uid="10" />
              <SequencePoints>
                <SequencePoint vc="0" uspid="859" ordinal="0" offset="0" sl="25" sc="4" el="25" ec="5" bec="0" bev="0" fileid="10" />
                <SequencePoint vc="0" uspid="860" ordinal="1" offset="1" sl="26" sc="5" el="26" ec="28" bec="0" bev="0" fileid="10" />
                <SequencePoint vc="0" uspid="861" ordinal="2" offset="9" sl="27" sc="4" el="27" ec="5" bec="0" bev="0" fileid="10" />
              </SequencePoints>
              <BranchPoints />
              <MethodPoint xsi:type="SequencePoint" vc="0" uspid="859" ordinal="0" offset="0" sl="25" sc="4" el="25" ec="5" bec="0" bev="0" fileid="10" />
            </Method>
            <Method visited="false" cyclomaticComplexity="1" nPathComplexity="0" sequenceCoverage="0" branchCoverage="0" isConstructor="true" isStatic="false" isGetter="false" isSetter="false">
              <Summary numSequencePoints="0" visitedSequencePoints="0" numBranchPoints="0" visitedBranchPoints="0" sequenceCoverage="0" branchCoverage="0" maxCyclomaticComplexity="1" minCyclomaticComplexity="1" visitedClasses="0" numClasses="0" visitedMethods="0" numMethods="0" />
              <MetadataToken>100663335</MetadataToken>
              <Name>System.Void AMI_System_Management.Properties.Settings::.ctor()</Name>
              <SequencePoints />
              <BranchPoints />
              <MethodPoint vc="0" uspid="862" ordinal="0" offset="0" />
            </Method>
            <Method visited="false" cyclomaticComplexity="1" nPathComplexity="0" sequenceCoverage="0" branchCoverage="0" isConstructor="true" isStatic="true" isGetter="false" isSetter="false">
              <Summary numSequencePoints="1" visitedSequencePoints="0" numBranchPoints="1" visitedBranchPoints="0" sequenceCoverage="0" branchCoverage="0" maxCyclomaticComplexity="1" minCyclomaticComplexity="1" visitedClasses="0" numClasses="0" visitedMethods="0" numMethods="1" />
              <MetadataToken>100663336</MetadataToken>
              <Name>System.Void AMI_System_Management.Properties.Settings::.cctor()</Name>
              <FileRef uid="10" />
              <SequencePoints>
                <SequencePoint vc="0" uspid="863" ordinal="0" offset="0" sl="20" sc="3" el="20" ec="141" bec="0" bev="0" fileid="10" />
              </SequencePoints>
              <BranchPoints />
              <MethodPoint xsi:type="SequencePoint" vc="0" uspid="863" ordinal="0" offset="0" sl="20" sc="3" el="20" ec="141" bec="0" bev="0" fileid="10" />
            </Method>
          </Methods>
        </Class>
      </Classes>
    </Module>
    <Module hash="5F-A9-F9-F8-00-0A-7A-D8-CE-4D-F3-F6-54-3A-99-BA-46-93-CD-CD">
      <Summary numSequencePoints="0" visitedSequencePoints="0" numBranchPoints="0" visitedBranchPoints="0" sequenceCoverage="0" branchCoverage="0" maxCyclomaticComplexity="0" minCyclomaticComplexity="0" visitedClasses="0" numClasses="0" visitedMethods="0" numMethods="0" />
      <ModulePath>C:\Users\Serlok\source\repos\RES_AMI_pr39pr138\AMI_System_Management_Test\bin\Debug\Common.dll</ModulePath>
      <ModuleTime>2018-06-02T15:58:07.9414263Z</ModuleTime>
      <ModuleName>Common</ModuleName>
      <Files />
      <Classes>
        <Class>
          <Summary numSequencePoints="0" visitedSequencePoints="0" numBranchPoints="0" visitedBranchPoints="0" sequenceCoverage="0" branchCoverage="0" maxCyclomaticComplexity="0" minCyclomaticComplexity="0" visitedClasses="0" numClasses="0" visitedMethods="0" numMethods="0" />
          <FullName>&lt;Module&gt;</FullName>
          <Methods />
        </Class>
      </Classes>
    </Module>
    <Module skippedDueTo="Filter" hash="94-4B-52-DC-60-67-43-DD-E8-46-3D-57-D4-4D-91-10-9B-14-D0-2A">
      <ModulePath>C:\WINDOWS\Microsoft.Net\assembly\GAC_64\System.Data\v4.0_4.0.0.0__b77a5c561934e089\System.Data.dll</ModulePath>
      <ModuleTime>2018-04-11T23:35:18.3728771Z</ModuleTime>
      <ModuleName>System.Data</ModuleName>
      <Classes />
    </Module>
    <Module skippedDueTo="Filter" hash="4D-D5-53-6D-75-45-E6-7E-9A-8A-6C-4F-9B-0C-BD-1E-6F-16-49-BA">
      <ModulePath>C:\WINDOWS\Microsoft.Net\assembly\GAC_MSIL\System.Core\v4.0_4.0.0.0__b77a5c561934e089\System.Core.dll</ModulePath>
      <ModuleTime>2018-05-15T15:09:43.3781998Z</ModuleTime>
      <ModuleName>System.Core</ModuleName>
      <Classes />
    </Module>
    <Module skippedDueTo="Filter" hash="55-E6-0F-BC-FB-88-00-64-B5-26-5E-5F-B2-09-55-23-6E-AD-51-0E">
      <ModulePath>C:\WINDOWS\Microsoft.Net\assembly\GAC_64\System.Transactions\v4.0_4.0.0.0__b77a5c561934e089\System.Transactions.dll</ModulePath>
      <ModuleTime>2018-04-11T23:35:17.0602785Z</ModuleTime>
      <ModuleName>System.Transactions</ModuleName>
      <Classes />
    </Module>
    <Module skippedDueTo="Filter" hash="AC-47-9F-83-18-8E-6F-EE-68-63-E4-97-D4-21-F0-86-78-BF-89-85">
      <ModulePath>C:\WINDOWS\Microsoft.Net\assembly\GAC_64\System.EnterpriseServices\v4.0_4.0.0.0__b03f5f7f11d50a3a\System.EnterpriseServices.dll</ModulePath>
      <ModuleTime>2018-04-11T23:35:18.3416247Z</ModuleTime>
      <ModuleName>System.EnterpriseServices</ModuleName>
      <Classes />
    </Module>
    <Module skippedDueTo="Filter" hash="4D-D5-53-6D-75-45-E6-7E-9A-8A-6C-4F-9B-0C-BD-1E-6F-16-49-BA">
      <ModulePath>C:\WINDOWS\Microsoft.Net\assembly\GAC_MSIL\System.Core\v4.0_4.0.0.0__b77a5c561934e089\System.Core.dll</ModulePath>
      <ModuleTime>2018-05-15T15:09:43.3781998Z</ModuleTime>
      <ModuleName>System.Core</ModuleName>
      <Classes />
    </Module>
    <Module skippedDueTo="MissingPdb" hash="92-20-89-4C-42-53-AA-22-80-81-B3-D4-5C-C9-8F-BC-8D-C8-08-29">
      <ModulePath>C:\WINDOWS\Microsoft.Net\assembly\GAC_MSIL\PresentationFramework\v4.0_4.0.0.0__31bf3856ad364e35\PresentationFramework.dll</ModulePath>
      <ModuleTime>2018-05-15T15:09:48.707181Z</ModuleTime>
      <ModuleName>PresentationFramework</ModuleName>
      <Classes />
    </Module>
    <Module skippedDueTo="MissingPdb" hash="1D-8E-F8-93-BD-9B-2E-6C-F0-91-AE-19-42-08-CF-63-B3-98-43-1E">
      <ModulePath>C:\WINDOWS\Microsoft.Net\assembly\GAC_64\PresentationCore\v4.0_4.0.0.0__31bf3856ad364e35\PresentationCore.dll</ModulePath>
      <ModuleTime>2018-05-15T15:09:39.426538Z</ModuleTime>
      <ModuleName>PresentationCore</ModuleName>
      <Classes />
    </Module>
    <Module skippedDueTo="MissingPdb" hash="C7-B3-1F-EC-98-50-25-7A-7F-6C-D9-C9-09-89-56-DC-40-5D-26-A7">
      <ModulePath>C:\WINDOWS\Microsoft.Net\assembly\GAC_MSIL\WindowsBase\v4.0_4.0.0.0__31bf3856ad364e35\WindowsBase.dll</ModulePath>
      <ModuleTime>2018-05-15T15:09:44.1086837Z</ModuleTime>
      <ModuleName>WindowsBase</ModuleName>
      <Classes />
    </Module>
    <Module skippedDueTo="Filter" hash="E8-2E-CF-CB-86-C1-EF-BF-97-EF-5A-58-74-9E-4F-37-57-A6-CD-AA">
      <ModulePath>C:\WINDOWS\Microsoft.Net\assembly\GAC_MSIL\System.Xaml\v4.0_4.0.0.0__b77a5c561934e089\System.Xaml.dll</ModulePath>
      <ModuleTime>2018-05-15T15:09:40.9462312Z</ModuleTime>
      <ModuleName>System.Xaml</ModuleName>
      <Classes />
    </Module>
    <Module skippedDueTo="MissingPdb" hash="F0-20-14-D2-2E-BA-2F-2A-DF-7E-F8-35-78-4D-71-5A-B4-9D-4B-04">
      <ModulePath>C:\WINDOWS\Microsoft.Net\assembly\GAC_MSIL\UIAutomationTypes\v4.0_4.0.0.0__31bf3856ad364e35\UIAutomationTypes.dll</ModulePath>
      <ModuleTime>2018-05-15T15:09:33.7558329Z</ModuleTime>
      <ModuleName>UIAutomationTypes</ModuleName>
      <Classes />
    </Module>
  </Modules>
</CoverageSession>